This is pdfTeXk, Version 3.141592-1.40.3 (Web2C 7.5.6) (format=pdflatex 2009.10.31)  27 DEC 2009 21:12
entering extended mode
 %&-line parsing enabled.
**MouseDB.tex
(./MouseDB.tex
LaTeX2e <2005/12/01>
Babel <v3.8h> and hyphenation patterns for english, usenglishmax, dumylang, noh
yphenation, arabic, farsi, croatian, ukrainian, russian, bulgarian, czech, slov
ak, danish, dutch, finnish, basque, french, german, ngerman, ibycus, greek, mon
ogreek, ancientgreek, hungarian, italian, latin, mongolian, norsk, icelandic, i
nterlingua, turkish, coptic, romanian, welsh, serbian, slovenian, estonian, esp
eranto, uppersorbian, indonesian, polish, portuguese, spanish, catalan, galicia
n, swedish, ukenglish, pinyin, loaded.
(./sphinxmanual.cls
Document Class: sphinxmanual 2009/06/02 Document class (Sphinx manual)
(/usr/share/texmf-texlive/tex/latex/base/report.cls
Document Class: report 2005/09/16 v1.4f Standard LaTeX document class
(/usr/share/texmf-texlive/tex/latex/base/size10.clo
File: size10.clo 2005/09/16 v1.4f Standard LaTeX file (size option)
)
\c@part=\count79
\c@chapter=\count80
\c@section=\count81
\c@subsection=\count82
\c@subsubsection=\count83
\c@paragraph=\count84
\c@subparagraph=\count85
\c@figure=\count86
\c@table=\count87
\abovecaptionskip=\skip41
\belowcaptionskip=\skip42
\bibindent=\dimen102
))
(/usr/share/texmf-texlive/tex/latex/base/inputenc.sty
Package: inputenc 2006/05/05 v1.1b Input encoding file
\inpenc@prehook=\toks14
\inpenc@posthook=\toks15

(/usr/share/texmf-texlive/tex/latex/base/utf8.def
File: utf8.def 2006/03/30 v1.1i UTF-8 support for inputenc
Now handling font encoding OML ...
... no UTF-8 mapping file for font encoding OML
Now handling font encoding T1 ...
... processing UTF-8 mapping file for font encodingT1

(/usr/share/texmf-texlive/tex/latex/base/t1enc.dfu
File: t1enc.dfu 2006/03/30 v1.1i UTF-8 support for inputenc
   defining Unicode char U+00A1 (decimal 161)
   defining Unicode char U+00A3 (decimal 163)
   defining Unicode char U+00AB (decimal 171)
   defining Unicode char U+00BB (decimal 187)
   defining Unicode char U+00BF (decimal 191)
   defining Unicode char U+00C0 (decimal 192)
   defining Unicode char U+00C1 (decimal 193)
   defining Unicode char U+00C2 (decimal 194)
   defining Unicode char U+00C3 (decimal 195)
   defining Unicode char U+00C4 (decimal 196)
   defining Unicode char U+00C5 (decimal 197)
   defining Unicode char U+00C6 (decimal 198)
   defining Unicode char U+00C7 (decimal 199)
   defining Unicode char U+00C8 (decimal 200)
   defining Unicode char U+00C9 (decimal 201)
   defining Unicode char U+00CA (decimal 202)
   defining Unicode char U+00CB (decimal 203)
   defining Unicode char U+00CC (decimal 204)
   defining Unicode char U+00CD (decimal 205)
   defining Unicode char U+00CE (decimal 206)
   defining Unicode char U+00CF (decimal 207)
   defining Unicode char U+00D0 (decimal 208)
   defining Unicode char U+00D1 (decimal 209)
   defining Unicode char U+00D2 (decimal 210)
   defining Unicode char U+00D3 (decimal 211)
   defining Unicode char U+00D4 (decimal 212)
   defining Unicode char U+00D5 (decimal 213)
   defining Unicode char U+00D6 (decimal 214)
   defining Unicode char U+00D8 (decimal 216)
   defining Unicode char U+00D9 (decimal 217)
   defining Unicode char U+00DA (decimal 218)
   defining Unicode char U+00DB (decimal 219)
   defining Unicode char U+00DC (decimal 220)
   defining Unicode char U+00DD (decimal 221)
   defining Unicode char U+00DE (decimal 222)
   defining Unicode char U+00DF (decimal 223)
   defining Unicode char U+00E0 (decimal 224)
   defining Unicode char U+00E1 (decimal 225)
   defining Unicode char U+00E2 (decimal 226)
   defining Unicode char U+00E3 (decimal 227)
   defining Unicode char U+00E4 (decimal 228)
   defining Unicode char U+00E5 (decimal 229)
   defining Unicode char U+00E6 (decimal 230)
   defining Unicode char U+00E7 (decimal 231)
   defining Unicode char U+00E8 (decimal 232)
   defining Unicode char U+00E9 (decimal 233)
   defining Unicode char U+00EA (decimal 234)
   defining Unicode char U+00EB (decimal 235)
   defining Unicode char U+00EC (decimal 236)
   defining Unicode char U+00ED (decimal 237)
   defining Unicode char U+00EE (decimal 238)
   defining Unicode char U+00EF (decimal 239)
   defining Unicode char U+00F0 (decimal 240)
   defining Unicode char U+00F1 (decimal 241)
   defining Unicode char U+00F2 (decimal 242)
   defining Unicode char U+00F3 (decimal 243)
   defining Unicode char U+00F4 (decimal 244)
   defining Unicode char U+00F5 (decimal 245)
   defining Unicode char U+00F6 (decimal 246)
   defining Unicode char U+00F8 (decimal 248)
   defining Unicode char U+00F9 (decimal 249)
   defining Unicode char U+00FA (decimal 250)
   defining Unicode char U+00FB (decimal 251)
   defining Unicode char U+00FC (decimal 252)
   defining Unicode char U+00FD (decimal 253)
   defining Unicode char U+00FE (decimal 254)
   defining Unicode char U+00FF (decimal 255)
   defining Unicode char U+0102 (decimal 258)
   defining Unicode char U+0103 (decimal 259)
   defining Unicode char U+0104 (decimal 260)
   defining Unicode char U+0105 (decimal 261)
   defining Unicode char U+0106 (decimal 262)
   defining Unicode char U+0107 (decimal 263)
   defining Unicode char U+010C (decimal 268)
   defining Unicode char U+010D (decimal 269)
   defining Unicode char U+010E (decimal 270)
   defining Unicode char U+010F (decimal 271)
   defining Unicode char U+0110 (decimal 272)
   defining Unicode char U+0111 (decimal 273)
   defining Unicode char U+0118 (decimal 280)
   defining Unicode char U+0119 (decimal 281)
   defining Unicode char U+011A (decimal 282)
   defining Unicode char U+011B (decimal 283)
   defining Unicode char U+011E (decimal 286)
   defining Unicode char U+011F (decimal 287)
   defining Unicode char U+0130 (decimal 304)
   defining Unicode char U+0131 (decimal 305)
   defining Unicode char U+0132 (decimal 306)
   defining Unicode char U+0133 (decimal 307)
   defining Unicode char U+0139 (decimal 313)
   defining Unicode char U+013A (decimal 314)
   defining Unicode char U+013D (decimal 317)
   defining Unicode char U+013E (decimal 318)
   defining Unicode char U+0141 (decimal 321)
   defining Unicode char U+0142 (decimal 322)
   defining Unicode char U+0143 (decimal 323)
   defining Unicode char U+0144 (decimal 324)
   defining Unicode char U+0147 (decimal 327)
   defining Unicode char U+0148 (decimal 328)
   defining Unicode char U+014A (decimal 330)
   defining Unicode char U+014B (decimal 331)
   defining Unicode char U+0150 (decimal 336)
   defining Unicode char U+0151 (decimal 337)
   defining Unicode char U+0152 (decimal 338)
   defining Unicode char U+0153 (decimal 339)
   defining Unicode char U+0154 (decimal 340)
   defining Unicode char U+0155 (decimal 341)
   defining Unicode char U+0158 (decimal 344)
   defining Unicode char U+0159 (decimal 345)
   defining Unicode char U+015A (decimal 346)
   defining Unicode char U+015B (decimal 347)
   defining Unicode char U+015E (decimal 350)
   defining Unicode char U+015F (decimal 351)
   defining Unicode char U+0160 (decimal 352)
   defining Unicode char U+0161 (decimal 353)
   defining Unicode char U+0162 (decimal 354)
   defining Unicode char U+0163 (decimal 355)
   defining Unicode char U+0164 (decimal 356)
   defining Unicode char U+0165 (decimal 357)
   defining Unicode char U+016E (decimal 366)
   defining Unicode char U+016F (decimal 367)
   defining Unicode char U+0170 (decimal 368)
   defining Unicode char U+0171 (decimal 369)
   defining Unicode char U+0178 (decimal 376)
   defining Unicode char U+0179 (decimal 377)
   defining Unicode char U+017A (decimal 378)
   defining Unicode char U+017B (decimal 379)
   defining Unicode char U+017C (decimal 380)
   defining Unicode char U+017D (decimal 381)
   defining Unicode char U+017E (decimal 382)
   defining Unicode char U+200C (decimal 8204)
   defining Unicode char U+2013 (decimal 8211)
   defining Unicode char U+2014 (decimal 8212)
   defining Unicode char U+2018 (decimal 8216)
   defining Unicode char U+2019 (decimal 8217)
   defining Unicode char U+201A (decimal 8218)
   defining Unicode char U+201C (decimal 8220)
   defining Unicode char U+201D (decimal 8221)
   defining Unicode char U+201E (decimal 8222)
   defining Unicode char U+2030 (decimal 8240)
   defining Unicode char U+2031 (decimal 8241)
   defining Unicode char U+2039 (decimal 8249)
   defining Unicode char U+203A (decimal 8250)
   defining Unicode char U+2423 (decimal 9251)
)
Now handling font encoding OT1 ...
... processing UTF-8 mapping file for font encodingOT1

(/usr/share/texmf-texlive/tex/latex/base/ot1enc.dfu
File: ot1enc.dfu 2006/03/30 v1.1i UTF-8 support for inputenc
   defining Unicode char U+00A1 (decimal 161)
   defining Unicode char U+00A3 (decimal 163)
   defining Unicode char U+00B8 (decimal 184)
   defining Unicode char U+00BF (decimal 191)
   defining Unicode char U+00C5 (decimal 197)
   defining Unicode char U+00C6 (decimal 198)
   defining Unicode char U+00D8 (decimal 216)
   defining Unicode char U+00DF (decimal 223)
   defining Unicode char U+00E6 (decimal 230)
   defining Unicode char U+00EC (decimal 236)
   defining Unicode char U+00ED (decimal 237)
   defining Unicode char U+00EE (decimal 238)
   defining Unicode char U+00EF (decimal 239)
   defining Unicode char U+00F8 (decimal 248)
   defining Unicode char U+0131 (decimal 305)
   defining Unicode char U+0141 (decimal 321)
   defining Unicode char U+0142 (decimal 322)
   defining Unicode char U+0152 (decimal 338)
   defining Unicode char U+0153 (decimal 339)
   defining Unicode char U+2013 (decimal 8211)
   defining Unicode char U+2014 (decimal 8212)
   defining Unicode char U+2018 (decimal 8216)
   defining Unicode char U+2019 (decimal 8217)
   defining Unicode char U+201C (decimal 8220)
   defining Unicode char U+201D (decimal 8221)
)
Now handling font encoding OMS ...
... processing UTF-8 mapping file for font encodingOMS

(/usr/share/texmf-texlive/tex/latex/base/omsenc.dfu
File: omsenc.dfu 2006/03/30 v1.1i UTF-8 support for inputenc
   defining Unicode char U+00A7 (decimal 167)
   defining Unicode char U+00B6 (decimal 182)
   defining Unicode char U+00B7 (decimal 183)
   defining Unicode char U+2020 (decimal 8224)
   defining Unicode char U+2021 (decimal 8225)
   defining Unicode char U+2022 (decimal 8226)
)
Now handling font encoding OMX ...
... no UTF-8 mapping file for font encoding OMX
Now handling font encoding U ...
... no UTF-8 mapping file for font encoding U
   defining Unicode char U+00A9 (decimal 169)
   defining Unicode char U+00AA (decimal 170)
   defining Unicode char U+00AE (decimal 174)
   defining Unicode char U+00BA (decimal 186)
   defining Unicode char U+02C6 (decimal 710)
   defining Unicode char U+02DC (decimal 732)
   defining Unicode char U+200C (decimal 8204)
   defining Unicode char U+2026 (decimal 8230)
   defining Unicode char U+2122 (decimal 8482)
   defining Unicode char U+2423 (decimal 9251)
))
   defining Unicode char U+00A0 (decimal 160)

(/usr/share/texmf-texlive/tex/latex/base/fontenc.sty
Package: fontenc 2005/09/27 v1.99g Standard LaTeX package

(/usr/share/texmf-texlive/tex/latex/base/t1enc.def
File: t1enc.def 2005/09/27 v1.99g Standard LaTeX file
LaTeX Font Info:    Redeclaring font encoding T1 on input line 43.
))
(/usr/share/texmf-texlive/tex/generic/babel/babel.sty
Package: babel 2005/11/23 v3.8h The Babel package

(/usr/share/texmf-texlive/tex/generic/babel/english.ldf
Language: english 2005/03/30 v3.3o English support from the babel system

(/usr/share/texmf-texlive/tex/generic/babel/babel.def
File: babel.def 2005/11/23 v3.8h Babel common definitions
\babel@savecnt=\count88
\U@D=\dimen103
)
\l@british = a dialect from \language\l@english 
\l@UKenglish = a dialect from \language\l@english 
\l@canadian = a dialect from \language\l@american 
\l@australian = a dialect from \language\l@british 
\l@newzealand = a dialect from \language\l@british 
))
(/usr/share/texmf-texlive/tex/latex/psnfss/times.sty
Package: times 2005/04/12 PSNFSS-v9.2a (SPQR) 
) (./fncychap.sty
Package: fncychap 2007/07/30 v1.34 LaTeX package (Revised chapters)
\RW=\skip43
\mylen=\skip44
\myhi=\skip45
\px=\skip46
\py=\skip47
\pyy=\skip48
\pxx=\skip49
\c@AlphaCnt=\count89
\c@AlphaDecCnt=\count90
)
(/usr/share/texmf-texlive/tex/latex/tools/longtable.sty
Package: longtable 2004/02/01 v4.11 Multi-page Table package (DPC)
\LTleft=\skip50
\LTright=\skip51
\LTpre=\skip52
\LTpost=\skip53
\LTchunksize=\count91
\LTcapwidth=\dimen104
\LT@head=\box26
\LT@firsthead=\box27
\LT@foot=\box28
\LT@lastfoot=\box29
\LT@cols=\count92
\LT@rows=\count93
\c@LT@tables=\count94
\c@LT@chunks=\count95
\LT@p@ftn=\toks16
) (./sphinx.sty
Package: sphinx 2008/05/01 LaTeX package (Sphinx markup)

(/usr/share/texmf-texlive/tex/latex/base/textcomp.sty
Package: textcomp 2005/09/27 v1.99g Standard LaTeX package
Package textcomp Info: Sub-encoding information:
(textcomp)               5 = only ISO-Adobe without \textcurrency
(textcomp)               4 = 5 + \texteuro
(textcomp)               3 = 4 + \textohm
(textcomp)               2 = 3 + \textestimated + \textcurrency
(textcomp)               1 = TS1 - \textcircled - \t
(textcomp)               0 = TS1 (full)
(textcomp)             Font families with sub-encoding setting implement
(textcomp)             only a restricted character set as indicated.
(textcomp)             Family '?' is the default used for unknown fonts.
(textcomp)             See the documentation for details.
Package textcomp Info: Setting ? sub-encoding to TS1/1 on input line 71.

(/usr/share/texmf-texlive/tex/latex/base/ts1enc.def
File: ts1enc.def 2001/06/05 v3.0e (jk/car/fm) Standard LaTeX file
Now handling font encoding TS1 ...
... processing UTF-8 mapping file for font encoding TS1

(/usr/share/texmf-texlive/tex/latex/base/ts1enc.dfu
File: ts1enc.dfu 2006/03/30 v1.1i UTF-8 support for inputenc
   defining Unicode char U+00A2 (decimal 162)
   defining Unicode char U+00A3 (decimal 163)
   defining Unicode char U+00A4 (decimal 164)
   defining Unicode char U+00A5 (decimal 165)
   defining Unicode char U+00A6 (decimal 166)
   defining Unicode char U+00A7 (decimal 167)
   defining Unicode char U+00A8 (decimal 168)
   defining Unicode char U+00A9 (decimal 169)
   defining Unicode char U+00AA (decimal 170)
   defining Unicode char U+00AC (decimal 172)
   defining Unicode char U+00AE (decimal 174)
   defining Unicode char U+00AF (decimal 175)
   defining Unicode char U+00B0 (decimal 176)
   defining Unicode char U+00B1 (decimal 177)
   defining Unicode char U+00B2 (decimal 178)
   defining Unicode char U+00B3 (decimal 179)
   defining Unicode char U+00B4 (decimal 180)
   defining Unicode char U+00B5 (decimal 181)
   defining Unicode char U+00B6 (decimal 182)
   defining Unicode char U+00B7 (decimal 183)
   defining Unicode char U+00B9 (decimal 185)
   defining Unicode char U+00BA (decimal 186)
   defining Unicode char U+00BC (decimal 188)
   defining Unicode char U+00BD (decimal 189)
   defining Unicode char U+00BE (decimal 190)
   defining Unicode char U+00D7 (decimal 215)
   defining Unicode char U+00F7 (decimal 247)
   defining Unicode char U+0192 (decimal 402)
   defining Unicode char U+02C7 (decimal 711)
   defining Unicode char U+02D8 (decimal 728)
   defining Unicode char U+02DD (decimal 733)
   defining Unicode char U+0E3F (decimal 3647)
   defining Unicode char U+2016 (decimal 8214)
   defining Unicode char U+2020 (decimal 8224)
   defining Unicode char U+2021 (decimal 8225)
   defining Unicode char U+2022 (decimal 8226)
   defining Unicode char U+2030 (decimal 8240)
   defining Unicode char U+2031 (decimal 8241)
   defining Unicode char U+203B (decimal 8251)
   defining Unicode char U+203D (decimal 8253)
   defining Unicode char U+2044 (decimal 8260)
   defining Unicode char U+204E (decimal 8270)
   defining Unicode char U+2052 (decimal 8274)
   defining Unicode char U+20A1 (decimal 8353)
   defining Unicode char U+20A4 (decimal 8356)
   defining Unicode char U+20A6 (decimal 8358)
   defining Unicode char U+20A9 (decimal 8361)
   defining Unicode char U+20AB (decimal 8363)
   defining Unicode char U+20AC (decimal 8364)
   defining Unicode char U+20B1 (decimal 8369)
   defining Unicode char U+2103 (decimal 8451)
   defining Unicode char U+2116 (decimal 8470)
   defining Unicode char U+2117 (decimal 8471)
   defining Unicode char U+211E (decimal 8478)
   defining Unicode char U+2120 (decimal 8480)
   defining Unicode char U+2122 (decimal 8482)
   defining Unicode char U+2126 (decimal 8486)
   defining Unicode char U+2127 (decimal 8487)
   defining Unicode char U+212E (decimal 8494)
   defining Unicode char U+2190 (decimal 8592)
   defining Unicode char U+2191 (decimal 8593)
   defining Unicode char U+2192 (decimal 8594)
   defining Unicode char U+2193 (decimal 8595)
   defining Unicode char U+2329 (decimal 9001)
   defining Unicode char U+232A (decimal 9002)
   defining Unicode char U+2422 (decimal 9250)
   defining Unicode char U+25E6 (decimal 9702)
   defining Unicode char U+25EF (decimal 9711)
   defining Unicode char U+266A (decimal 9834)
))
LaTeX Info: Redefining \oldstylenums on input line 266.
Package textcomp Info: Setting cmr sub-encoding to TS1/0 on input line 281.
Package textcomp Info: Setting cmss sub-encoding to TS1/0 on input line 282.
Package textcomp Info: Setting cmtt sub-encoding to TS1/0 on input line 283.
Package textcomp Info: Setting cmvtt sub-encoding to TS1/0 on input line 284.
Package textcomp Info: Setting cmbr sub-encoding to TS1/0 on input line 285.
Package textcomp Info: Setting cmtl sub-encoding to TS1/0 on input line 286.
Package textcomp Info: Setting ccr sub-encoding to TS1/0 on input line 287.
Package textcomp Info: Setting ptm sub-encoding to TS1/4 on input line 288.
Package textcomp Info: Setting pcr sub-encoding to TS1/4 on input line 289.
Package textcomp Info: Setting phv sub-encoding to TS1/4 on input line 290.
Package textcomp Info: Setting ppl sub-encoding to TS1/3 on input line 291.
Package textcomp Info: Setting pag sub-encoding to TS1/4 on input line 292.
Package textcomp Info: Setting pbk sub-encoding to TS1/4 on input line 293.
Package textcomp Info: Setting pnc sub-encoding to TS1/4 on input line 294.
Package textcomp Info: Setting pzc sub-encoding to TS1/4 on input line 295.
Package textcomp Info: Setting bch sub-encoding to TS1/4 on input line 296.
Package textcomp Info: Setting put sub-encoding to TS1/5 on input line 297.
Package textcomp Info: Setting uag sub-encoding to TS1/5 on input line 298.
Package textcomp Info: Setting ugq sub-encoding to TS1/5 on input line 299.
Package textcomp Info: Setting ul8 sub-encoding to TS1/4 on input line 300.
Package textcomp Info: Setting ul9 sub-encoding to TS1/4 on input line 301.
Package textcomp Info: Setting augie sub-encoding to TS1/5 on input line 302.
Package textcomp Info: Setting dayrom sub-encoding to TS1/3 on input line 303.
Package textcomp Info: Setting dayroms sub-encoding to TS1/3 on input line 304.

Package textcomp Info: Setting pxr sub-encoding to TS1/0 on input line 305.
Package textcomp Info: Setting pxss sub-encoding to TS1/0 on input line 306.
Package textcomp Info: Setting pxtt sub-encoding to TS1/0 on input line 307.
Package textcomp Info: Setting txr sub-encoding to TS1/0 on input line 308.
Package textcomp Info: Setting txss sub-encoding to TS1/0 on input line 309.
Package textcomp Info: Setting txtt sub-encoding to TS1/0 on input line 310.
Package textcomp Info: Setting futs sub-encoding to TS1/4 on input line 311.
Package textcomp Info: Setting futx sub-encoding to TS1/4 on input line 312.
Package textcomp Info: Setting futj sub-encoding to TS1/4 on input line 313.
Package textcomp Info: Setting hlh sub-encoding to TS1/3 on input line 314.
Package textcomp Info: Setting hls sub-encoding to TS1/3 on input line 315.
Package textcomp Info: Setting hlst sub-encoding to TS1/3 on input line 316.
Package textcomp Info: Setting hlct sub-encoding to TS1/5 on input line 317.
Package textcomp Info: Setting hlx sub-encoding to TS1/5 on input line 318.
Package textcomp Info: Setting hlce sub-encoding to TS1/5 on input line 319.
Package textcomp Info: Setting hlcn sub-encoding to TS1/5 on input line 320.
Package textcomp Info: Setting hlcw sub-encoding to TS1/5 on input line 321.
Package textcomp Info: Setting hlcf sub-encoding to TS1/5 on input line 322.
Package textcomp Info: Setting pplx sub-encoding to TS1/3 on input line 323.
Package textcomp Info: Setting pplj sub-encoding to TS1/3 on input line 324.
Package textcomp Info: Setting ptmx sub-encoding to TS1/4 on input line 325.
Package textcomp Info: Setting ptmj sub-encoding to TS1/4 on input line 326.
)
(/usr/share/texmf-texlive/tex/latex/fancyhdr/fancyhdr.sty
\fancy@headwidth=\skip54
\f@ncyO@elh=\skip55
\f@ncyO@erh=\skip56
\f@ncyO@olh=\skip57
\f@ncyO@orh=\skip58
\f@ncyO@elf=\skip59
\f@ncyO@erf=\skip60
\f@ncyO@olf=\skip61
\f@ncyO@orf=\skip62
)
(/usr/share/texmf-texlive/tex/latex/fancybox/fancybox.sty
Package: fancybox 2000/09/19 1.3

Style option: `fancybox' v1.3 <2000/09/19> (tvz)
\@fancybox=\box30
\shadowsize=\dimen105
\@Sbox=\box31
\do@VerbBox=\toks17
\the@fancyput=\toks18
\this@fancyput=\toks19
\EndVerbatimTokens=\toks20
\Verbatim@Outfile=\write3
\Verbatim@Infile=\read1
) (/usr/share/texmf-texlive/tex/latex/titlesec/titlesec.sty
Package: titlesec 2005/01/22 v2.6 Sectioning titles
\ttl@box=\box32
\beforetitleunit=\skip63
\aftertitleunit=\skip64
\ttl@plus=\dimen106
\ttl@minus=\dimen107
\titlewidth=\dimen108
\titlewidthlast=\dimen109
\titlewidthfirst=\dimen110
) (./tabulary.sty
Package: tabulary 2007/10/02 v0.9 tabulary package (DPC)

(/usr/share/texmf-texlive/tex/latex/tools/array.sty
Package: array 2005/08/23 v2.4b Tabular extension package (FMi)
\col@sep=\dimen111
\extrarowheight=\dimen112
\NC@list=\toks21
\extratabsurround=\skip65
\backup@length=\skip66
)
\TY@count=\count96
\TY@linewidth=\dimen113
\tymin=\dimen114
\tymax=\dimen115
\TY@tablewidth=\dimen116
)
(/usr/share/texmf-texlive/tex/latex/amsmath/amsmath.sty
Package: amsmath 2000/07/18 v2.13 AMS math features
\@mathmargin=\skip67

For additional information on amsmath, use the `?' option.
(/usr/share/texmf-texlive/tex/latex/amsmath/amstext.sty
Package: amstext 2000/06/29 v2.01

(/usr/share/texmf-texlive/tex/latex/amsmath/amsgen.sty
File: amsgen.sty 1999/11/30 v2.0
\@emptytoks=\toks22
\ex@=\dimen117
))
(/usr/share/texmf-texlive/tex/latex/amsmath/amsbsy.sty
Package: amsbsy 1999/11/29 v1.2d
\pmbraise@=\dimen118
)
(/usr/share/texmf-texlive/tex/latex/amsmath/amsopn.sty
Package: amsopn 1999/12/14 v2.01 operator names
)
\inf@bad=\count97
LaTeX Info: Redefining \frac on input line 211.
\uproot@=\count98
\leftroot@=\count99
LaTeX Info: Redefining \overline on input line 307.
\classnum@=\count100
\DOTSCASE@=\count101
LaTeX Info: Redefining \ldots on input line 379.
LaTeX Info: Redefining \dots on input line 382.
LaTeX Info: Redefining \cdots on input line 467.
\Mathstrutbox@=\box33
\strutbox@=\box34
\big@size=\dimen119
LaTeX Font Info:    Redeclaring font encoding OML on input line 567.
LaTeX Font Info:    Redeclaring font encoding OMS on input line 568.
\macc@depth=\count102
\c@MaxMatrixCols=\count103
\dotsspace@=\muskip10
\c@parentequation=\count104
\dspbrk@lvl=\count105
\tag@help=\toks23
\row@=\count106
\column@=\count107
\maxfields@=\count108
\andhelp@=\toks24
\eqnshift@=\dimen120
\alignsep@=\dimen121
\tagshift@=\dimen122
\tagwidth@=\dimen123
\totwidth@=\dimen124
\lineht@=\dimen125
\@envbody=\toks25
\multlinegap=\skip68
\multlinetaggap=\skip69
\mathdisplay@stack=\toks26
LaTeX Info: Redefining \[ on input line 2666.
LaTeX Info: Redefining \] on input line 2667.
)
(/usr/share/texmf-texlive/tex/latex/base/makeidx.sty
Package: makeidx 2000/03/29 v1.0m Standard LaTeX package
)
(/usr/share/texmf-texlive/tex/latex/ltxmisc/framed.sty
Package: framed 2003/07/21 v 0.8a: framed or shaded text with page breaks
\FrameRule=\dimen126
\FrameSep=\dimen127
)
(/usr/share/texmf-texlive/tex/latex/graphics/color.sty
Package: color 2005/11/14 v1.0j Standard LaTeX Color (DPC)

(/etc/texmf/tex/latex/config/color.cfg
File: color.cfg 2007/01/18 v1.5 color configuration of teTeX/TeXLive
)
Package color Info: Driver file: pdftex.def on input line 130.

(/usr/share/texmf-texlive/tex/latex/pdftex-def/pdftex.def
File: pdftex.def 2007/01/08 v0.04d Graphics/color for pdfTeX
\Gread@gobject=\count109
))
(/usr/share/texmf-texlive/tex/latex/fancyvrb/fancyvrb.sty
Package: fancyvrb 1998/07/17

Style option: `fancyvrb' v2.6, with DG/SPQR fixes <1998/07/17> (tvz)
(/usr/share/texmf-texlive/tex/latex/graphics/keyval.sty
Package: keyval 1999/03/16 v1.13 key=value parser (DPC)
\KV@toks@=\toks27
)
\FV@CodeLineNo=\count110
\FV@InFile=\read2
\FV@TabBox=\box35
\c@FancyVerbLine=\count111
\FV@StepNumber=\count112
\FV@OutFile=\write4

No file fancyvrb.cfg.
) (/usr/share/texmf-texlive/tex/latex/ltxmisc/threeparttable.sty
Package: threeparttable 2003/06/13  v 3.0
\@tempboxb=\box36
)
(/usr/share/texmf-texlive/tex/latex/mdwtools/footnote.sty
Package: footnote 1997/01/28 1.13 Save footnotes around boxes
\fn@notes=\box37
\fn@width=\dimen128
)
(/usr/share/texmf-texlive/tex/latex/wrapfig/wrapfig.sty
\wrapoverhang=\dimen129
\WF@size=\dimen130
\c@WF@wrappedlines=\count113
\WF@box=\box38
\WF@everypar=\toks28
Package: wrapfig 2003/01/31  v 3.6
)
(/usr/share/texmf-texlive/tex/latex/ltxmisc/parskip.sty
Package: parskip 2001/04/09 non-zero parskip adjustments
)
(/usr/share/texmf-texlive/tex/latex/graphics/graphicx.sty
Package: graphicx 1999/02/16 v1.0f Enhanced LaTeX Graphics (DPC,SPQR)

(/usr/share/texmf-texlive/tex/latex/graphics/graphics.sty
Package: graphics 2006/02/20 v1.0o Standard LaTeX Graphics (DPC,SPQR)

(/usr/share/texmf-texlive/tex/latex/graphics/trig.sty
Package: trig 1999/03/16 v1.09 sin cos tan (DPC)
)
(/etc/texmf/tex/latex/config/graphics.cfg
File: graphics.cfg 2007/01/18 v1.5 graphics configuration of teTeX/TeXLive
)
Package graphics Info: Driver file: pdftex.def on input line 90.
)
\Gin@req@height=\dimen131
\Gin@req@width=\dimen132
)
(/usr/share/texmf-texlive/tex/plain/misc/pdfcolor.tex)
\distancetoright=\skip70
\leftsidespace=\skip71
\py@argswidth=\skip72
\py@noticelength=\skip73
\lineblockindentation=\skip74
\image@box=\box39
\image@width=\dimen133

(/usr/share/texmf-texlive/tex/latex/hyperref/hyperref.sty
Package: hyperref 2007/02/07 v6.75r Hypertext links for LaTeX
\@linkdim=\dimen134
\Hy@linkcounter=\count114
\Hy@pagecounter=\count115

(/usr/share/texmf-texlive/tex/latex/hyperref/pd1enc.def
File: pd1enc.def 2007/02/07 v6.75r Hyperref: PDFDocEncoding definition (HO)
Now handling font encoding PD1 ...
... no UTF-8 mapping file for font encoding PD1
)
(/etc/texmf/tex/latex/config/hyperref.cfg
File: hyperref.cfg 2002/06/06 v1.2 hyperref configuration of TeXLive
)
(/usr/share/texmf-texlive/tex/latex/oberdiek/kvoptions.sty
Package: kvoptions 2006/08/22 v2.4 Connects package keyval with LaTeX options (
HO)
)
Package hyperref Info: Option `colorlinks' set `true' on input line 2238.
Package hyperref Info: Option `breaklinks' set `true' on input line 2238.
Package hyperref Info: Hyper figures OFF on input line 2288.
Package hyperref Info: Link nesting OFF on input line 2293.
Package hyperref Info: Hyper index ON on input line 2296.
Package hyperref Info: Plain pages OFF on input line 2303.
Package hyperref Info: Backreferencing OFF on input line 2308.

Implicit mode ON; LaTeX internals redefined
Package hyperref Info: Bookmarks ON on input line 2444.
(/usr/share/texmf-texlive/tex/latex/ltxmisc/url.sty
\Urlmuskip=\muskip11
Package: url 2005/06/27  ver 3.2  Verb mode for urls, etc.
)
LaTeX Info: Redefining \url on input line 2599.
\Fld@menulength=\count116
\Field@Width=\dimen135
\Fld@charsize=\dimen136
\Choice@toks=\toks29
\Field@toks=\toks30
Package hyperref Info: Hyper figures OFF on input line 3102.
Package hyperref Info: Link nesting OFF on input line 3107.
Package hyperref Info: Hyper index ON on input line 3110.
Package hyperref Info: backreferencing OFF on input line 3117.
Package hyperref Info: Link coloring ON on input line 3120.
\Hy@abspage=\count117
\c@Item=\count118
\c@Hfootnote=\count119
)
*hyperref using default driver hpdftex*
(/usr/share/texmf-texlive/tex/latex/hyperref/hpdftex.def
File: hpdftex.def 2007/02/07 v6.75r Hyperref driver for pdfTeX
\Fld@listcount=\count120
))
\@indexfile=\write5
\openout5 = `MouseDB.idx'.


Writing index file MouseDB.idx
\modindexfile=\write6
(./MouseDB.aux)
\openout1 = `MouseDB.aux'.

LaTeX Font Info:    Checking defaults for OML/cmm/m/it on input line 100.
LaTeX Font Info:    ... okay on input line 100.
LaTeX Font Info:    Checking defaults for T1/cmr/m/n on input line 100.
LaTeX Font Info:    ... okay on input line 100.
LaTeX Font Info:    Checking defaults for OT1/cmr/m/n on input line 100.
LaTeX Font Info:    ... okay on input line 100.
LaTeX Font Info:    Checking defaults for OMS/cmsy/m/n on input line 100.
LaTeX Font Info:    ... okay on input line 100.
LaTeX Font Info:    Checking defaults for OMX/cmex/m/n on input line 100.
LaTeX Font Info:    ... okay on input line 100.
LaTeX Font Info:    Checking defaults for U/cmr/m/n on input line 100.
LaTeX Font Info:    ... okay on input line 100.
LaTeX Font Info:    Checking defaults for TS1/cmr/m/n on input line 100.
LaTeX Font Info:    Try loading font information for TS1+cmr on input line 100.

 (/usr/share/texmf-texlive/tex/latex/base/ts1cmr.fd
File: ts1cmr.fd 1999/05/25 v2.5h Standard LaTeX font definitions
)
LaTeX Font Info:    ... okay on input line 100.
LaTeX Font Info:    Checking defaults for PD1/pdf/m/n on input line 100.
LaTeX Font Info:    ... okay on input line 100.
LaTeX Font Info:    Try loading font information for T1+ptm on input line 100.

(/usr/share/texmf-texlive/tex/latex/psnfss/t1ptm.fd
File: t1ptm.fd 2001/06/04 font definitions for T1/ptm.
)
(/usr/share/texmf/tex/context/base/supp-pdf.tex
[Loading MPS to PDF converter (version 2006.09.02).]
\scratchcounter=\count121
\scratchdimen=\dimen137
\scratchbox=\box40
\nofMPsegments=\count122
\nofMParguments=\count123
\everyMPshowfont=\toks31
\MPscratchCnt=\count124
\MPscratchDim=\dimen138
\MPnumerator=\count125
\everyMPtoPDFconversion=\toks32
)
Package hyperref Info: Link coloring ON on input line 100.
 (/usr/share/texmf-texlive/tex/latex/hyperref/nameref.sty
Package: nameref 2006/12/27 v2.28 Cross-referencing by name of section

(/usr/share/texmf-texlive/tex/latex/oberdiek/refcount.sty
Package: refcount 2006/02/20 v3.0 Data extraction from references (HO)
)
\c@section@level=\count126
)
LaTeX Info: Redefining \ref on input line 100.
LaTeX Info: Redefining \pageref on input line 100.
 (./MouseDB.out)
(./MouseDB.out)
\@outlinefile=\write7
\openout7 = `MouseDB.out'.

LaTeX Font Info:    Try loading font information for T1+phv on input line 103.
 (/usr/share/texmf-texlive/tex/latex/psnfss/t1phv.fd
File: t1phv.fd 2001/06/04 scalable font definitions for T1/phv.
)
LaTeX Font Info:    Font shape `T1/phv/bx/n' in size <24.88> not available
(Font)              Font shape `T1/phv/b/n' tried instead on input line 103.
LaTeX Font Info:    Font shape `T1/phv/m/it' in size <17.28> not available
(Font)              Font shape `T1/phv/m/sl' tried instead on input line 103.
LaTeX Font Info:    Font shape `T1/phv/bx/it' in size <17.28> not available
(Font)              Font shape `T1/phv/b/it' tried instead on input line 103.
LaTeX Font Info:    Font shape `T1/phv/b/it' in size <17.28> not available
(Font)              Font shape `T1/phv/b/sl' tried instead on input line 103.
LaTeX Font Info:    Font shape `T1/phv/bx/n' in size <17.28> not available
(Font)              Font shape `T1/phv/b/n' tried instead on input line 103.
 [1

\openout6 = `modMouseDB.idx'.

{/var/lib/texmf/fonts/map/pdftex/updmap/pdftex.map}] [2

] (./MouseDB.toc
LaTeX Font Info:    Font shape `T1/ptm/bx/n' in size <10> not available
(Font)              Font shape `T1/ptm/b/n' tried instead on input line 2.
)
\tf@toc=\write8
\openout8 = `MouseDB.toc'.


Adding blank page after the table of contents.
pdfTeX warning (ext4): destination with the same identifier (name{page.i}) has 
been already used, duplicate ignored
<to be read again> 
                   \relax 
l.103 \tableofcontents
                      
LaTeX Font Info:    Font shape `T1/phv/bx/n' in size <10> not available
(Font)              Font shape `T1/phv/b/n' tried instead on input line 103.
 [1

]pdfTeX warning (ext4): destination with the same identifier (name{page.ii}) ha
s been already used, duplicate ignored
<to be read again> 
                   \relax 
l.103 \tableofcontents
                       [2] [1

] [2

]
Chapter 1.
LaTeX Font Info:    Font shape `T1/phv/bx/n' in size <14.4> not available
(Font)              Font shape `T1/phv/b/n' tried instead on input line 112.
LaTeX Font Info:    Font shape `T1/phv/bx/n' in size <12> not available
(Font)              Font shape `T1/phv/b/n' tried instead on input line 122.
[3] [4]
Chapter 2.

Underfull \hbox (badness 7168) in paragraph at lines 181--182
[]\T1/ptm/b/n/10 Python\T1/ptm/m/n/10 . Re-quires Ver-sion 2.6, is not yet com-
pat-i-ble with Python 3.0. Down-load from
 []

LaTeX Font Info:    Try loading font information for TS1+ptm on input line 202.

(/usr/share/texmf-texlive/tex/latex/psnfss/ts1ptm.fd
File: ts1ptm.fd 2001/06/04 font definitions for TS1/ptm.
) [5

]
LaTeX Font Info:    Try loading font information for T1+pcr on input line 229.

(/usr/share/texmf-texlive/tex/latex/psnfss/t1pcr.fd
File: t1pcr.fd 2001/06/04 font definitions for T1/pcr.
) [6]
Chapter 3.
[7

] [8]
Chapter 4.
[9

] [10

]
Chapter 5.
[11] [12

]
Chapter 6.
LaTeX Font Info:    Font shape `T1/pcr/bx/n' in size <10> not available
(Font)              Font shape `T1/pcr/b/n' tried instead on input line 451.
[13] [14] [15] [16] [17] [18] [19] [20] [21]
Underfull \hbox (badness 10000) in paragraph at lines 1345--1345
[]\T1/ptm/m/it/10 data=None, files=None, auto_id='id_%s', pre-fix=None, ini-tia
l=None,
 []


Underfull \hbox (badness 10000) in paragraph at lines 1345--1345
\T1/ptm/m/it/10 er-ror_class=<class 'django.forms.util.ErrorList'>, la-bel_suff
ix=':',
 []

[22]
Underfull \hbox (badness 10000) in paragraph at lines 1458--1458
[]\T1/ptm/m/it/10 data=None, files=None, auto_id='id_%s', pre-fix=None, ini-tia
l=None,
 []


Underfull \hbox (badness 10000) in paragraph at lines 1458--1458
\T1/ptm/m/it/10 er-ror_class=<class 'django.forms.util.ErrorList'>, la-bel_suff
ix=':',
 []

[23]
Underfull \hbox (badness 10000) in paragraph at lines 1571--1571
[]\T1/ptm/m/it/10 data=None, files=None, auto_id='id_%s', pre-fix=None, ini-tia
l=None,
 []


Underfull \hbox (badness 10000) in paragraph at lines 1571--1571
\T1/ptm/m/it/10 er-ror_class=<class 'django.forms.util.ErrorList'>, la-bel_suff
ix=':',
 []

[24] [25] [26] [27] [28] [29] [30] [31] [32] [33] [34] [35] [36] [37] [38]
[39] [40] [41] [42] [43] [44] [45] [46] [47] [48] [49] [50] [51] [52] [53]
Underfull \hbox (badness 10000) in paragraph at lines 4691--4691
[]\T1/ptm/m/it/10 data=None, files=None, auto_id='id_%s', pre-fix=None, ini-tia
l=None,
 []


Underfull \hbox (badness 10000) in paragraph at lines 4691--4691
\T1/ptm/m/it/10 er-ror_class=<class 'django.forms.util.ErrorList'>, la-bel_suff
ix=':',
 []

[54] [55] [56] [57] [58] [59] [60] [61] [62] [63] [64] [65] [66]
Chapter 7.
(./modMouseDB.ind [67

] [68

] [69


]) (./MouseDB.ind [70


]
Underfull \hbox (badness 10000) in paragraph at lines 5--6
[]\T1/ptm/m/n/10 action_checkbox() (an-i-mal.admin.AnimalAdmin
 []


Underfull \hbox (badness 10000) in paragraph at lines 6--7
[]\T1/ptm/m/n/10 action_checkbox() (an-i-mal.admin.BreedingAdmin
 []


Underfull \hbox (badness 10000) in paragraph at lines 11--12
[]\T1/ptm/m/n/10 action_checkbox() (data.admin.EnvironmentAdmin
 []


Underfull \hbox (badness 10000) in paragraph at lines 12--13
[]\T1/ptm/m/n/10 action_checkbox() (data.admin.ExperimentAdmin
 []


Underfull \hbox (badness 10000) in paragraph at lines 13--14
[]\T1/ptm/m/n/10 action_checkbox() (data.admin.ImplantationAdmin
 []


Underfull \hbox (badness 10000) in paragraph at lines 14--15
[]\T1/ptm/m/n/10 action_checkbox() (data.admin.MeasurementAdmin
 []


Underfull \hbox (badness 10000) in paragraph at lines 15--16
[]\T1/ptm/m/n/10 action_checkbox() (data.admin.PharmaceuticalAdmin
 []


Underfull \hbox (badness 10000) in paragraph at lines 16--17
[]\T1/ptm/m/n/10 action_checkbox() (data.admin.ResearcherAdmin
 []


Underfull \hbox (badness 10000) in paragraph at lines 18--19
[]\T1/ptm/m/n/10 action_checkbox() (data.admin.TransplantationAdmin
 []


Underfull \hbox (badness 10000) in paragraph at lines 19--20
[]\T1/ptm/m/n/10 action_checkbox() (data.admin.TreatmentAdmin
 []


Underfull \hbox (badness 10000) in paragraph at lines 31--32
[]\T1/ptm/m/n/10 action_form (data.admin.PharmaceuticalAdmin at-
 []


Underfull \hbox (badness 10000) in paragraph at lines 34--35
[]\T1/ptm/m/n/10 action_form (data.admin.TransplantationAdmin at-
 []


Underfull \hbox (badness 10000) in paragraph at lines 37--38
[]\T1/ptm/m/n/10 add_initial_prefix() (an-i-mal.forms.AnimalChangeForm
 []


Underfull \hbox (badness 10000) in paragraph at lines 39--40
[]\T1/ptm/m/n/10 add_initial_prefix() (data.forms.ExperimentForm
 []


Underfull \hbox (badness 10000) in paragraph at lines 40--41
[]\T1/ptm/m/n/10 add_initial_prefix() (data.forms.MeasurementForm
 []


Underfull \hbox (badness 10000) in paragraph at lines 41--42
[]\T1/ptm/m/n/10 add_initial_prefix() (data.forms.StudyExperimentForm
 []


Underfull \hbox (badness 10000) in paragraph at lines 44--45
[]\T1/ptm/m/n/10 add_prefix() (an-i-mal.forms.AnimalChangeForm
 []

[71

]
Underfull \hbox (badness 10000) in paragraph at lines 85--86
[]\T1/ptm/m/n/10 args (data.models.Assay.MultipleObjectsReturned
 []


Underfull \hbox (badness 10000) in paragraph at lines 87--88
[]\T1/ptm/m/n/10 args (data.models.Diet.MultipleObjectsReturned at-
 []


Underfull \hbox (badness 7047) in paragraph at lines 91--92
[]\T1/ptm/m/n/10 args (data.models.Experiment.MultipleObjectsReturned
 []


Overfull \hbox (0.9696pt too wide) in paragraph at lines 95--96
[]\T1/ptm/m/n/10 args (data.models.Measurement.MultipleObjectsReturned
 []


Underfull \hbox (badness 10000) in paragraph at lines 96--97
[]\T1/ptm/m/n/10 args (data.models.Pharmaceutical.DoesNotExist at-
 []


Overfull \hbox (8.18942pt too wide) in paragraph at lines 97--98
[]\T1/ptm/m/n/10 args (data.models.Pharmaceutical.MultipleObjectsReturned
 []


Underfull \hbox (badness 10000) in paragraph at lines 99--100
[]\T1/ptm/m/n/10 args (data.models.Researcher.MultipleObjectsReturned
 []


Underfull \hbox (badness 10000) in paragraph at lines 101--102
[]\T1/ptm/m/n/10 args (data.models.Study.MultipleObjectsReturned at-
 []


Underfull \hbox (badness 10000) in paragraph at lines 102--103
[]\T1/ptm/m/n/10 args (data.models.Transplantation.DoesNotExist at-
 []


Overfull \hbox (8.95955pt too wide) in paragraph at lines 103--104
[]\T1/ptm/m/n/10 args (data.models.Transplantation.MultipleObjectsReturned
 []


Underfull \hbox (badness 5592) in paragraph at lines 107--108
[]\T1/ptm/m/n/10 args (data.models.Vendor.MultipleObjectsReturned at-
 []

[72]
Underfull \hbox (badness 10000) in paragraph at lines 153--154
[]\T1/ptm/m/n/10 change_view() (data.admin.MeasurementAdmin
 []


Underfull \hbox (badness 10000) in paragraph at lines 154--155
[]\T1/ptm/m/n/10 change_view() (data.admin.PharmaceuticalAdmin
 []


Underfull \hbox (badness 10000) in paragraph at lines 157--158
[]\T1/ptm/m/n/10 change_view() (data.admin.TransplantationAdmin
 []


Underfull \hbox (badness 10000) in paragraph at lines 160--161
[]\T1/ptm/m/n/10 changed_data (an-i-mal.forms.AnimalChangeForm at-
 []


Underfull \hbox (badness 10000) in paragraph at lines 164--165
[]\T1/ptm/m/n/10 changed_data (data.forms.StudyExperimentForm at-
 []


Underfull \hbox (badness 10000) in paragraph at lines 167--168
[]\T1/ptm/m/n/10 changelist_view() (an-i-mal.admin.BreedingAdmin
 []


Underfull \hbox (badness 10000) in paragraph at lines 172--173
[]\T1/ptm/m/n/10 changelist_view() (data.admin.EnvironmentAdmin
 []


Underfull \hbox (badness 10000) in paragraph at lines 173--174
[]\T1/ptm/m/n/10 changelist_view() (data.admin.ExperimentAdmin
 []


Underfull \hbox (badness 10000) in paragraph at lines 174--175
[]\T1/ptm/m/n/10 changelist_view() (data.admin.ImplantationAdmin
 []


Underfull \hbox (badness 10000) in paragraph at lines 175--176
[]\T1/ptm/m/n/10 changelist_view() (data.admin.MeasurementAdmin
 []


Underfull \hbox (badness 10000) in paragraph at lines 176--177
[]\T1/ptm/m/n/10 changelist_view() (data.admin.PharmaceuticalAdmin
 []


Underfull \hbox (badness 10000) in paragraph at lines 177--178
[]\T1/ptm/m/n/10 changelist_view() (data.admin.ResearcherAdmin
 []


Underfull \hbox (badness 10000) in paragraph at lines 179--180
[]\T1/ptm/m/n/10 changelist_view() (data.admin.TransplantationAdmin
 []


Underfull \hbox (badness 10000) in paragraph at lines 188--189
[]\T1/ptm/m/n/10 construct_change_message() (an-i-
 []


Underfull \hbox (badness 10000) in paragraph at lines 189--190
[]\T1/ptm/m/n/10 construct_change_message() (an-i-
 []


Underfull \hbox (badness 10000) in paragraph at lines 192--193
[]\T1/ptm/m/n/10 construct_change_message() (data.admin.AssayAdmin
 []


Underfull \hbox (badness 10000) in paragraph at lines 193--194
[]\T1/ptm/m/n/10 construct_change_message() (data.admin.DietAdmin
 []


Underfull \hbox (badness 10000) in paragraph at lines 194--195
[]\T1/ptm/m/n/10 construct_change_message()
 []


Underfull \hbox (badness 10000) in paragraph at lines 194--195
\T1/ptm/m/n/10 (data.admin.EnvironmentAdmin method),
 []


Underfull \hbox (badness 10000) in paragraph at lines 195--196
[]\T1/ptm/m/n/10 construct_change_message()
 []


Underfull \hbox (badness 10000) in paragraph at lines 195--196
\T1/ptm/m/n/10 (data.admin.ExperimentAdmin method),
 []


Underfull \hbox (badness 10000) in paragraph at lines 196--197
[]\T1/ptm/m/n/10 construct_change_message()
 []


Underfull \hbox (badness 10000) in paragraph at lines 196--197
\T1/ptm/m/n/10 (data.admin.ImplantationAdmin method),
 []


Underfull \hbox (badness 10000) in paragraph at lines 197--198
[]\T1/ptm/m/n/10 construct_change_message()
 []


Underfull \hbox (badness 10000) in paragraph at lines 197--198
\T1/ptm/m/n/10 (data.admin.MeasurementAdmin method),
 []


Underfull \hbox (badness 10000) in paragraph at lines 198--199
[]\T1/ptm/m/n/10 construct_change_message()
 []


Underfull \hbox (badness 10000) in paragraph at lines 199--200
[]\T1/ptm/m/n/10 construct_change_message()
 []


Underfull \hbox (badness 10000) in paragraph at lines 199--200
\T1/ptm/m/n/10 (data.admin.ResearcherAdmin method),
 []


Underfull \hbox (badness 10000) in paragraph at lines 200--201
[]\T1/ptm/m/n/10 construct_change_message() (data.admin.StudyAdmin
 []


Underfull \hbox (badness 10000) in paragraph at lines 201--202
[]\T1/ptm/m/n/10 construct_change_message()
 []


Underfull \hbox (badness 10000) in paragraph at lines 201--202
\T1/ptm/m/n/10 (data.admin.TransplantationAdmin method),
 []


Underfull \hbox (badness 10000) in paragraph at lines 202--203
[]\T1/ptm/m/n/10 construct_change_message()
 []

[73]
Underfull \hbox (badness 10000) in paragraph at lines 215--216
[]\T1/ptm/m/n/10 date_error_message() (an-i-mal.forms.AnimalForm
 []


Underfull \hbox (badness 10000) in paragraph at lines 216--217
[]\T1/ptm/m/n/10 date_error_message() (data.forms.ExperimentForm
 []


Underfull \hbox (badness 10000) in paragraph at lines 217--218
[]\T1/ptm/m/n/10 date_error_message() (data.forms.MeasurementForm
 []


Underfull \hbox (badness 10000) in paragraph at lines 220--221
[]\T1/ptm/m/n/10 declared_fieldsets (an-i-mal.admin.AnimalAdmin at-
 []


Underfull \hbox (badness 10000) in paragraph at lines 222--223
[]\T1/ptm/m/n/10 declared_fieldsets (an-i-mal.admin.BreedingAdmin at-
 []


Underfull \hbox (badness 10000) in paragraph at lines 227--228
[]\T1/ptm/m/n/10 declared_fieldsets (data.admin.EnvironmentAdmin
 []


Underfull \hbox (badness 10000) in paragraph at lines 228--229
[]\T1/ptm/m/n/10 declared_fieldsets (data.admin.ExperimentAdmin at-
 []


Underfull \hbox (badness 10000) in paragraph at lines 229--230
[]\T1/ptm/m/n/10 declared_fieldsets (data.admin.ImplantationAdmin
 []


Underfull \hbox (badness 10000) in paragraph at lines 231--232
[]\T1/ptm/m/n/10 declared_fieldsets (data.admin.MeasurementInline
 []


Underfull \hbox (badness 10000) in paragraph at lines 233--234
[]\T1/ptm/m/n/10 declared_fieldsets (data.admin.ResearcherAdmin at-
 []


Underfull \hbox (badness 10000) in paragraph at lines 236--237
[]\T1/ptm/m/n/10 declared_fieldsets (data.admin.TreatmentAdmin at-
 []


Underfull \hbox (badness 10000) in paragraph at lines 261--262
[]\T1/ptm/m/n/10 delete_view() (data.admin.PharmaceuticalAdmin
 []


Underfull \hbox (badness 10000) in paragraph at lines 264--265
[]\T1/ptm/m/n/10 delete_view() (data.admin.TransplantationAdmin
 []

[74]
Underfull \hbox (badness 10000) in paragraph at lines 323--324
[]\T1/ptm/m/n/10 formfield_for_choice_field() (an-i-
 []


Underfull \hbox (badness 10000) in paragraph at lines 324--325
[]\T1/ptm/m/n/10 formfield_for_choice_field() (an-i-
 []


Underfull \hbox (badness 10000) in paragraph at lines 325--326
[]\T1/ptm/m/n/10 formfield_for_choice_field() (an-i-
 []


Underfull \hbox (badness 10000) in paragraph at lines 328--329
[]\T1/ptm/m/n/10 formfield_for_choice_field() (data.admin.AssayAdmin
 []


Underfull \hbox (badness 10000) in paragraph at lines 329--330
[]\T1/ptm/m/n/10 formfield_for_choice_field() (data.admin.DietAdmin
 []


Underfull \hbox (badness 10000) in paragraph at lines 330--331
[]\T1/ptm/m/n/10 formfield_for_choice_field()
 []


Underfull \hbox (badness 10000) in paragraph at lines 330--331
\T1/ptm/m/n/10 (data.admin.EnvironmentAdmin method),
 []


Underfull \hbox (badness 10000) in paragraph at lines 331--332
[]\T1/ptm/m/n/10 formfield_for_choice_field()
 []


Underfull \hbox (badness 10000) in paragraph at lines 331--332
\T1/ptm/m/n/10 (data.admin.ExperimentAdmin method),
 []


Underfull \hbox (badness 10000) in paragraph at lines 332--333
[]\T1/ptm/m/n/10 formfield_for_choice_field()
 []


Underfull \hbox (badness 10000) in paragraph at lines 332--333
\T1/ptm/m/n/10 (data.admin.ImplantationAdmin method),
 []


Underfull \hbox (badness 10000) in paragraph at lines 333--334
[]\T1/ptm/m/n/10 formfield_for_choice_field()
 []


Underfull \hbox (badness 10000) in paragraph at lines 333--334
\T1/ptm/m/n/10 (data.admin.MeasurementAdmin method),
 []


Underfull \hbox (badness 10000) in paragraph at lines 334--335
[]\T1/ptm/m/n/10 formfield_for_choice_field()
 []


Underfull \hbox (badness 10000) in paragraph at lines 334--335
\T1/ptm/m/n/10 (data.admin.MeasurementInline method),
 []


Underfull \hbox (badness 10000) in paragraph at lines 335--336
[]\T1/ptm/m/n/10 formfield_for_choice_field()
 []


Underfull \hbox (badness 10000) in paragraph at lines 336--337
[]\T1/ptm/m/n/10 formfield_for_choice_field()
 []


Underfull \hbox (badness 10000) in paragraph at lines 336--337
\T1/ptm/m/n/10 (data.admin.ResearcherAdmin method),
 []


Underfull \hbox (badness 10000) in paragraph at lines 337--338
[]\T1/ptm/m/n/10 formfield_for_choice_field() (data.admin.StudyAdmin
 []


Underfull \hbox (badness 10000) in paragraph at lines 338--339
[]\T1/ptm/m/n/10 formfield_for_choice_field()
 []


Underfull \hbox (badness 10000) in paragraph at lines 338--339
\T1/ptm/m/n/10 (data.admin.TransplantationAdmin method),
 []


Underfull \hbox (badness 10000) in paragraph at lines 339--340
[]\T1/ptm/m/n/10 formfield_for_choice_field()
 []


Underfull \hbox (badness 10000) in paragraph at lines 340--341
[]\T1/ptm/m/n/10 formfield_for_choice_field()
 []


Underfull \hbox (badness 7433) in paragraph at lines 341--342
[]\T1/ptm/m/n/10 formfield_for_choice_field() (data.admin.VendorAdmin
 []


Underfull \hbox (badness 10000) in paragraph at lines 342--343
[]\T1/ptm/m/n/10 formfield_for_dbfield() (an-i-mal.admin.AnimalAdmin
 []


Underfull \hbox (badness 10000) in paragraph at lines 343--344
[]\T1/ptm/m/n/10 formfield_for_dbfield() (an-i-mal.admin.AnimalInline
 []


Underfull \hbox (badness 10000) in paragraph at lines 344--345
[]\T1/ptm/m/n/10 formfield_for_dbfield() (an-i-mal.admin.BreedingAdmin
 []


Underfull \hbox (badness 10000) in paragraph at lines 345--346
[]\T1/ptm/m/n/10 formfield_for_dbfield() (an-i-mal.admin.CageAdmin
 []


Underfull \hbox (badness 10000) in paragraph at lines 346--347
[]\T1/ptm/m/n/10 formfield_for_dbfield() (an-i-mal.admin.StrainAdmin
 []


Underfull \hbox (badness 10000) in paragraph at lines 347--348
[]\T1/ptm/m/n/10 formfield_for_dbfield() (data.admin.AssayAdmin
 []


Underfull \hbox (badness 10000) in paragraph at lines 350--351
[]\T1/ptm/m/n/10 formfield_for_dbfield() (data.admin.ExperimentAdmin
 []


Underfull \hbox (badness 7433) in paragraph at lines 353--354
[]\T1/ptm/m/n/10 formfield_for_dbfield() (data.admin.MeasurementInline
 []


Overfull \hbox (4.76001pt too wide) in paragraph at lines 354--355
[]\T1/ptm/m/n/10 formfield_for_dbfield() (data.admin.PharmaceuticalAdmin
 []


Underfull \hbox (badness 10000) in paragraph at lines 355--356
[]\T1/ptm/m/n/10 formfield_for_dbfield() (data.admin.ResearcherAdmin
 []


Underfull \hbox (badness 10000) in paragraph at lines 356--357
[]\T1/ptm/m/n/10 formfield_for_dbfield() (data.admin.StudyAdmin
 []


Overfull \hbox (5.53014pt too wide) in paragraph at lines 357--358
[]\T1/ptm/m/n/10 formfield_for_dbfield() (data.admin.TransplantationAdmin
 []


Underfull \hbox (badness 10000) in paragraph at lines 358--359
[]\T1/ptm/m/n/10 formfield_for_dbfield() (data.admin.TreatmentAdmin
 []


Underfull \hbox (badness 10000) in paragraph at lines 359--360
[]\T1/ptm/m/n/10 formfield_for_dbfield() (data.admin.TreatmentInline
 []

[75]
Underfull \hbox (badness 10000) in paragraph at lines 360--361
[]\T1/ptm/m/n/10 formfield_for_dbfield() (data.admin.VendorAdmin
 []


Underfull \hbox (badness 10000) in paragraph at lines 363--364
[]\T1/ptm/m/n/10 formfield_for_foreignkey() (an-i-
 []


Underfull \hbox (badness 10000) in paragraph at lines 364--365
[]\T1/ptm/m/n/10 formfield_for_foreignkey() (an-i-mal.admin.CageAdmin
 []


Underfull \hbox (badness 10000) in paragraph at lines 365--366
[]\T1/ptm/m/n/10 formfield_for_foreignkey() (an-i-mal.admin.StrainAdmin
 []


Underfull \hbox (badness 10000) in paragraph at lines 366--367
[]\T1/ptm/m/n/10 formfield_for_foreignkey() (data.admin.AssayAdmin
 []


Underfull \hbox (badness 10000) in paragraph at lines 367--368
[]\T1/ptm/m/n/10 formfield_for_foreignkey() (data.admin.DietAdmin
 []


Underfull \hbox (badness 10000) in paragraph at lines 368--369
[]\T1/ptm/m/n/10 formfield_for_foreignkey()
 []


Underfull \hbox (badness 10000) in paragraph at lines 368--369
\T1/ptm/m/n/10 (data.admin.EnvironmentAdmin method),
 []


Underfull \hbox (badness 10000) in paragraph at lines 369--370
[]\T1/ptm/m/n/10 formfield_for_foreignkey()
 []


Underfull \hbox (badness 10000) in paragraph at lines 369--370
\T1/ptm/m/n/10 (data.admin.ExperimentAdmin method),
 []


Underfull \hbox (badness 10000) in paragraph at lines 370--371
[]\T1/ptm/m/n/10 formfield_for_foreignkey()
 []


Underfull \hbox (badness 10000) in paragraph at lines 370--371
\T1/ptm/m/n/10 (data.admin.ImplantationAdmin method),
 []


Underfull \hbox (badness 10000) in paragraph at lines 371--372
[]\T1/ptm/m/n/10 formfield_for_foreignkey()
 []


Underfull \hbox (badness 10000) in paragraph at lines 371--372
\T1/ptm/m/n/10 (data.admin.MeasurementAdmin method),
 []


Underfull \hbox (badness 10000) in paragraph at lines 372--373
[]\T1/ptm/m/n/10 formfield_for_foreignkey()
 []


Underfull \hbox (badness 10000) in paragraph at lines 372--373
\T1/ptm/m/n/10 (data.admin.MeasurementInline method),
 []


Underfull \hbox (badness 10000) in paragraph at lines 373--374
[]\T1/ptm/m/n/10 formfield_for_foreignkey()
 []


Underfull \hbox (badness 10000) in paragraph at lines 374--375
[]\T1/ptm/m/n/10 formfield_for_foreignkey()
 []


Underfull \hbox (badness 10000) in paragraph at lines 374--375
\T1/ptm/m/n/10 (data.admin.ResearcherAdmin method),
 []


Underfull \hbox (badness 10000) in paragraph at lines 375--376
[]\T1/ptm/m/n/10 formfield_for_foreignkey() (data.admin.StudyAdmin
 []


Underfull \hbox (badness 10000) in paragraph at lines 376--377
[]\T1/ptm/m/n/10 formfield_for_foreignkey()
 []


Underfull \hbox (badness 10000) in paragraph at lines 376--377
\T1/ptm/m/n/10 (data.admin.TransplantationAdmin method),
 []


Underfull \hbox (badness 10000) in paragraph at lines 379--380
[]\T1/ptm/m/n/10 formfield_for_foreignkey() (data.admin.VendorAdmin
 []


Underfull \hbox (badness 10000) in paragraph at lines 380--381
[]\T1/ptm/m/n/10 formfield_for_manytomany() (an-i-
 []


Underfull \hbox (badness 10000) in paragraph at lines 381--382
[]\T1/ptm/m/n/10 formfield_for_manytomany() (an-i-
 []


Underfull \hbox (badness 10000) in paragraph at lines 382--383
[]\T1/ptm/m/n/10 formfield_for_manytomany() (an-i-
 []


Underfull \hbox (badness 10000) in paragraph at lines 384--385
[]\T1/ptm/m/n/10 formfield_for_manytomany() (an-i-
 []


Underfull \hbox (badness 10000) in paragraph at lines 385--386
[]\T1/ptm/m/n/10 formfield_for_manytomany() (data.admin.AssayAdmin
 []


Underfull \hbox (badness 10000) in paragraph at lines 386--387
[]\T1/ptm/m/n/10 formfield_for_manytomany() (data.admin.DietAdmin
 []


Underfull \hbox (badness 10000) in paragraph at lines 387--388
[]\T1/ptm/m/n/10 formfield_for_manytomany()
 []


Underfull \hbox (badness 10000) in paragraph at lines 387--388
\T1/ptm/m/n/10 (data.admin.EnvironmentAdmin method),
 []


Underfull \hbox (badness 10000) in paragraph at lines 388--389
[]\T1/ptm/m/n/10 formfield_for_manytomany()
 []


Underfull \hbox (badness 10000) in paragraph at lines 388--389
\T1/ptm/m/n/10 (data.admin.ExperimentAdmin method),
 []


Underfull \hbox (badness 10000) in paragraph at lines 389--390
[]\T1/ptm/m/n/10 formfield_for_manytomany()
 []


Underfull \hbox (badness 10000) in paragraph at lines 389--390
\T1/ptm/m/n/10 (data.admin.ImplantationAdmin method),
 []


Underfull \hbox (badness 10000) in paragraph at lines 390--391
[]\T1/ptm/m/n/10 formfield_for_manytomany()
 []


Underfull \hbox (badness 10000) in paragraph at lines 390--391
\T1/ptm/m/n/10 (data.admin.MeasurementAdmin method),
 []


Underfull \hbox (badness 10000) in paragraph at lines 391--392
[]\T1/ptm/m/n/10 formfield_for_manytomany()
 []


Underfull \hbox (badness 10000) in paragraph at lines 391--392
\T1/ptm/m/n/10 (data.admin.MeasurementInline method),
 []


Underfull \hbox (badness 10000) in paragraph at lines 392--393
[]\T1/ptm/m/n/10 formfield_for_manytomany()
 []


Underfull \hbox (badness 10000) in paragraph at lines 393--394
[]\T1/ptm/m/n/10 formfield_for_manytomany()
 []


Underfull \hbox (badness 10000) in paragraph at lines 393--394
\T1/ptm/m/n/10 (data.admin.ResearcherAdmin method),
 []


Underfull \hbox (badness 10000) in paragraph at lines 394--395
[]\T1/ptm/m/n/10 formfield_for_manytomany() (data.admin.StudyAdmin
 []


Underfull \hbox (badness 10000) in paragraph at lines 395--396
[]\T1/ptm/m/n/10 formfield_for_manytomany()
 []


Underfull \hbox (badness 10000) in paragraph at lines 395--396
\T1/ptm/m/n/10 (data.admin.TransplantationAdmin method),
 []


Underfull \hbox (badness 10000) in paragraph at lines 396--397
[]\T1/ptm/m/n/10 formfield_for_manytomany()
 []


Underfull \hbox (badness 10000) in paragraph at lines 397--398
[]\T1/ptm/m/n/10 formfield_for_manytomany()
 []

[76]
Underfull \hbox (badness 10000) in paragraph at lines 428--429
[]\T1/ptm/m/n/10 get_action_choices() (an-i-mal.admin.AnimalAdmin
 []


Underfull \hbox (badness 10000) in paragraph at lines 429--430
[]\T1/ptm/m/n/10 get_action_choices() (an-i-mal.admin.BreedingAdmin
 []


Underfull \hbox (badness 10000) in paragraph at lines 430--431
[]\T1/ptm/m/n/10 get_action_choices() (an-i-mal.admin.CageAdmin
 []


Underfull \hbox (badness 10000) in paragraph at lines 431--432
[]\T1/ptm/m/n/10 get_action_choices() (an-i-mal.admin.StrainAdmin
 []


Underfull \hbox (badness 10000) in paragraph at lines 434--435
[]\T1/ptm/m/n/10 get_action_choices() (data.admin.EnvironmentAdmin
 []


Underfull \hbox (badness 10000) in paragraph at lines 435--436
[]\T1/ptm/m/n/10 get_action_choices() (data.admin.ExperimentAdmin
 []


Underfull \hbox (badness 10000) in paragraph at lines 436--437
[]\T1/ptm/m/n/10 get_action_choices() (data.admin.ImplantationAdmin
 []


Underfull \hbox (badness 10000) in paragraph at lines 437--438
[]\T1/ptm/m/n/10 get_action_choices() (data.admin.MeasurementAdmin
 []


Underfull \hbox (badness 10000) in paragraph at lines 439--440
[]\T1/ptm/m/n/10 get_action_choices() (data.admin.ResearcherAdmin
 []


Underfull \hbox (badness 10000) in paragraph at lines 442--443
[]\T1/ptm/m/n/10 get_action_choices() (data.admin.TreatmentAdmin
 []


Underfull \hbox (badness 10000) in paragraph at lines 454--455
[]\T1/ptm/m/n/10 get_actions() (data.admin.PharmaceuticalAdmin
 []


Underfull \hbox (badness 10000) in paragraph at lines 457--458
[]\T1/ptm/m/n/10 get_actions() (data.admin.TransplantationAdmin
 []


Underfull \hbox (badness 10000) in paragraph at lines 460--461
[]\T1/ptm/m/n/10 get_changelist_form() (an-i-mal.admin.AnimalAdmin
 []


Underfull \hbox (badness 10000) in paragraph at lines 461--462
[]\T1/ptm/m/n/10 get_changelist_form() (an-i-mal.admin.BreedingAdmin
 []


Underfull \hbox (badness 10000) in paragraph at lines 462--463
[]\T1/ptm/m/n/10 get_changelist_form() (an-i-mal.admin.CageAdmin
 []


Underfull \hbox (badness 10000) in paragraph at lines 463--464
[]\T1/ptm/m/n/10 get_changelist_form() (an-i-mal.admin.StrainAdmin
 []


Underfull \hbox (badness 10000) in paragraph at lines 464--465
[]\T1/ptm/m/n/10 get_changelist_form() (data.admin.AssayAdmin
 []


Underfull \hbox (badness 10000) in paragraph at lines 466--467
[]\T1/ptm/m/n/10 get_changelist_form() (data.admin.EnvironmentAdmin
 []


Underfull \hbox (badness 10000) in paragraph at lines 467--468
[]\T1/ptm/m/n/10 get_changelist_form() (data.admin.ExperimentAdmin
 []


Underfull \hbox (badness 10000) in paragraph at lines 468--469
[]\T1/ptm/m/n/10 get_changelist_form() (data.admin.ImplantationAdmin
 []


Underfull \hbox (badness 7433) in paragraph at lines 469--470
[]\T1/ptm/m/n/10 get_changelist_form() (data.admin.MeasurementAdmin
 []


Underfull \hbox (badness 10000) in paragraph at lines 471--472
[]\T1/ptm/m/n/10 get_changelist_form() (data.admin.ResearcherAdmin
 []


Overfull \hbox (1.07991pt too wide) in paragraph at lines 473--474
[]\T1/ptm/m/n/10 get_changelist_form() (data.admin.TransplantationAdmin
 []


Underfull \hbox (badness 10000) in paragraph at lines 474--475
[]\T1/ptm/m/n/10 get_changelist_form() (data.admin.TreatmentAdmin
 []


Underfull \hbox (badness 10000) in paragraph at lines 475--476
[]\T1/ptm/m/n/10 get_changelist_form() (data.admin.VendorAdmin
 []


Underfull \hbox (badness 10000) in paragraph at lines 476--477
[]\T1/ptm/m/n/10 get_changelist_formset() (an-i-mal.admin.AnimalAdmin
 []

[77]
Underfull \hbox (badness 10000) in paragraph at lines 478--479
[]\T1/ptm/m/n/10 get_changelist_formset() (an-i-mal.admin.CageAdmin
 []


Underfull \hbox (badness 10000) in paragraph at lines 479--480
[]\T1/ptm/m/n/10 get_changelist_formset() (an-i-mal.admin.StrainAdmin
 []


Underfull \hbox (badness 10000) in paragraph at lines 480--481
[]\T1/ptm/m/n/10 get_changelist_formset() (data.admin.AssayAdmin
 []


Underfull \hbox (badness 10000) in paragraph at lines 481--482
[]\T1/ptm/m/n/10 get_changelist_formset() (data.admin.DietAdmin
 []


Underfull \hbox (badness 10000) in paragraph at lines 482--483
[]\T1/ptm/m/n/10 get_changelist_formset()
 []


Underfull \hbox (badness 10000) in paragraph at lines 482--483
\T1/ptm/m/n/10 (data.admin.EnvironmentAdmin method),
 []


Underfull \hbox (badness 10000) in paragraph at lines 484--485
[]\T1/ptm/m/n/10 get_changelist_formset()
 []


Underfull \hbox (badness 10000) in paragraph at lines 484--485
\T1/ptm/m/n/10 (data.admin.ImplantationAdmin method),
 []


Underfull \hbox (badness 10000) in paragraph at lines 485--486
[]\T1/ptm/m/n/10 get_changelist_formset()
 []


Underfull \hbox (badness 10000) in paragraph at lines 485--486
\T1/ptm/m/n/10 (data.admin.MeasurementAdmin method),
 []


Underfull \hbox (badness 10000) in paragraph at lines 486--487
[]\T1/ptm/m/n/10 get_changelist_formset()
 []


Underfull \hbox (badness 10000) in paragraph at lines 488--489
[]\T1/ptm/m/n/10 get_changelist_formset() (data.admin.StudyAdmin
 []


Underfull \hbox (badness 10000) in paragraph at lines 489--490
[]\T1/ptm/m/n/10 get_changelist_formset()
 []


Underfull \hbox (badness 10000) in paragraph at lines 489--490
\T1/ptm/m/n/10 (data.admin.TransplantationAdmin method),
 []


Underfull \hbox (badness 10000) in paragraph at lines 490--491
[]\T1/ptm/m/n/10 get_changelist_formset() (data.admin.TreatmentAdmin
 []


Underfull \hbox (badness 10000) in paragraph at lines 491--492
[]\T1/ptm/m/n/10 get_changelist_formset() (data.admin.VendorAdmin
 []


Underfull \hbox (badness 10000) in paragraph at lines 492--493
[]\T1/ptm/m/n/10 get_feeding_state_display() (data.models.Experiment
 []


Underfull \hbox (badness 10000) in paragraph at lines 505--506
[]\T1/ptm/m/n/10 get_fieldsets() (data.admin.PharmaceuticalAdmin
 []


Underfull \hbox (badness 10000) in paragraph at lines 508--509
[]\T1/ptm/m/n/10 get_fieldsets() (data.admin.TransplantationAdmin
 []


Underfull \hbox (badness 10000) in paragraph at lines 540--541
[]\T1/ptm/m/n/10 get_formsets() (data.admin.MeasurementAdmin
 []


Underfull \hbox (badness 10000) in paragraph at lines 541--542
[]\T1/ptm/m/n/10 get_formsets() (data.admin.PharmaceuticalAdmin
 []


Underfull \hbox (badness 10000) in paragraph at lines 544--545
[]\T1/ptm/m/n/10 get_formsets() (data.admin.TransplantationAdmin
 []

[78]
Underfull \hbox (badness 10000) in paragraph at lines 547--548
[]\T1/ptm/m/n/10 get_injection_display() (data.models.Experiment
 []


Underfull \hbox (badness 10000) in paragraph at lines 548--549
[]\T1/ptm/m/n/10 get_mode_display() (data.models.Pharmaceutical
 []


Underfull \hbox (badness 10000) in paragraph at lines 549--550
[]\T1/ptm/m/n/10 get_model_perms() (an-i-mal.admin.AnimalAdmin
 []


Underfull \hbox (badness 10000) in paragraph at lines 550--551
[]\T1/ptm/m/n/10 get_model_perms() (an-i-mal.admin.BreedingAdmin
 []


Underfull \hbox (badness 10000) in paragraph at lines 552--553
[]\T1/ptm/m/n/10 get_model_perms() (an-i-mal.admin.StrainAdmin
 []


Underfull \hbox (badness 10000) in paragraph at lines 555--556
[]\T1/ptm/m/n/10 get_model_perms() (data.admin.EnvironmentAdmin
 []


Underfull \hbox (badness 10000) in paragraph at lines 556--557
[]\T1/ptm/m/n/10 get_model_perms() (data.admin.ExperimentAdmin
 []


Underfull \hbox (badness 10000) in paragraph at lines 557--558
[]\T1/ptm/m/n/10 get_model_perms() (data.admin.ImplantationAdmin
 []


Underfull \hbox (badness 10000) in paragraph at lines 558--559
[]\T1/ptm/m/n/10 get_model_perms() (data.admin.MeasurementAdmin
 []


Underfull \hbox (badness 10000) in paragraph at lines 559--560
[]\T1/ptm/m/n/10 get_model_perms() (data.admin.PharmaceuticalAdmin
 []


Underfull \hbox (badness 10000) in paragraph at lines 560--561
[]\T1/ptm/m/n/10 get_model_perms() (data.admin.ResearcherAdmin
 []


Underfull \hbox (badness 10000) in paragraph at lines 562--563
[]\T1/ptm/m/n/10 get_model_perms() (data.admin.TransplantationAdmin
 []


Underfull \hbox (badness 10000) in paragraph at lines 563--564
[]\T1/ptm/m/n/10 get_model_perms() (data.admin.TreatmentAdmin
 []


Underfull \hbox (badness 10000) in paragraph at lines 566--567
[]\T1/ptm/m/n/10 get_next_by_transplant_date()
 []


Underfull \hbox (badness 10000) in paragraph at lines 568--569
[]\T1/ptm/m/n/10 get_previous_by_date() (data.models.Experiment
 []


Underfull \hbox (badness 10000) in paragraph at lines 569--570
[]\T1/ptm/m/n/10 get_previous_by_transplant_date()
 []


Underfull \hbox (badness 10000) in paragraph at lines 589--590
[]\T1/ptm/m/n/10 has_add_permission() (an-i-mal.admin.AnimalAdmin
 []


Underfull \hbox (badness 10000) in paragraph at lines 590--591
[]\T1/ptm/m/n/10 has_add_permission() (an-i-mal.admin.BreedingAdmin
 []


Underfull \hbox (badness 10000) in paragraph at lines 591--592
[]\T1/ptm/m/n/10 has_add_permission() (an-i-mal.admin.CageAdmin
 []


Underfull \hbox (badness 10000) in paragraph at lines 592--593
[]\T1/ptm/m/n/10 has_add_permission() (an-i-mal.admin.StrainAdmin
 []


Underfull \hbox (badness 10000) in paragraph at lines 593--594
[]\T1/ptm/m/n/10 has_add_permission() (data.admin.AssayAdmin
 []


Underfull \hbox (badness 10000) in paragraph at lines 595--596
[]\T1/ptm/m/n/10 has_add_permission() (data.admin.EnvironmentAdmin
 []


Underfull \hbox (badness 10000) in paragraph at lines 596--597
[]\T1/ptm/m/n/10 has_add_permission() (data.admin.ExperimentAdmin
 []


Underfull \hbox (badness 10000) in paragraph at lines 597--598
[]\T1/ptm/m/n/10 has_add_permission() (data.admin.ImplantationAdmin
 []


Underfull \hbox (badness 10000) in paragraph at lines 598--599
[]\T1/ptm/m/n/10 has_add_permission() (data.admin.MeasurementAdmin
 []


Underfull \hbox (badness 10000) in paragraph at lines 600--601
[]\T1/ptm/m/n/10 has_add_permission() (data.admin.ResearcherAdmin
 []


Overfull \hbox (0.53001pt too wide) in paragraph at lines 602--603
[]\T1/ptm/m/n/10 has_add_permission() (data.admin.TransplantationAdmin
 []


Underfull \hbox (badness 10000) in paragraph at lines 603--604
[]\T1/ptm/m/n/10 has_add_permission() (data.admin.TreatmentAdmin
 []


Underfull \hbox (badness 10000) in paragraph at lines 604--605
[]\T1/ptm/m/n/10 has_add_permission() (data.admin.VendorAdmin
 []


Underfull \hbox (badness 10000) in paragraph at lines 605--606
[]\T1/ptm/m/n/10 has_change_permission() (an-i-mal.admin.AnimalAdmin
 []


Underfull \hbox (badness 10000) in paragraph at lines 607--608
[]\T1/ptm/m/n/10 has_change_permission() (an-i-mal.admin.CageAdmin
 []


Underfull \hbox (badness 10000) in paragraph at lines 608--609
[]\T1/ptm/m/n/10 has_change_permission() (an-i-mal.admin.StrainAdmin
 []


Underfull \hbox (badness 10000) in paragraph at lines 609--610
[]\T1/ptm/m/n/10 has_change_permission() (data.admin.AssayAdmin
 []


Underfull \hbox (badness 10000) in paragraph at lines 610--611
[]\T1/ptm/m/n/10 has_change_permission() (data.admin.DietAdmin
 []

[79]
Underfull \hbox (badness 10000) in paragraph at lines 611--612
[]\T1/ptm/m/n/10 has_change_permission()
 []


Underfull \hbox (badness 10000) in paragraph at lines 611--612
\T1/ptm/m/n/10 (data.admin.EnvironmentAdmin method),
 []


Underfull \hbox (badness 10000) in paragraph at lines 613--614
[]\T1/ptm/m/n/10 has_change_permission()
 []


Underfull \hbox (badness 10000) in paragraph at lines 613--614
\T1/ptm/m/n/10 (data.admin.ImplantationAdmin method),
 []


Underfull \hbox (badness 10000) in paragraph at lines 614--615
[]\T1/ptm/m/n/10 has_change_permission()
 []


Underfull \hbox (badness 10000) in paragraph at lines 614--615
\T1/ptm/m/n/10 (data.admin.MeasurementAdmin method),
 []


Underfull \hbox (badness 10000) in paragraph at lines 615--616
[]\T1/ptm/m/n/10 has_change_permission()
 []


Underfull \hbox (badness 10000) in paragraph at lines 617--618
[]\T1/ptm/m/n/10 has_change_permission() (data.admin.StudyAdmin
 []


Underfull \hbox (badness 10000) in paragraph at lines 618--619
[]\T1/ptm/m/n/10 has_change_permission()
 []


Underfull \hbox (badness 10000) in paragraph at lines 618--619
\T1/ptm/m/n/10 (data.admin.TransplantationAdmin method),
 []


Underfull \hbox (badness 10000) in paragraph at lines 619--620
[]\T1/ptm/m/n/10 has_change_permission() (data.admin.TreatmentAdmin
 []


Underfull \hbox (badness 10000) in paragraph at lines 620--621
[]\T1/ptm/m/n/10 has_change_permission() (data.admin.VendorAdmin
 []


Underfull \hbox (badness 10000) in paragraph at lines 621--622
[]\T1/ptm/m/n/10 has_changed() (an-i-mal.forms.AnimalChangeForm
 []


Underfull \hbox (badness 10000) in paragraph at lines 625--626
[]\T1/ptm/m/n/10 has_changed() (data.forms.StudyExperimentForm
 []


Underfull \hbox (badness 10000) in paragraph at lines 627--628
[]\T1/ptm/m/n/10 has_delete_permission() (an-i-mal.admin.AnimalAdmin
 []


Underfull \hbox (badness 10000) in paragraph at lines 629--630
[]\T1/ptm/m/n/10 has_delete_permission() (an-i-mal.admin.CageAdmin
 []


Underfull \hbox (badness 10000) in paragraph at lines 630--631
[]\T1/ptm/m/n/10 has_delete_permission() (an-i-mal.admin.StrainAdmin
 []


Underfull \hbox (badness 10000) in paragraph at lines 631--632
[]\T1/ptm/m/n/10 has_delete_permission() (data.admin.AssayAdmin
 []


Underfull \hbox (badness 10000) in paragraph at lines 632--633
[]\T1/ptm/m/n/10 has_delete_permission() (data.admin.DietAdmin
 []


Overfull \hbox (1.97974pt too wide) in paragraph at lines 636--637
[]\T1/ptm/m/n/10 has_delete_permission() (data.admin.MeasurementAdmin
 []


Overfull \hbox (9.19955pt too wide) in paragraph at lines 637--638
[]\T1/ptm/m/n/10 has_delete_permission() (data.admin.PharmaceuticalAdmin
 []


Underfull \hbox (badness 10000) in paragraph at lines 638--639
[]\T1/ptm/m/n/10 has_delete_permission() (data.admin.ResearcherAdmin
 []


Underfull \hbox (badness 10000) in paragraph at lines 639--640
[]\T1/ptm/m/n/10 has_delete_permission() (data.admin.StudyAdmin
 []


Overfull \hbox (9.96968pt too wide) in paragraph at lines 640--641
[]\T1/ptm/m/n/10 has_delete_permission() (data.admin.TransplantationAdmin
 []


Underfull \hbox (badness 10000) in paragraph at lines 641--642
[]\T1/ptm/m/n/10 has_delete_permission() (data.admin.TreatmentAdmin
 []


Underfull \hbox (badness 10000) in paragraph at lines 642--643
[]\T1/ptm/m/n/10 has_delete_permission() (data.admin.VendorAdmin
 []


Underfull \hbox (badness 10000) in paragraph at lines 643--644
[]\T1/ptm/m/n/10 hidden_fields() (an-i-mal.forms.AnimalChangeForm
 []


Underfull \hbox (badness 10000) in paragraph at lines 647--648
[]\T1/ptm/m/n/10 hidden_fields() (data.forms.StudyExperimentForm
 []


Underfull \hbox (badness 10000) in paragraph at lines 658--659
[]\T1/ptm/m/n/10 history_view() (data.admin.MeasurementAdmin
 []


Underfull \hbox (badness 10000) in paragraph at lines 659--660
[]\T1/ptm/m/n/10 history_view() (data.admin.PharmaceuticalAdmin
 []


Underfull \hbox (badness 10000) in paragraph at lines 662--663
[]\T1/ptm/m/n/10 history_view() (data.admin.TransplantationAdmin
 []

[80]
Underfull \hbox (badness 10000) in paragraph at lines 675--676
[]\T1/ptm/m/n/10 is_multipart() (an-i-mal.forms.AnimalChangeForm
 []


Underfull \hbox (badness 10000) in paragraph at lines 679--680
[]\T1/ptm/m/n/10 is_multipart() (data.forms.StudyExperimentForm
 []


Underfull \hbox (badness 10000) in paragraph at lines 700--701
[]\T1/ptm/m/n/10 log_addition() (data.admin.PharmaceuticalAdmin
 []


Underfull \hbox (badness 10000) in paragraph at lines 703--704
[]\T1/ptm/m/n/10 log_addition() (data.admin.TransplantationAdmin
 []


Underfull \hbox (badness 10000) in paragraph at lines 716--717
[]\T1/ptm/m/n/10 log_change() (data.admin.PharmaceuticalAdmin
 []


Underfull \hbox (badness 10000) in paragraph at lines 719--720
[]\T1/ptm/m/n/10 log_change() (data.admin.TransplantationAdmin
 []


Underfull \hbox (badness 10000) in paragraph at lines 732--733
[]\T1/ptm/m/n/10 log_deletion() (data.admin.PharmaceuticalAdmin
 []


Underfull \hbox (badness 10000) in paragraph at lines 735--736
[]\T1/ptm/m/n/10 log_deletion() (data.admin.TransplantationAdmin
 []

[81]
Underfull \hbox (badness 10000) in paragraph at lines 777--778
[]\T1/ptm/m/n/10 message (data.models.Assay.MultipleObjectsReturned
 []


Underfull \hbox (badness 10000) in paragraph at lines 780--781
[]\T1/ptm/m/n/10 message (data.models.Environment.DoesNotExist
 []


Overfull \hbox (15.7596pt too wide) in paragraph at lines 781--782
[]\T1/ptm/m/n/10 message (data.models.Environment.MultipleObjectsReturned
 []


Underfull \hbox (badness 10000) in paragraph at lines 782--783
[]\T1/ptm/m/n/10 message (data.models.Experiment.DoesNotExist at-
 []


Overfull \hbox (10.59946pt too wide) in paragraph at lines 783--784
[]\T1/ptm/m/n/10 message (data.models.Experiment.MultipleObjectsReturned
 []


Underfull \hbox (badness 10000) in paragraph at lines 784--785
[]\T1/ptm/m/n/10 message (data.models.Implantation.DoesNotExist at-
 []


Overfull \hbox (15.04926pt too wide) in paragraph at lines 785--786
[]\T1/ptm/m/n/10 message (data.models.Implantation.MultipleObjectsReturned
 []


Underfull \hbox (badness 10000) in paragraph at lines 786--787
[]\T1/ptm/m/n/10 message (data.models.Measurement.DoesNotExist
 []


Overfull \hbox (18.36925pt too wide) in paragraph at lines 787--788
[]\T1/ptm/m/n/10 message (data.models.Measurement.MultipleObjectsReturned
 []


Overfull \hbox (25.58907pt too wide) in paragraph at lines 789--790
[]\T1/ptm/m/n/10 message (data.models.Pharmaceutical.MultipleObjectsReturned
 []


Underfull \hbox (badness 10000) in paragraph at lines 790--791
[]\T1/ptm/m/n/10 message (data.models.Researcher.DoesNotExist at-
 []


Overfull \hbox (7.80946pt too wide) in paragraph at lines 791--792
[]\T1/ptm/m/n/10 message (data.models.Researcher.MultipleObjectsReturned
 []


Overfull \hbox (26.35919pt too wide) in paragraph at lines 795--796
[]\T1/ptm/m/n/10 message (data.models.Transplantation.MultipleObjectsReturned
 []


Overfull \hbox (4.6894pt too wide) in paragraph at lines 797--798
[]\T1/ptm/m/n/10 message (data.models.Treatment.MultipleObjectsReturned
 []


Underfull \hbox (badness 10000) in paragraph at lines 799--800
[]\T1/ptm/m/n/10 message (data.models.Vendor.MultipleObjectsReturned
 []


Underfull \hbox (badness 10000) in paragraph at lines 806--807
[]\T1/ptm/m/n/10 message_user() (data.admin.EnvironmentAdmin
 []


Underfull \hbox (badness 10000) in paragraph at lines 808--809
[]\T1/ptm/m/n/10 message_user() (data.admin.ImplantationAdmin
 []


Underfull \hbox (badness 10000) in paragraph at lines 809--810
[]\T1/ptm/m/n/10 message_user() (data.admin.MeasurementAdmin
 []


Underfull \hbox (badness 10000) in paragraph at lines 810--811
[]\T1/ptm/m/n/10 message_user() (data.admin.PharmaceuticalAdmin
 []


Underfull \hbox (badness 10000) in paragraph at lines 813--814
[]\T1/ptm/m/n/10 message_user() (data.admin.TransplantationAdmin
 []


Underfull \hbox (badness 10000) in paragraph at lines 817--818
[]\T1/ptm/m/n/10 model (an-i-mal.forms.AnimalChangeForm.Meta at-
 []


Underfull \hbox (badness 10000) in paragraph at lines 823--824
[]\T1/ptm/m/n/10 model (data.forms.StudyExperimentForm.Meta at-
 []


Underfull \hbox (badness 10000) in paragraph at lines 828--829
[]\T1/ptm/m/n/10 non_field_errors() (an-i-mal.forms.AnimalChangeForm
 []

[82]
Underfull \hbox (badness 10000) in paragraph at lines 831--832
[]\T1/ptm/m/n/10 non_field_errors() (data.forms.MeasurementForm
 []


Underfull \hbox (badness 10000) in paragraph at lines 832--833
[]\T1/ptm/m/n/10 non_field_errors() (data.forms.StudyExperimentForm
 []


Underfull \hbox (badness 10000) in paragraph at lines 857--858
[]\T1/ptm/m/n/10 prepare_database_save() (data.models.Environment
 []


Underfull \hbox (badness 10000) in paragraph at lines 858--859
[]\T1/ptm/m/n/10 prepare_database_save() (data.models.Experiment
 []


Underfull \hbox (badness 10000) in paragraph at lines 859--860
[]\T1/ptm/m/n/10 prepare_database_save() (data.models.Implantation
 []


Underfull \hbox (badness 10000) in paragraph at lines 860--861
[]\T1/ptm/m/n/10 prepare_database_save() (data.models.Measurement
 []


Underfull \hbox (badness 10000) in paragraph at lines 861--862
[]\T1/ptm/m/n/10 prepare_database_save() (data.models.Pharmaceutical
 []


Underfull \hbox (badness 10000) in paragraph at lines 862--863
[]\T1/ptm/m/n/10 prepare_database_save() (data.models.Researcher
 []


Underfull \hbox (badness 10000) in paragraph at lines 864--865
[]\T1/ptm/m/n/10 prepare_database_save() (data.models.Transplantation
 []


Underfull \hbox (badness 10000) in paragraph at lines 865--866
[]\T1/ptm/m/n/10 prepare_database_save() (data.models.Treatment
 []


Underfull \hbox (badness 10000) in paragraph at lines 889--890
[]\T1/ptm/m/n/10 render_change_form() (an-i-mal.admin.AnimalAdmin
 []


Underfull \hbox (badness 10000) in paragraph at lines 890--891
[]\T1/ptm/m/n/10 render_change_form() (an-i-mal.admin.BreedingAdmin
 []


Underfull \hbox (badness 10000) in paragraph at lines 891--892
[]\T1/ptm/m/n/10 render_change_form() (an-i-mal.admin.CageAdmin
 []


Underfull \hbox (badness 10000) in paragraph at lines 892--893
[]\T1/ptm/m/n/10 render_change_form() (an-i-mal.admin.StrainAdmin
 []


Underfull \hbox (badness 10000) in paragraph at lines 893--894
[]\T1/ptm/m/n/10 render_change_form() (data.admin.AssayAdmin
 []


Underfull \hbox (badness 10000) in paragraph at lines 895--896
[]\T1/ptm/m/n/10 render_change_form() (data.admin.EnvironmentAdmin
 []


Underfull \hbox (badness 10000) in paragraph at lines 896--897
[]\T1/ptm/m/n/10 render_change_form() (data.admin.ExperimentAdmin
 []


Underfull \hbox (badness 10000) in paragraph at lines 897--898
[]\T1/ptm/m/n/10 render_change_form() (data.admin.ImplantationAdmin
 []


Overfull \hbox (1.40018pt too wide) in paragraph at lines 899--900
[]\T1/ptm/m/n/10 render_change_form() (data.admin.PharmaceuticalAdmin
 []


Underfull \hbox (badness 10000) in paragraph at lines 900--901
[]\T1/ptm/m/n/10 render_change_form() (data.admin.ResearcherAdmin
 []


Underfull \hbox (badness 10000) in paragraph at lines 901--902
[]\T1/ptm/m/n/10 render_change_form() (data.admin.StudyAdmin
 []


Overfull \hbox (2.1703pt too wide) in paragraph at lines 902--903
[]\T1/ptm/m/n/10 render_change_form() (data.admin.TransplantationAdmin
 []


Underfull \hbox (badness 10000) in paragraph at lines 903--904
[]\T1/ptm/m/n/10 render_change_form() (data.admin.TreatmentAdmin
 []


Underfull \hbox (badness 10000) in paragraph at lines 904--905
[]\T1/ptm/m/n/10 render_change_form() (data.admin.VendorAdmin
 []

[83]
Underfull \hbox (badness 10000) in paragraph at lines 912--913
[]\T1/ptm/m/n/10 response_action() (an-i-mal.admin.BreedingAdmin
 []


Underfull \hbox (badness 10000) in paragraph at lines 917--918
[]\T1/ptm/m/n/10 response_action() (data.admin.EnvironmentAdmin
 []


Underfull \hbox (badness 10000) in paragraph at lines 918--919
[]\T1/ptm/m/n/10 response_action() (data.admin.ExperimentAdmin
 []


Underfull \hbox (badness 10000) in paragraph at lines 919--920
[]\T1/ptm/m/n/10 response_action() (data.admin.ImplantationAdmin
 []


Underfull \hbox (badness 10000) in paragraph at lines 920--921
[]\T1/ptm/m/n/10 response_action() (data.admin.MeasurementAdmin
 []


Underfull \hbox (badness 10000) in paragraph at lines 921--922
[]\T1/ptm/m/n/10 response_action() (data.admin.PharmaceuticalAdmin
 []


Underfull \hbox (badness 10000) in paragraph at lines 922--923
[]\T1/ptm/m/n/10 response_action() (data.admin.ResearcherAdmin
 []


Underfull \hbox (badness 10000) in paragraph at lines 924--925
[]\T1/ptm/m/n/10 response_action() (data.admin.TransplantationAdmin
 []


Underfull \hbox (badness 10000) in paragraph at lines 933--934
[]\T1/ptm/m/n/10 response_add() (data.admin.EnvironmentAdmin
 []


Underfull \hbox (badness 10000) in paragraph at lines 936--937
[]\T1/ptm/m/n/10 response_add() (data.admin.MeasurementAdmin
 []


Underfull \hbox (badness 10000) in paragraph at lines 937--938
[]\T1/ptm/m/n/10 response_add() (data.admin.PharmaceuticalAdmin
 []


Underfull \hbox (badness 10000) in paragraph at lines 940--941
[]\T1/ptm/m/n/10 response_add() (data.admin.TransplantationAdmin
 []


Underfull \hbox (badness 10000) in paragraph at lines 943--944
[]\T1/ptm/m/n/10 response_change() (an-i-mal.admin.AnimalAdmin
 []


Underfull \hbox (badness 10000) in paragraph at lines 944--945
[]\T1/ptm/m/n/10 response_change() (an-i-mal.admin.BreedingAdmin
 []


Underfull \hbox (badness 10000) in paragraph at lines 949--950
[]\T1/ptm/m/n/10 response_change() (data.admin.EnvironmentAdmin
 []


Underfull \hbox (badness 10000) in paragraph at lines 950--951
[]\T1/ptm/m/n/10 response_change() (data.admin.ExperimentAdmin
 []


Underfull \hbox (badness 10000) in paragraph at lines 951--952
[]\T1/ptm/m/n/10 response_change() (data.admin.ImplantationAdmin
 []


Underfull \hbox (badness 10000) in paragraph at lines 952--953
[]\T1/ptm/m/n/10 response_change() (data.admin.MeasurementAdmin
 []


Underfull \hbox (badness 10000) in paragraph at lines 953--954
[]\T1/ptm/m/n/10 response_change() (data.admin.PharmaceuticalAdmin
 []


Underfull \hbox (badness 10000) in paragraph at lines 954--955
[]\T1/ptm/m/n/10 response_change() (data.admin.ResearcherAdmin
 []


Underfull \hbox (badness 10000) in paragraph at lines 956--957
[]\T1/ptm/m/n/10 response_change() (data.admin.TransplantationAdmin
 []


Underfull \hbox (badness 10000) in paragraph at lines 957--958
[]\T1/ptm/m/n/10 response_change() (data.admin.TreatmentAdmin
 []

[84]
Underfull \hbox (badness 10000) in paragraph at lines 1017--1018
[]\T1/ptm/m/n/10 save_formset() (data.admin.MeasurementAdmin
 []


Underfull \hbox (badness 10000) in paragraph at lines 1018--1019
[]\T1/ptm/m/n/10 save_formset() (data.admin.PharmaceuticalAdmin
 []


Underfull \hbox (badness 10000) in paragraph at lines 1021--1022
[]\T1/ptm/m/n/10 save_formset() (data.admin.TransplantationAdmin
 []


Underfull \hbox (badness 10000) in paragraph at lines 1034--1035
[]\T1/ptm/m/n/10 save_model() (data.admin.PharmaceuticalAdmin
 []


Underfull \hbox (badness 10000) in paragraph at lines 1037--1038
[]\T1/ptm/m/n/10 save_model() (data.admin.TransplantationAdmin
 []


Underfull \hbox (badness 10000) in paragraph at lines 1046--1047
[]\T1/ptm/m/n/10 serializable_value() (data.models.Pharmaceutical
 []


Underfull \hbox (badness 10000) in paragraph at lines 1049--1050
[]\T1/ptm/m/n/10 serializable_value() (data.models.Transplantation
 []

[85]
Underfull \hbox (badness 10000) in paragraph at lines 1094--1095
[]\T1/ptm/m/n/10 unique_error_message() (an-i-
 []


Underfull \hbox (badness 10000) in paragraph at lines 1094--1095
\T1/ptm/m/n/10 mal.forms.AnimalChangeForm method),
 []


Underfull \hbox (badness 10000) in paragraph at lines 1095--1096
[]\T1/ptm/m/n/10 unique_error_message() (an-i-mal.forms.AnimalForm
 []


Underfull \hbox (badness 10000) in paragraph at lines 1096--1097
[]\T1/ptm/m/n/10 unique_error_message() (data.forms.ExperimentForm
 []


Underfull \hbox (badness 6141) in paragraph at lines 1097--1098
[]\T1/ptm/m/n/10 unique_error_message() (data.forms.MeasurementForm
 []


Overfull \hbox (9.05022pt too wide) in paragraph at lines 1098--1099
[]\T1/ptm/m/n/10 unique_error_message() (data.forms.StudyExperimentForm
 []


Underfull \hbox (badness 10000) in paragraph at lines 1099--1100
[]\T1/ptm/m/n/10 unique_error_message() (data.forms.StudyForm
 []


Underfull \hbox (badness 10000) in paragraph at lines 1119--1120
[]\T1/ptm/m/n/10 validate_unique() (an-i-mal.forms.AnimalChangeForm
 []


Underfull \hbox (badness 10000) in paragraph at lines 1122--1123
[]\T1/ptm/m/n/10 validate_unique() (data.forms.MeasurementForm
 []


Underfull \hbox (badness 10000) in paragraph at lines 1123--1124
[]\T1/ptm/m/n/10 validate_unique() (data.forms.StudyExperimentForm
 []


Underfull \hbox (badness 10000) in paragraph at lines 1132--1133
[]\T1/ptm/m/n/10 visible_fields() (an-i-mal.forms.AnimalChangeForm
 []


Underfull \hbox (badness 10000) in paragraph at lines 1136--1137
[]\T1/ptm/m/n/10 visible_fields() (data.forms.StudyExperimentForm
 []

[86]) (./MouseDB.aux) ) 
Here is how much of TeX's memory you used:
 7804 strings out of 94074
 127479 string characters out of 1165152
 154458 words of memory out of 1500000
 9694 multiletter control sequences out of 10000+50000
 54556 words of font info for 56 fonts, out of 1200000 for 2000
 646 hyphenation exceptions out of 8191
 34i,12n,49p,747b,544s stack positions out of 5000i,500n,6000p,200000b,5000s
{/usr/share/texmf-texlive/fonts/enc/dvips/base/8r.enc}</
usr/share/texmf-texlive/fonts/type1/urw/courier/ucrb8a.pfb></usr/share/texmf-te
xlive/fonts/type1/urw/courier/ucrr8a.pfb></usr/share/texmf-texlive/fonts/type1/
urw/helvetic/uhvb8a.pfb></usr/share/texmf-texlive/fonts/type1/urw/helvetic/uhvb
o8a.pfb></usr/share/texmf-texlive/fonts/type1/urw/helvetic/uhvr8a.pfb></usr/sha
re/texmf-texlive/fonts/type1/urw/times/utmb8a.pfb></usr/share/texmf-texlive/fon
ts/type1/urw/times/utmr8a.pfb></usr/share/texmf-texlive/fonts/type1/urw/times/u
tmri8a.pfb>
Output written on MouseDB.pdf (90 pages, 665262 bytes).
PDF statistics:
 3042 PDF objects out of 3580 (max. 8388607)
 1255 named destinations out of 1440 (max. 131072)
 233 words of extra memory for PDF output out of 10000 (max. 10000000)

