\BOOKMARK [0][-]{chapter.1}{MouseDB Concepts}{}% 1
\BOOKMARK [1][-]{section.1.1}{Animal Module}{chapter.1}% 2
\BOOKMARK [1][-]{section.1.2}{Data Module}{chapter.1}% 3
\BOOKMARK [1][-]{section.1.3}{Timed Matings Module}{chapter.1}% 4
\BOOKMARK [1][-]{section.1.4}{Groups Module}{chapter.1}% 5
\BOOKMARK [0][-]{chapter.2}{MouseDB Installation}{}% 6
\BOOKMARK [1][-]{section.2.1}{Configuration}{chapter.2}% 7
\BOOKMARK [1][-]{section.2.2}{Software Dependencies}{chapter.2}% 8
\BOOKMARK [1][-]{section.2.3}{Installation}{chapter.2}% 9
\BOOKMARK [1][-]{section.2.4}{Database Setup}{chapter.2}% 10
\BOOKMARK [1][-]{section.2.5}{Web Server Setup}{chapter.2}% 11
\BOOKMARK [1][-]{section.2.6}{Enabling of South for Future Migrations}{chapter.2}% 12
\BOOKMARK [1][-]{section.2.7}{Final Configuration and User Setup}{chapter.2}% 13
\BOOKMARK [1][-]{section.2.8}{Testing}{chapter.2}% 14
\BOOKMARK [0][-]{chapter.3}{Users and Restriction}{}% 15
\BOOKMARK [1][-]{section.3.1}{Creating New Users}{chapter.3}% 16
\BOOKMARK [1][-]{section.3.2}{Removing Users}{chapter.3}% 17
\BOOKMARK [0][-]{chapter.4}{Animal Data Entry}{}% 18
\BOOKMARK [1][-]{section.4.1}{Newborn Mice or Newly Weaned Mice}{chapter.4}% 19
\BOOKMARK [1][-]{section.4.2}{Newborn Mice}{chapter.4}% 20
\BOOKMARK [1][-]{section.4.3}{Weaning Mice}{chapter.4}% 21
\BOOKMARK [1][-]{section.4.4}{Cage Changes \(Not Weaning\)}{chapter.4}% 22
\BOOKMARK [1][-]{section.4.5}{Genotyping or Ear Tagging}{chapter.4}% 23
\BOOKMARK [1][-]{section.4.6}{Marking Mice as Dead}{chapter.4}% 24
\BOOKMARK [0][-]{chapter.5}{Studies and Experimental Setup}{}% 25
\BOOKMARK [0][-]{chapter.6}{Measurement Entry}{}% 26
\BOOKMARK [1][-]{section.6.1}{Studies}{chapter.6}% 27
\BOOKMARK [1][-]{section.6.2}{Experiment Details}{chapter.6}% 28
\BOOKMARK [1][-]{section.6.3}{Measurements}{chapter.6}% 29
\BOOKMARK [0][-]{chapter.7}{Automated Documentation}{}% 30
\BOOKMARK [1][-]{section.7.1}{Animals Application}{chapter.7}% 31
\BOOKMARK [1][-]{section.7.2}{Data Application}{chapter.7}% 32
\BOOKMARK [1][-]{section.7.3}{Groups Application}{chapter.7}% 33
\BOOKMARK [1][-]{section.7.4}{Timed Mating Application}{chapter.7}% 34
\BOOKMARK [0][-]{chapter.8}{Indices and tables}{}% 35
\BOOKMARK [0][-]{section*.374}{Python Module Index}{}% 36
\BOOKMARK [0][-]{section*.375}{Index}{}% 37
