This is pdfTeX, Version 3.1415926-1.40.10 (MiKTeX 2.8) (preloaded format=latex 2011.5.22)  29 JUN 2011 19:45
entering extended mode
**MouseDB.tex

("C:\Documents and Settings\Dave Bridges\My Documents\Source\mousedb\src\moused
b\Docs\build\latex\MouseDB.tex"
LaTeX2e <2009/09/24>
Babel <v3.8l> and hyphenation patterns for english, dumylang, nohyphenation, ge
rman, ngerman, german-x-2009-06-19, ngerman-x-2009-06-19, french, loaded.

("C:\Documents and Settings\Dave Bridges\My Documents\Source\mousedb\src\moused
b\Docs\build\latex\sphinxmanual.cls"
Document Class: sphinxmanual 2009/06/02 Document class (Sphinx manual)
("C:\Program Files\MiKTeX 2.8\tex\latex\base\report.cls"
Document Class: report 2007/10/19 v1.4h Standard LaTeX document class
("C:\Program Files\MiKTeX 2.8\tex\latex\base\size10.clo"
File: size10.clo 2007/10/19 v1.4h Standard LaTeX file (size option)
)
\c@part=\count79
\c@chapter=\count80
\c@section=\count81
\c@subsection=\count82
\c@subsubsection=\count83
\c@paragraph=\count84
\c@subparagraph=\count85
\c@figure=\count86
\c@table=\count87
\abovecaptionskip=\skip41
\belowcaptionskip=\skip42
\bibindent=\dimen102
))
("C:\Program Files\MiKTeX 2.8\tex\latex\base\inputenc.sty"
Package: inputenc 2008/03/30 v1.1d Input encoding file
\inpenc@prehook=\toks14
\inpenc@posthook=\toks15

("C:\Program Files\MiKTeX 2.8\tex\latex\base\utf8.def"
File: utf8.def 2008/04/05 v1.1m UTF-8 support for inputenc
Now handling font encoding OML ...
... no UTF-8 mapping file for font encoding OML
Now handling font encoding T1 ...
... processing UTF-8 mapping file for font encoding T1

("C:\Program Files\MiKTeX 2.8\tex\latex\base\t1enc.dfu"
File: t1enc.dfu 2008/04/05 v1.1m UTF-8 support for inputenc
   defining Unicode char U+00A1 (decimal 161)
   defining Unicode char U+00A3 (decimal 163)
   defining Unicode char U+00AB (decimal 171)
   defining Unicode char U+00BB (decimal 187)
   defining Unicode char U+00BF (decimal 191)
   defining Unicode char U+00C0 (decimal 192)
   defining Unicode char U+00C1 (decimal 193)
   defining Unicode char U+00C2 (decimal 194)
   defining Unicode char U+00C3 (decimal 195)
   defining Unicode char U+00C4 (decimal 196)
   defining Unicode char U+00C5 (decimal 197)
   defining Unicode char U+00C6 (decimal 198)
   defining Unicode char U+00C7 (decimal 199)
   defining Unicode char U+00C8 (decimal 200)
   defining Unicode char U+00C9 (decimal 201)
   defining Unicode char U+00CA (decimal 202)
   defining Unicode char U+00CB (decimal 203)
   defining Unicode char U+00CC (decimal 204)
   defining Unicode char U+00CD (decimal 205)
   defining Unicode char U+00CE (decimal 206)
   defining Unicode char U+00CF (decimal 207)
   defining Unicode char U+00D0 (decimal 208)
   defining Unicode char U+00D1 (decimal 209)
   defining Unicode char U+00D2 (decimal 210)
   defining Unicode char U+00D3 (decimal 211)
   defining Unicode char U+00D4 (decimal 212)
   defining Unicode char U+00D5 (decimal 213)
   defining Unicode char U+00D6 (decimal 214)
   defining Unicode char U+00D8 (decimal 216)
   defining Unicode char U+00D9 (decimal 217)
   defining Unicode char U+00DA (decimal 218)
   defining Unicode char U+00DB (decimal 219)
   defining Unicode char U+00DC (decimal 220)
   defining Unicode char U+00DD (decimal 221)
   defining Unicode char U+00DE (decimal 222)
   defining Unicode char U+00DF (decimal 223)
   defining Unicode char U+00E0 (decimal 224)
   defining Unicode char U+00E1 (decimal 225)
   defining Unicode char U+00E2 (decimal 226)
   defining Unicode char U+00E3 (decimal 227)
   defining Unicode char U+00E4 (decimal 228)
   defining Unicode char U+00E5 (decimal 229)
   defining Unicode char U+00E6 (decimal 230)
   defining Unicode char U+00E7 (decimal 231)
   defining Unicode char U+00E8 (decimal 232)
   defining Unicode char U+00E9 (decimal 233)
   defining Unicode char U+00EA (decimal 234)
   defining Unicode char U+00EB (decimal 235)
   defining Unicode char U+00EC (decimal 236)
   defining Unicode char U+00ED (decimal 237)
   defining Unicode char U+00EE (decimal 238)
   defining Unicode char U+00EF (decimal 239)
   defining Unicode char U+00F0 (decimal 240)
   defining Unicode char U+00F1 (decimal 241)
   defining Unicode char U+00F2 (decimal 242)
   defining Unicode char U+00F3 (decimal 243)
   defining Unicode char U+00F4 (decimal 244)
   defining Unicode char U+00F5 (decimal 245)
   defining Unicode char U+00F6 (decimal 246)
   defining Unicode char U+00F8 (decimal 248)
   defining Unicode char U+00F9 (decimal 249)
   defining Unicode char U+00FA (decimal 250)
   defining Unicode char U+00FB (decimal 251)
   defining Unicode char U+00FC (decimal 252)
   defining Unicode char U+00FD (decimal 253)
   defining Unicode char U+00FE (decimal 254)
   defining Unicode char U+00FF (decimal 255)
   defining Unicode char U+0102 (decimal 258)
   defining Unicode char U+0103 (decimal 259)
   defining Unicode char U+0104 (decimal 260)
   defining Unicode char U+0105 (decimal 261)
   defining Unicode char U+0106 (decimal 262)
   defining Unicode char U+0107 (decimal 263)
   defining Unicode char U+010C (decimal 268)
   defining Unicode char U+010D (decimal 269)
   defining Unicode char U+010E (decimal 270)
   defining Unicode char U+010F (decimal 271)
   defining Unicode char U+0110 (decimal 272)
   defining Unicode char U+0111 (decimal 273)
   defining Unicode char U+0118 (decimal 280)
   defining Unicode char U+0119 (decimal 281)
   defining Unicode char U+011A (decimal 282)
   defining Unicode char U+011B (decimal 283)
   defining Unicode char U+011E (decimal 286)
   defining Unicode char U+011F (decimal 287)
   defining Unicode char U+0130 (decimal 304)
   defining Unicode char U+0131 (decimal 305)
   defining Unicode char U+0132 (decimal 306)
   defining Unicode char U+0133 (decimal 307)
   defining Unicode char U+0139 (decimal 313)
   defining Unicode char U+013A (decimal 314)
   defining Unicode char U+013D (decimal 317)
   defining Unicode char U+013E (decimal 318)
   defining Unicode char U+0141 (decimal 321)
   defining Unicode char U+0142 (decimal 322)
   defining Unicode char U+0143 (decimal 323)
   defining Unicode char U+0144 (decimal 324)
   defining Unicode char U+0147 (decimal 327)
   defining Unicode char U+0148 (decimal 328)
   defining Unicode char U+014A (decimal 330)
   defining Unicode char U+014B (decimal 331)
   defining Unicode char U+0150 (decimal 336)
   defining Unicode char U+0151 (decimal 337)
   defining Unicode char U+0152 (decimal 338)
   defining Unicode char U+0153 (decimal 339)
   defining Unicode char U+0154 (decimal 340)
   defining Unicode char U+0155 (decimal 341)
   defining Unicode char U+0158 (decimal 344)
   defining Unicode char U+0159 (decimal 345)
   defining Unicode char U+015A (decimal 346)
   defining Unicode char U+015B (decimal 347)
   defining Unicode char U+015E (decimal 350)
   defining Unicode char U+015F (decimal 351)
   defining Unicode char U+0160 (decimal 352)
   defining Unicode char U+0161 (decimal 353)
   defining Unicode char U+0162 (decimal 354)
   defining Unicode char U+0163 (decimal 355)
   defining Unicode char U+0164 (decimal 356)
   defining Unicode char U+0165 (decimal 357)
   defining Unicode char U+016E (decimal 366)
   defining Unicode char U+016F (decimal 367)
   defining Unicode char U+0170 (decimal 368)
   defining Unicode char U+0171 (decimal 369)
   defining Unicode char U+0178 (decimal 376)
   defining Unicode char U+0179 (decimal 377)
   defining Unicode char U+017A (decimal 378)
   defining Unicode char U+017B (decimal 379)
   defining Unicode char U+017C (decimal 380)
   defining Unicode char U+017D (decimal 381)
   defining Unicode char U+017E (decimal 382)
   defining Unicode char U+200C (decimal 8204)
   defining Unicode char U+2013 (decimal 8211)
   defining Unicode char U+2014 (decimal 8212)
   defining Unicode char U+2018 (decimal 8216)
   defining Unicode char U+2019 (decimal 8217)
   defining Unicode char U+201A (decimal 8218)
   defining Unicode char U+201C (decimal 8220)
   defining Unicode char U+201D (decimal 8221)
   defining Unicode char U+201E (decimal 8222)
   defining Unicode char U+2030 (decimal 8240)
   defining Unicode char U+2031 (decimal 8241)
   defining Unicode char U+2039 (decimal 8249)
   defining Unicode char U+203A (decimal 8250)
   defining Unicode char U+2423 (decimal 9251)
)
Now handling font encoding OT1 ...
... processing UTF-8 mapping file for font encoding OT1

("C:\Program Files\MiKTeX 2.8\tex\latex\base\ot1enc.dfu"
File: ot1enc.dfu 2008/04/05 v1.1m UTF-8 support for inputenc
   defining Unicode char U+00A1 (decimal 161)
   defining Unicode char U+00A3 (decimal 163)
   defining Unicode char U+00B8 (decimal 184)
   defining Unicode char U+00BF (decimal 191)
   defining Unicode char U+00C5 (decimal 197)
   defining Unicode char U+00C6 (decimal 198)
   defining Unicode char U+00D8 (decimal 216)
   defining Unicode char U+00DF (decimal 223)
   defining Unicode char U+00E6 (decimal 230)
   defining Unicode char U+00EC (decimal 236)
   defining Unicode char U+00ED (decimal 237)
   defining Unicode char U+00EE (decimal 238)
   defining Unicode char U+00EF (decimal 239)
   defining Unicode char U+00F8 (decimal 248)
   defining Unicode char U+0131 (decimal 305)
   defining Unicode char U+0141 (decimal 321)
   defining Unicode char U+0142 (decimal 322)
   defining Unicode char U+0152 (decimal 338)
   defining Unicode char U+0153 (decimal 339)
   defining Unicode char U+2013 (decimal 8211)
   defining Unicode char U+2014 (decimal 8212)
   defining Unicode char U+2018 (decimal 8216)
   defining Unicode char U+2019 (decimal 8217)
   defining Unicode char U+201C (decimal 8220)
   defining Unicode char U+201D (decimal 8221)
)
Now handling font encoding OMS ...
... processing UTF-8 mapping file for font encoding OMS

("C:\Program Files\MiKTeX 2.8\tex\latex\base\omsenc.dfu"
File: omsenc.dfu 2008/04/05 v1.1m UTF-8 support for inputenc
   defining Unicode char U+00A7 (decimal 167)
   defining Unicode char U+00B6 (decimal 182)
   defining Unicode char U+00B7 (decimal 183)
   defining Unicode char U+2020 (decimal 8224)
   defining Unicode char U+2021 (decimal 8225)
   defining Unicode char U+2022 (decimal 8226)
)
Now handling font encoding OMX ...
... no UTF-8 mapping file for font encoding OMX
Now handling font encoding U ...
... no UTF-8 mapping file for font encoding U
   defining Unicode char U+00A9 (decimal 169)
   defining Unicode char U+00AA (decimal 170)
   defining Unicode char U+00AE (decimal 174)
   defining Unicode char U+00BA (decimal 186)
   defining Unicode char U+02C6 (decimal 710)
   defining Unicode char U+02DC (decimal 732)
   defining Unicode char U+200C (decimal 8204)
   defining Unicode char U+2026 (decimal 8230)
   defining Unicode char U+2122 (decimal 8482)
   defining Unicode char U+2423 (decimal 9251)
))
   defining Unicode char U+00A0 (decimal 160)

("C:\Program Files\MiKTeX 2.8\tex\latex\base\fontenc.sty"
Package: fontenc 2005/09/27 v1.99g Standard LaTeX package

("C:\Program Files\MiKTeX 2.8\tex\latex\base\t1enc.def"
File: t1enc.def 2005/09/27 v1.99g Standard LaTeX file
LaTeX Font Info:    Redeclaring font encoding T1 on input line 43.
))
("C:\Program Files\MiKTeX 2.8\tex\generic\babel\babel.sty"
Package: babel 2008/07/06 v3.8l The Babel package

*************************************
* Local config file bblopts.cfg used
*
("C:\Program Files\MiKTeX 2.8\tex\latex\00miktex\bblopts.cfg"
File: bblopts.cfg 2006/07/31 v1.0 MiKTeX 'babel' configuration
)
("C:\Program Files\MiKTeX 2.8\tex\generic\babel\english.ldf"
Language: english 2005/03/30 v3.3o English support from the babel system

("C:\Program Files\MiKTeX 2.8\tex\generic\babel\babel.def"
File: babel.def 2008/07/06 v3.8l Babel common definitions
\babel@savecnt=\count88
\U@D=\dimen103
)
\l@canadian = a dialect from \language\l@american 
\l@australian = a dialect from \language\l@british 
\l@newzealand = a dialect from \language\l@british 
))
("C:\Program Files\MiKTeX 2.8\tex\latex\psnfss\times.sty"
Package: times 2005/04/12 PSNFSS-v9.2a (SPQR) 
)
("C:\Documents and Settings\Dave Bridges\My Documents\Source\mousedb\src\moused
b\Docs\build\latex\fncychap.sty"
Package: fncychap 2007/07/30 v1.34 LaTeX package (Revised chapters)
\RW=\skip43
\mylen=\skip44
\myhi=\skip45
\px=\skip46
\py=\skip47
\pyy=\skip48
\pxx=\skip49
\c@AlphaCnt=\count89
\c@AlphaDecCnt=\count90
)
("C:\Program Files\MiKTeX 2.8\tex\latex\tools\longtable.sty"
Package: longtable 2004/02/01 v4.11 Multi-page Table package (DPC)
\LTleft=\skip50
\LTright=\skip51
\LTpre=\skip52
\LTpost=\skip53
\LTchunksize=\count91
\LTcapwidth=\dimen104
\LT@head=\box26
\LT@firsthead=\box27
\LT@foot=\box28
\LT@lastfoot=\box29
\LT@cols=\count92
\LT@rows=\count93
\c@LT@tables=\count94
\c@LT@chunks=\count95
\LT@p@ftn=\toks16
)
("C:\Documents and Settings\Dave Bridges\My Documents\Source\mousedb\src\moused
b\Docs\build\latex\sphinx.sty"
Package: sphinx 2010/01/15 LaTeX package (Sphinx markup)

("C:\Program Files\MiKTeX 2.8\tex\latex\base\textcomp.sty"
Package: textcomp 2005/09/27 v1.99g Standard LaTeX package
Package textcomp Info: Sub-encoding information:
(textcomp)               5 = only ISO-Adobe without \textcurrency
(textcomp)               4 = 5 + \texteuro
(textcomp)               3 = 4 + \textohm
(textcomp)               2 = 3 + \textestimated + \textcurrency
(textcomp)               1 = TS1 - \textcircled - \t
(textcomp)               0 = TS1 (full)
(textcomp)             Font families with sub-encoding setting implement
(textcomp)             only a restricted character set as indicated.
(textcomp)             Family '?' is the default used for unknown fonts.
(textcomp)             See the documentation for details.
Package textcomp Info: Setting ? sub-encoding to TS1/1 on input line 71.

("C:\Program Files\MiKTeX 2.8\tex\latex\base\ts1enc.def"
File: ts1enc.def 2001/06/05 v3.0e (jk/car/fm) Standard LaTeX file
Now handling font encoding TS1 ...
... processing UTF-8 mapping file for font encoding TS1

("C:\Program Files\MiKTeX 2.8\tex\latex\base\ts1enc.dfu"
File: ts1enc.dfu 2008/04/05 v1.1m UTF-8 support for inputenc
   defining Unicode char U+00A2 (decimal 162)
   defining Unicode char U+00A3 (decimal 163)
   defining Unicode char U+00A4 (decimal 164)
   defining Unicode char U+00A5 (decimal 165)
   defining Unicode char U+00A6 (decimal 166)
   defining Unicode char U+00A7 (decimal 167)
   defining Unicode char U+00A8 (decimal 168)
   defining Unicode char U+00A9 (decimal 169)
   defining Unicode char U+00AA (decimal 170)
   defining Unicode char U+00AC (decimal 172)
   defining Unicode char U+00AE (decimal 174)
   defining Unicode char U+00AF (decimal 175)
   defining Unicode char U+00B0 (decimal 176)
   defining Unicode char U+00B1 (decimal 177)
   defining Unicode char U+00B2 (decimal 178)
   defining Unicode char U+00B3 (decimal 179)
   defining Unicode char U+00B4 (decimal 180)
   defining Unicode char U+00B5 (decimal 181)
   defining Unicode char U+00B6 (decimal 182)
   defining Unicode char U+00B7 (decimal 183)
   defining Unicode char U+00B9 (decimal 185)
   defining Unicode char U+00BA (decimal 186)
   defining Unicode char U+00BC (decimal 188)
   defining Unicode char U+00BD (decimal 189)
   defining Unicode char U+00BE (decimal 190)
   defining Unicode char U+00D7 (decimal 215)
   defining Unicode char U+00F7 (decimal 247)
   defining Unicode char U+0192 (decimal 402)
   defining Unicode char U+02C7 (decimal 711)
   defining Unicode char U+02D8 (decimal 728)
   defining Unicode char U+02DD (decimal 733)
   defining Unicode char U+0E3F (decimal 3647)
   defining Unicode char U+2016 (decimal 8214)
   defining Unicode char U+2020 (decimal 8224)
   defining Unicode char U+2021 (decimal 8225)
   defining Unicode char U+2022 (decimal 8226)
   defining Unicode char U+2030 (decimal 8240)
   defining Unicode char U+2031 (decimal 8241)
   defining Unicode char U+203B (decimal 8251)
   defining Unicode char U+203D (decimal 8253)
   defining Unicode char U+2044 (decimal 8260)
   defining Unicode char U+204E (decimal 8270)
   defining Unicode char U+2052 (decimal 8274)
   defining Unicode char U+20A1 (decimal 8353)
   defining Unicode char U+20A4 (decimal 8356)
   defining Unicode char U+20A6 (decimal 8358)
   defining Unicode char U+20A9 (decimal 8361)
   defining Unicode char U+20AB (decimal 8363)
   defining Unicode char U+20AC (decimal 8364)
   defining Unicode char U+20B1 (decimal 8369)
   defining Unicode char U+2103 (decimal 8451)
   defining Unicode char U+2116 (decimal 8470)
   defining Unicode char U+2117 (decimal 8471)
   defining Unicode char U+211E (decimal 8478)
   defining Unicode char U+2120 (decimal 8480)
   defining Unicode char U+2122 (decimal 8482)
   defining Unicode char U+2126 (decimal 8486)
   defining Unicode char U+2127 (decimal 8487)
   defining Unicode char U+212E (decimal 8494)
   defining Unicode char U+2190 (decimal 8592)
   defining Unicode char U+2191 (decimal 8593)
   defining Unicode char U+2192 (decimal 8594)
   defining Unicode char U+2193 (decimal 8595)
   defining Unicode char U+2329 (decimal 9001)
   defining Unicode char U+232A (decimal 9002)
   defining Unicode char U+2422 (decimal 9250)
   defining Unicode char U+25E6 (decimal 9702)
   defining Unicode char U+25EF (decimal 9711)
   defining Unicode char U+266A (decimal 9834)
))
LaTeX Info: Redefining \oldstylenums on input line 266.
Package textcomp Info: Setting cmr sub-encoding to TS1/0 on input line 281.
Package textcomp Info: Setting cmss sub-encoding to TS1/0 on input line 282.
Package textcomp Info: Setting cmtt sub-encoding to TS1/0 on input line 283.
Package textcomp Info: Setting cmvtt sub-encoding to TS1/0 on input line 284.
Package textcomp Info: Setting cmbr sub-encoding to TS1/0 on input line 285.
Package textcomp Info: Setting cmtl sub-encoding to TS1/0 on input line 286.
Package textcomp Info: Setting ccr sub-encoding to TS1/0 on input line 287.
Package textcomp Info: Setting ptm sub-encoding to TS1/4 on input line 288.
Package textcomp Info: Setting pcr sub-encoding to TS1/4 on input line 289.
Package textcomp Info: Setting phv sub-encoding to TS1/4 on input line 290.
Package textcomp Info: Setting ppl sub-encoding to TS1/3 on input line 291.
Package textcomp Info: Setting pag sub-encoding to TS1/4 on input line 292.
Package textcomp Info: Setting pbk sub-encoding to TS1/4 on input line 293.
Package textcomp Info: Setting pnc sub-encoding to TS1/4 on input line 294.
Package textcomp Info: Setting pzc sub-encoding to TS1/4 on input line 295.
Package textcomp Info: Setting bch sub-encoding to TS1/4 on input line 296.
Package textcomp Info: Setting put sub-encoding to TS1/5 on input line 297.
Package textcomp Info: Setting uag sub-encoding to TS1/5 on input line 298.
Package textcomp Info: Setting ugq sub-encoding to TS1/5 on input line 299.
Package textcomp Info: Setting ul8 sub-encoding to TS1/4 on input line 300.
Package textcomp Info: Setting ul9 sub-encoding to TS1/4 on input line 301.
Package textcomp Info: Setting augie sub-encoding to TS1/5 on input line 302.
Package textcomp Info: Setting dayrom sub-encoding to TS1/3 on input line 303.
Package textcomp Info: Setting dayroms sub-encoding to TS1/3 on input line 304.

Package textcomp Info: Setting pxr sub-encoding to TS1/0 on input line 305.
Package textcomp Info: Setting pxss sub-encoding to TS1/0 on input line 306.
Package textcomp Info: Setting pxtt sub-encoding to TS1/0 on input line 307.
Package textcomp Info: Setting txr sub-encoding to TS1/0 on input line 308.
Package textcomp Info: Setting txss sub-encoding to TS1/0 on input line 309.
Package textcomp Info: Setting txtt sub-encoding to TS1/0 on input line 310.
Package textcomp Info: Setting futs sub-encoding to TS1/4 on input line 311.
Package textcomp Info: Setting futx sub-encoding to TS1/4 on input line 312.
Package textcomp Info: Setting futj sub-encoding to TS1/4 on input line 313.
Package textcomp Info: Setting hlh sub-encoding to TS1/3 on input line 314.
Package textcomp Info: Setting hls sub-encoding to TS1/3 on input line 315.
Package textcomp Info: Setting hlst sub-encoding to TS1/3 on input line 316.
Package textcomp Info: Setting hlct sub-encoding to TS1/5 on input line 317.
Package textcomp Info: Setting hlx sub-encoding to TS1/5 on input line 318.
Package textcomp Info: Setting hlce sub-encoding to TS1/5 on input line 319.
Package textcomp Info: Setting hlcn sub-encoding to TS1/5 on input line 320.
Package textcomp Info: Setting hlcw sub-encoding to TS1/5 on input line 321.
Package textcomp Info: Setting hlcf sub-encoding to TS1/5 on input line 322.
Package textcomp Info: Setting pplx sub-encoding to TS1/3 on input line 323.
Package textcomp Info: Setting pplj sub-encoding to TS1/3 on input line 324.
Package textcomp Info: Setting ptmx sub-encoding to TS1/4 on input line 325.
Package textcomp Info: Setting ptmj sub-encoding to TS1/4 on input line 326.
)
("C:\Documents and Settings\Dave Bridges\Application Data\MiKTeX\2.8\tex\latex\
fancyhdr\fancyhdr.sty"
\fancy@headwidth=\skip54
\f@ncyO@elh=\skip55
\f@ncyO@erh=\skip56
\f@ncyO@olh=\skip57
\f@ncyO@orh=\skip58
\f@ncyO@elf=\skip59
\f@ncyO@erf=\skip60
\f@ncyO@olf=\skip61
\f@ncyO@orf=\skip62
)
("C:\Documents and Settings\Dave Bridges\Application Data\MiKTeX\2.8\tex\latex\
fancybox\fancybox.sty"
Package: fancybox 2010/05/15 1.4

Style option: `fancybox' v1.4 <2010/05/15> (tvz)
\@fancybox=\box30
\shadowsize=\dimen105
\@Sbox=\box31
\do@VerbBox=\toks17
\the@fancyput=\toks18
\this@fancyput=\toks19
\EndVerbatimTokens=\toks20
\Verbatim@Outfile=\write3
\Verbatim@Infile=\read1
)
("C:\Documents and Settings\Dave Bridges\Application Data\MiKTeX\2.8\tex\latex\
titlesec\titlesec.sty"
Package: titlesec 2007/08/12 v2.8 Sectioning titles
\ttl@box=\box32
\beforetitleunit=\skip63
\aftertitleunit=\skip64
\ttl@plus=\dimen106
\ttl@minus=\dimen107
\ttl@toksa=\toks21
\titlewidth=\dimen108
\titlewidthlast=\dimen109
\titlewidthfirst=\dimen110
)
("C:\Documents and Settings\Dave Bridges\My Documents\Source\mousedb\src\moused
b\Docs\build\latex\tabulary.sty"
Package: tabulary 2007/10/02 v0.9 tabulary package (DPC)

("C:\Program Files\MiKTeX 2.8\tex\latex\tools\array.sty"
Package: array 2008/09/09 v2.4c Tabular extension package (FMi)
\col@sep=\dimen111
\extrarowheight=\dimen112
\NC@list=\toks22
\extratabsurround=\skip65
\backup@length=\skip66
)
\TY@count=\count96
\TY@linewidth=\dimen113
\tymin=\dimen114
\tymax=\dimen115
\TY@tablewidth=\dimen116
)
("C:\Program Files\MiKTeX 2.8\tex\latex\ams\math\amsmath.sty"
Package: amsmath 2000/07/18 v2.13 AMS math features
\@mathmargin=\skip67

For additional information on amsmath, use the `?' option.
("C:\Program Files\MiKTeX 2.8\tex\latex\ams\math\amstext.sty"
Package: amstext 2000/06/29 v2.01

("C:\Program Files\MiKTeX 2.8\tex\latex\ams\math\amsgen.sty"
File: amsgen.sty 1999/11/30 v2.0
\@emptytoks=\toks23
\ex@=\dimen117
))
("C:\Program Files\MiKTeX 2.8\tex\latex\ams\math\amsbsy.sty"
Package: amsbsy 1999/11/29 v1.2d
\pmbraise@=\dimen118
)
("C:\Program Files\MiKTeX 2.8\tex\latex\ams\math\amsopn.sty"
Package: amsopn 1999/12/14 v2.01 operator names
)
\inf@bad=\count97
LaTeX Info: Redefining \frac on input line 211.
\uproot@=\count98
\leftroot@=\count99
LaTeX Info: Redefining \overline on input line 307.
\classnum@=\count100
\DOTSCASE@=\count101
LaTeX Info: Redefining \ldots on input line 379.
LaTeX Info: Redefining \dots on input line 382.
LaTeX Info: Redefining \cdots on input line 467.
\Mathstrutbox@=\box33
\strutbox@=\box34
\big@size=\dimen119
LaTeX Font Info:    Redeclaring font encoding OML on input line 567.
LaTeX Font Info:    Redeclaring font encoding OMS on input line 568.
\macc@depth=\count102
\c@MaxMatrixCols=\count103
\dotsspace@=\muskip10
\c@parentequation=\count104
\dspbrk@lvl=\count105
\tag@help=\toks24
\row@=\count106
\column@=\count107
\maxfields@=\count108
\andhelp@=\toks25
\eqnshift@=\dimen120
\alignsep@=\dimen121
\tagshift@=\dimen122
\tagwidth@=\dimen123
\totwidth@=\dimen124
\lineht@=\dimen125
\@envbody=\toks26
\multlinegap=\skip68
\multlinetaggap=\skip69
\mathdisplay@stack=\toks27
LaTeX Info: Redefining \[ on input line 2666.
LaTeX Info: Redefining \] on input line 2667.
)
("C:\Program Files\MiKTeX 2.8\tex\latex\base\makeidx.sty"
Package: makeidx 2000/03/29 v1.0m Standard LaTeX package
)
("C:\Documents and Settings\Dave Bridges\Application Data\MiKTeX\2.8\tex\latex\
framed\framed.sty"
Package: framed 2007/10/04 v 0.95: framed or shaded text with page breaks
\fb@frw=\dimen126
\fb@frh=\dimen127
\FrameRule=\dimen128
\FrameSep=\dimen129
) ("C:\Program Files\MiKTeX 2.8\tex\latex\base\ifthen.sty"
Package: ifthen 2001/05/26 v1.1c Standard LaTeX ifthen package (DPC)
)
("C:\Program Files\MiKTeX 2.8\tex\latex\graphics\color.sty"
Package: color 2005/11/14 v1.0j Standard LaTeX Color (DPC)

("C:\Program Files\MiKTeX 2.8\tex\latex\00miktex\color.cfg"
File: color.cfg 2007/01/18 v1.5 color configuration of teTeX/TeXLive
)
Package color Info: Driver file: dvips.def on input line 130.

("C:\Program Files\MiKTeX 2.8\tex\latex\graphics\dvips.def"
File: dvips.def 1999/02/16 v3.0i Driver-dependant file (DPC,SPQR)
)
("C:\Program Files\MiKTeX 2.8\tex\latex\graphics\dvipsnam.def"
File: dvipsnam.def 1999/02/16 v3.0i Driver-dependant file (DPC,SPQR)
))
("C:\Documents and Settings\Dave Bridges\Application Data\MiKTeX\2.8\tex\latex\
fancyvrb\fancyvrb.sty"
Package: fancyvrb 2008/02/07

Style option: `fancyvrb' v2.7a, with DG/SPQR fixes, and firstline=lastline fix 
<2008/02/07> (tvz) ("C:\Program Files\MiKTeX 2.8\tex\latex\graphics\keyval.sty"
Package: keyval 1999/03/16 v1.13 key=value parser (DPC)
\KV@toks@=\toks28
)
\FV@CodeLineNo=\count109
\FV@InFile=\read2
\FV@TabBox=\box35
\c@FancyVerbLine=\count110
\FV@StepNumber=\count111
\FV@OutFile=\write4
)
("C:\Documents and Settings\Dave Bridges\Application Data\MiKTeX\2.8\tex\latex\
threeparttable\threeparttable.sty"
Package: threeparttable 2003/06/13  v 3.0
\@tempboxb=\box36
)
("C:\Documents and Settings\Dave Bridges\Application Data\MiKTeX\2.8\tex\latex\
mdwtools\footnote.sty"
Package: footnote 1997/01/28 1.13 Save footnotes around boxes
\fn@notes=\box37
\fn@width=\dimen130
)
("C:\Documents and Settings\Dave Bridges\Application Data\MiKTeX\2.8\tex\latex\
wrapfig\wrapfig.sty"
\wrapoverhang=\dimen131
\WF@size=\dimen132
\c@WF@wrappedlines=\count112
\WF@box=\box38
\WF@everypar=\toks29
Package: wrapfig 2003/01/31  v 3.6
)
("C:\Program Files\MiKTeX 2.8\tex\latex\ltxmisc\parskip.sty"
Package: parskip 2001/04/09 non-zero parskip adjustments
)
("C:\Program Files\MiKTeX 2.8\tex\latex\graphics\graphicx.sty"
Package: graphicx 1999/02/16 v1.0f Enhanced LaTeX Graphics (DPC,SPQR)

("C:\Program Files\MiKTeX 2.8\tex\latex\graphics\graphics.sty"
Package: graphics 2009/02/05 v1.0o Standard LaTeX Graphics (DPC,SPQR)

("C:\Program Files\MiKTeX 2.8\tex\latex\graphics\trig.sty"
Package: trig 1999/03/16 v1.09 sin cos tan (DPC)
)
("C:\Program Files\MiKTeX 2.8\tex\latex\00miktex\graphics.cfg"
File: graphics.cfg 2007/01/18 v1.5 graphics configuration of teTeX/TeXLive
)
Package graphics Info: Driver file: pdftex.def on input line 91.

("C:\Program Files\MiKTeX 2.8\tex\latex\pdftex-def\pdftex.def"
File: pdftex.def 2010/02/14 v0.04n Graphics/color for pdfTeX


! Package pdftex.def Error: PDF mode expected, but DVI mode detected!
(pdftex.def)                If you are using `latex', then call `pdflatex'.
(pdftex.def)                Otherwise check and correct the driver options.
(pdftex.def)                Error recovery by switching to PDF mode.

See the pdftex.def package documentation for explanation.
Type  H <return>  for immediate help.
 ...                                              
                                                  
l.403     }\@ehc
                
? 
\Gread@gobject=\count113
))
\Gin@req@height=\dimen133
\Gin@req@width=\dimen134
) ("C:\Program Files\MiKTeX 2.8\tex\plain\misc\pdfcolor.tex")
\distancetoright=\skip70
\py@argswidth=\skip71
\py@noticelength=\skip72
\lineblockindentation=\skip73
\image@box=\box39
\image@width=\dimen135

("C:\Program Files\MiKTeX 2.8\tex\latex\hyperref\hyperref.sty"
Package: hyperref 2010/03/30 v6.80u Hypertext links for LaTeX

("C:\Program Files\MiKTeX 2.8\tex\generic\oberdiek\ltxcmds.sty"
Package: ltxcmds 2010/04/08 v1.5 LaTeX kernel commands for general use (HO)
)
("C:\Program Files\MiKTeX 2.8\tex\generic\oberdiek\kvsetkeys.sty"
Package: kvsetkeys 2010/03/01 v1.9 Key value parser (HO)

("C:\Program Files\MiKTeX 2.8\tex\generic\oberdiek\infwarerr.sty"
Package: infwarerr 2010/04/08 v1.3 Providing info/warning/message (HO)
)
("C:\Program Files\MiKTeX 2.8\tex\generic\oberdiek\etexcmds.sty"
Package: etexcmds 2010/01/28 v1.3 Prefix for e-TeX command names (HO)
Package etexcmds Info: Could not find \expanded.
(etexcmds)             That can mean that you are not using pdfTeX 1.50 or
(etexcmds)             that some package has redefined \expanded.
(etexcmds)             In the latter case, load this package earlier.
))
("C:\Program Files\MiKTeX 2.8\tex\generic\oberdiek\pdfescape.sty"
Package: pdfescape 2010/03/01 v1.9 Provides hex, PDF name and string conversion
s (HO)

("C:\Program Files\MiKTeX 2.8\tex\generic\oberdiek\pdftexcmds.sty"
Package: pdftexcmds 2010/04/01 v0.9 Utility functions of pdfTeX for LuaTeX (HO)


("C:\Program Files\MiKTeX 2.8\tex\generic\oberdiek\ifluatex.sty"
Package: ifluatex 2010/03/01 v1.3 Provides the ifluatex switch (HO)
Package ifluatex Info: LuaTeX not detected.
)
Package pdftexcmds Info: LuaTeX not detected.
Package pdftexcmds Info: \pdf@primitive is available.
Package pdftexcmds Info: \pdf@ifprimitive is available.
))
("C:\Program Files\MiKTeX 2.8\tex\generic\oberdiek\ifpdf.sty"
Package: ifpdf 2010/01/28 v2.1 Provides the ifpdf switch (HO)
Package ifpdf Info: pdfTeX in pdf mode detected.
)
("C:\Program Files\MiKTeX 2.8\tex\generic\oberdiek\ifvtex.sty"
Package: ifvtex 2010/03/01 v1.5 Switches for detecting VTeX and its modes (HO)
Package ifvtex Info: VTeX not detected.
)
("C:\Program Files\MiKTeX 2.8\tex\latex\ifxetex\ifxetex.sty"
Package: ifxetex 2009/01/23 v0.5 Provides ifxetex conditional
)
("C:\Program Files\MiKTeX 2.8\tex\latex\oberdiek\hycolor.sty"
Package: hycolor 2009/12/12 v1.6 Color options of hyperref/bookmark (HO)

("C:\Program Files\MiKTeX 2.8\tex\latex\oberdiek\xcolor-patch.sty"
Package: xcolor-patch 2009/12/12 xcolor patch
))
("C:\Program Files\MiKTeX 2.8\tex\latex\oberdiek\letltxmacro.sty"
Package: letltxmacro 2008/06/24 v1.3 Let assignment for LaTeX macros (HO)
)
\@linkdim=\dimen136
\Hy@linkcounter=\count114
\Hy@pagecounter=\count115

("C:\Program Files\MiKTeX 2.8\tex\latex\hyperref\pd1enc.def"
File: pd1enc.def 2010/03/30 v6.80u Hyperref: PDFDocEncoding definition (HO)
Now handling font encoding PD1 ...
... no UTF-8 mapping file for font encoding PD1
)
("C:\Program Files\MiKTeX 2.8\tex\generic\oberdiek\intcalc.sty"
Package: intcalc 2007/09/27 v1.1 Expandable integer calculations (HO)
)
("C:\Program Files\MiKTeX 2.8\tex\latex\00miktex\hyperref.cfg"
File: hyperref.cfg 2002/06/06 v1.2 hyperref configuration of TeXLive
)
("C:\Program Files\MiKTeX 2.8\tex\latex\oberdiek\kvoptions.sty"
Package: kvoptions 2010/02/22 v3.7 Keyval support for LaTeX options (HO)
)
Package hyperref Info: Option `colorlinks' set `true' on input line 3528.
Package hyperref Info: Option `breaklinks' set `true' on input line 3528.
Package hyperref Info: Hyper figures OFF on input line 3609.
Package hyperref Info: Link nesting OFF on input line 3614.
Package hyperref Info: Hyper index ON on input line 3617.
Package hyperref Info: Plain pages OFF on input line 3624.
Package hyperref Info: Backreferencing OFF on input line 3629.

Implicit mode ON; LaTeX internals redefined
Package hyperref Info: Bookmarks ON on input line 3825.
("C:\Program Files\MiKTeX 2.8\tex\latex\ltxmisc\url.sty"
\Urlmuskip=\muskip11
Package: url 2006/04/12  ver 3.3  Verb mode for urls, etc.
)
LaTeX Info: Redefining \url on input line 4105.

("C:\Program Files\MiKTeX 2.8\tex\generic\oberdiek\bitset.sty"
Package: bitset 2007/09/28 v1.0 Data type bit set (HO)

("C:\Program Files\MiKTeX 2.8\tex\generic\oberdiek\bigintcalc.sty"
Package: bigintcalc 2007/11/11 v1.1 Expandable big integer calculations (HO)
))
\Fld@menulength=\count116
\Field@Width=\dimen137
\Fld@charsize=\dimen138
\Field@toks=\toks30
Package hyperref Info: Hyper figures OFF on input line 5083.
Package hyperref Info: Link nesting OFF on input line 5088.
Package hyperref Info: Hyper index ON on input line 5091.
Package hyperref Info: backreferencing OFF on input line 5098.
Package hyperref Info: Link coloring ON on input line 5101.
Package hyperref Info: Link coloring with OCG OFF on input line 5108.
Package hyperref Info: PDF/A mode OFF on input line 5113.
LaTeX Info: Redefining \ref on input line 5153.
LaTeX Info: Redefining \pageref on input line 5157.

("C:\Program Files\MiKTeX 2.8\tex\generic\oberdiek\atbegshi.sty"
Package: atbegshi 2010/03/25 v1.12 At begin shipout hook (HO)
)
\Hy@abspage=\count117
\c@Item=\count118
\c@Hfootnote=\count119
)
* hyperref using default driver hpdftex *
("C:\Program Files\MiKTeX 2.8\tex\latex\hyperref\hpdftex.def"
File: hpdftex.def 2010/03/30 v6.80u Hyperref driver for pdfTeX

("C:\Program Files\MiKTeX 2.8\tex\latex\oberdiek\atveryend.sty"
Package: atveryend 2010/03/24 v1.5 Hooks at very end of document (HO)
Package atveryend Info: \enddocument detected (standard).
)
\Fld@listcount=\count120
\c@bookmark@seq@number=\count121

("C:\Program Files\MiKTeX 2.8\tex\latex\oberdiek\rerunfilecheck.sty"
Package: rerunfilecheck 2010/03/16 v1.6 Rerun checks for auxiliary files (HO)

("C:\Program Files\MiKTeX 2.8\tex\generic\oberdiek\uniquecounter.sty"
Package: uniquecounter 2009/12/18 v1.1 Provides unlimited unique counter (HO)
)
Package uniquecounter Info: New unique counter `rerunfilecheck' on input line 2
71.
)
\Hy@SectionHShift=\skip74
)
("C:\Program Files\MiKTeX 2.8\tex\latex\oberdiek\hypcap.sty"
Package: hypcap 2008/09/08 v1.10 Adjusting anchors of captions (HO)
)
\DUlineblockindent=\skip75
)
\@indexfile=\write5

Writing index file MouseDB.idx

("C:\Documents and Settings\Dave Bridges\My Documents\Source\mousedb\src\moused
b\Docs\build\latex\MouseDB.aux")
LaTeX Font Info:    Checking defaults for OML/cmm/m/it on input line 109.
LaTeX Font Info:    ... okay on input line 109.
LaTeX Font Info:    Checking defaults for T1/cmr/m/n on input line 109.
LaTeX Font Info:    ... okay on input line 109.
LaTeX Font Info:    Checking defaults for OT1/cmr/m/n on input line 109.
LaTeX Font Info:    ... okay on input line 109.
LaTeX Font Info:    Checking defaults for OMS/cmsy/m/n on input line 109.
LaTeX Font Info:    ... okay on input line 109.
LaTeX Font Info:    Checking defaults for OMX/cmex/m/n on input line 109.
LaTeX Font Info:    ... okay on input line 109.
LaTeX Font Info:    Checking defaults for U/cmr/m/n on input line 109.
LaTeX Font Info:    ... okay on input line 109.
LaTeX Font Info:    Checking defaults for TS1/cmr/m/n on input line 109.
LaTeX Font Info:    Try loading font information for TS1+cmr on input line 109.


("C:\Program Files\MiKTeX 2.8\tex\latex\base\ts1cmr.fd"
File: ts1cmr.fd 1999/05/25 v2.5h Standard LaTeX font definitions
)
LaTeX Font Info:    ... okay on input line 109.
LaTeX Font Info:    Checking defaults for PD1/pdf/m/n on input line 109.
LaTeX Font Info:    ... okay on input line 109.
LaTeX Font Info:    Try loading font information for T1+ptm on input line 109.

("C:\Program Files\MiKTeX 2.8\tex\latex\psnfss\t1ptm.fd"
File: t1ptm.fd 2001/06/04 font definitions for T1/ptm.
)
("C:\Program Files\MiKTeX 2.8\tex\context\base\supp-pdf.tex"
[Loading MPS to PDF converter (version 2006.09.02).]
\scratchcounter=\count122
\scratchdimen=\dimen139
\scratchbox=\box40
\nofMPsegments=\count123
\nofMParguments=\count124
\everyMPshowfont=\toks31
\MPscratchCnt=\count125
\MPscratchDim=\dimen140
\MPnumerator=\count126
\everyMPtoPDFconversion=\toks32
)
\AtBeginShipoutBox=\box41
Package hyperref Info: Link coloring ON on input line 109.
 ("C:\Program Files\MiKTeX 2.8\tex\latex\hyperref\nameref.sty"
Package: nameref 2010/01/25 v2.36 Cross-referencing by name of section

("C:\Program Files\MiKTeX 2.8\tex\latex\oberdiek\refcount.sty"
Package: refcount 2008/08/11 v3.1 Data extraction from references (HO)
)
("C:\Program Files\MiKTeX 2.8\tex\generic\oberdiek\gettitlestring.sty"
Package: gettitlestring 2009/12/18 v1.3 Cleanup title references (HO)
)
\c@section@level=\count127
)
LaTeX Info: Redefining \ref on input line 109.
LaTeX Info: Redefining \pageref on input line 109.

("C:\Documents and Settings\Dave Bridges\My Documents\Source\mousedb\src\moused
b\Docs\build\latex\MouseDB.out")
("C:\Documents and Settings\Dave Bridges\My Documents\Source\mousedb\src\moused
b\Docs\build\latex\MouseDB.out")
\@outlinefile=\write6

Underfull \hbox (badness 10000) in paragraph at lines 112--112

 []

LaTeX Font Info:    Try loading font information for T1+phv on input line 112.
("C:\Program Files\MiKTeX 2.8\tex\latex\psnfss\t1phv.fd"
File: t1phv.fd 2001/06/04 scalable font definitions for T1/phv.
)
LaTeX Font Info:    Font shape `T1/phv/bx/n' in size <24.88> not available
(Font)              Font shape `T1/phv/b/n' tried instead on input line 112.
LaTeX Font Info:    Font shape `T1/phv/m/it' in size <17.28> not available
(Font)              Font shape `T1/phv/m/sl' tried instead on input line 112.
LaTeX Font Info:    Font shape `T1/phv/bx/it' in size <17.28> not available
(Font)              Font shape `T1/phv/b/it' tried instead on input line 112.
LaTeX Font Info:    Font shape `T1/phv/b/it' in size <17.28> not available
(Font)              Font shape `T1/phv/b/sl' tried instead on input line 112.
LaTeX Font Info:    Font shape `T1/phv/bx/n' in size <17.28> not available
(Font)              Font shape `T1/phv/b/n' tried instead on input line 112.
 [1

{C:/Documents and Settings/Dave Bridges/Local Settings/Application Data/MiKTeX/
2.8/pdftex/config/pdftex.map}] [2

]
("C:\Documents and Settings\Dave Bridges\My Documents\Source\mousedb\src\moused
b\Docs\build\latex\MouseDB.toc"
LaTeX Font Info:    Font shape `T1/ptm/bx/n' in size <10> not available
(Font)              Font shape `T1/ptm/b/n' tried instead on input line 2.
LaTeX Font Info:    Font shape `T1/phv/bx/n' in size <10> not available
(Font)              Font shape `T1/phv/b/n' tried instead on input line 74.
pdfTeX warning (ext4): destination with the same identifier (name{page.i}) has 
been already used, duplicate ignored
<to be read again> 
                   \relax 
l.74 ...line {8}Indices and tables}{49}{chapter.8}
                                                   [1

])
\tf@toc=\write7
pdfTeX warning (ext4): destination with the same identifier (name{page.ii}) has
 been already used, duplicate ignored
<to be read again> 
                   \relax 
l.112 \tableofcontents
                       [2] [1

] [2

]
Chapter 1.
LaTeX Font Info:    Font shape `T1/phv/bx/n' in size <14.4> not available
(Font)              Font shape `T1/phv/b/n' tried instead on input line 119.
LaTeX Font Info:    Font shape `T1/phv/bx/n' in size <12> not available
(Font)              Font shape `T1/phv/b/n' tried instead on input line 129.
LaTeX Font Info:    Try loading font information for T1+pcr on input line 131.
("C:\Program Files\MiKTeX 2.8\tex\latex\psnfss\t1pcr.fd"
File: t1pcr.fd 2001/06/04 font definitions for T1/pcr.
) [3] [4]
Chapter 2.

Underfull \hbox (badness 7168) in paragraph at lines 191--192
[]\T1/ptm/b/n/10 Python\T1/ptm/m/n/10 . Re-quires Ver-sion 2.6, is not yet com-
pat-i-ble with Python 3.0. Down-load from
 []


Underfull \hbox (badness 10000) in paragraph at lines 213--214
\T1/ptm/m/n/10 . It is also pos-si-ble to use SQLite, Post-greSQL, MySQL, or Or
-a-cle. See
 []

[5

]
LaTeX Font Info:    Try loading font information for TS1+ptm on input line 248.

 ("C:\Program Files\MiKTeX 2.8\tex\latex\psnfss\ts1ptm.fd"
File: ts1ptm.fd 2001/06/04 font definitions for TS1/ptm.
)
Underfull \hbox (badness 10000) in paragraph at lines 249--250
[]\T1/ptm/m/n/10 ENGINE: Choose one of `django.db.backends.postgresql_psycopg2'
,'django.db.backends.postgresql',
 []

[6]
Underfull \hbox (badness 10000) in paragraph at lines 339--340
\T1/ptm/m/n/10 From the mousedb di-rec-tory run \T1/ptm/b/n/10 bin\test \T1/ptm
/m/n/10 or \T1/ptm/b/n/10 bin\django test \T1/ptm/m/n/10 to run the test suite.
 See
 []

[7] [8

]
Chapter 3.
[9] [10

]
Chapter 4.
[11] [12]
Chapter 5.
[13

] [14

]
Chapter 6.
[15] [16

]
Chapter 7.
LaTeX Font Info:    Font shape `T1/pcr/bx/n' in size <10> not available
(Font)              Font shape `T1/pcr/b/n' tried instead on input line 549.
[17] [18] [19] [20] [21]
Underfull \hbox (badness 10000) in paragraph at lines 1463--1463
[]\T1/ptm/m/it/10 data=None\T1/ptm/m/n/10 , \T1/ptm/m/it/10 files=None\T1/ptm/m
/n/10 , \T1/ptm/m/it/10 auto_id='id_%s'\T1/ptm/m/n/10 , \T1/ptm/m/it/10 pre-
 []


Underfull \hbox (badness 10000) in paragraph at lines 1463--1463
\T1/ptm/m/it/10 fix=None\T1/ptm/m/n/10 , \T1/ptm/m/it/10 ini-tial=None\T1/ptm/m
/n/10 , \T1/ptm/m/it/10 er-ror_class=<class
 []


Underfull \hbox (badness 10000) in paragraph at lines 1463--1463
\T1/ptm/m/it/10 `django.forms.util.ErrorList'>\T1/ptm/m/n/10 , \T1/ptm/m/it/10 
la-bel_suffix=':'\T1/ptm/m/n/10 ,
 []

[22]
Underfull \hbox (badness 6300) in paragraph at lines 1499--1499
[]\T1/ptm/m/it/10 data=None\T1/ptm/m/n/10 , \T1/ptm/m/it/10 files=None\T1/ptm/m
/n/10 , \T1/ptm/m/it/10 auto_id='id_%s'\T1/ptm/m/n/10 , \T1/ptm/m/it/10 pre-
 []


Underfull \hbox (badness 10000) in paragraph at lines 1499--1499
\T1/ptm/m/it/10 fix=None\T1/ptm/m/n/10 , \T1/ptm/m/it/10 ini-tial=None\T1/ptm/m
/n/10 , \T1/ptm/m/it/10 er-ror_class=<class
 []


Underfull \hbox (badness 10000) in paragraph at lines 1499--1499
\T1/ptm/m/it/10 `django.forms.util.ErrorList'>\T1/ptm/m/n/10 , \T1/ptm/m/it/10 
la-bel_suffix=':'\T1/ptm/m/n/10 ,
 []


Underfull \hbox (badness 10000) in paragraph at lines 1542--1542
[]\T1/ptm/m/it/10 data=None\T1/ptm/m/n/10 , \T1/ptm/m/it/10 files=None\T1/ptm/m
/n/10 ,
 []


Underfull \hbox (badness 10000) in paragraph at lines 1542--1542
\T1/ptm/m/it/10 auto_id='id_%s'\T1/ptm/m/n/10 , \T1/ptm/m/it/10 pre-fix=None\T1
/ptm/m/n/10 , \T1/ptm/m/it/10 ini-
 []


Underfull \hbox (badness 10000) in paragraph at lines 1542--1542
\T1/ptm/m/it/10 tial=None\T1/ptm/m/n/10 , \T1/ptm/m/it/10 er-ror_class=<class
 []


Underfull \hbox (badness 10000) in paragraph at lines 1542--1542
\T1/ptm/m/it/10 `django.forms.util.ErrorList'>\T1/ptm/m/n/10 , \T1/ptm/m/it/10 
la-
 []


Underfull \hbox (badness 10000) in paragraph at lines 1542--1542
\T1/ptm/m/it/10 bel_suffix=':'\T1/ptm/m/n/10 , \T1/ptm/m/it/10 empty_permitted=
False\T1/ptm/m/n/10 ,
 []


Underfull \hbox (badness 10000) in paragraph at lines 1578--1578
[]\T1/ptm/m/it/10 data=None\T1/ptm/m/n/10 , \T1/ptm/m/it/10 files=None\T1/ptm/m
/n/10 , \T1/ptm/m/it/10 auto_id='id_%s'\T1/ptm/m/n/10 , \T1/ptm/m/it/10 pre-
 []


Underfull \hbox (badness 10000) in paragraph at lines 1578--1578
\T1/ptm/m/it/10 fix=None\T1/ptm/m/n/10 , \T1/ptm/m/it/10 ini-tial=None\T1/ptm/m
/n/10 , \T1/ptm/m/it/10 er-ror_class=<class
 []


Underfull \hbox (badness 10000) in paragraph at lines 1578--1578
\T1/ptm/m/it/10 `django.forms.util.ErrorList'>\T1/ptm/m/n/10 , \T1/ptm/m/it/10 
la-bel_suffix=':'\T1/ptm/m/n/10 ,
 []

[23]
Underfull \hbox (badness 10000) in paragraph at lines 1614--1614
[]\T1/ptm/m/it/10 data=None\T1/ptm/m/n/10 , \T1/ptm/m/it/10 files=None\T1/ptm/m
/n/10 , \T1/ptm/m/it/10 auto_id='id_%s'\T1/ptm/m/n/10 , \T1/ptm/m/it/10 pre-
 []


Underfull \hbox (badness 10000) in paragraph at lines 1614--1614
\T1/ptm/m/it/10 fix=None\T1/ptm/m/n/10 , \T1/ptm/m/it/10 ini-tial=None\T1/ptm/m
/n/10 , \T1/ptm/m/it/10 er-ror_class=<class
 []


Underfull \hbox (badness 10000) in paragraph at lines 1614--1614
\T1/ptm/m/it/10 `django.forms.util.ErrorList'>\T1/ptm/m/n/10 , \T1/ptm/m/it/10 
la-bel_suffix=':'\T1/ptm/m/n/10 ,
 []

[24] [25] [26] [27] [28] [29]
Underfull \hbox (badness 10000) in paragraph at lines 2390--2390
[]\T1/ptm/m/it/10 data=None\T1/ptm/m/n/10 , \T1/ptm/m/it/10 files=None\T1/ptm/m
/n/10 , \T1/ptm/m/it/10 auto_id='id_%s'\T1/ptm/m/n/10 , \T1/ptm/m/it/10 pre-
 []


Underfull \hbox (badness 10000) in paragraph at lines 2390--2390
\T1/ptm/m/it/10 fix=None\T1/ptm/m/n/10 , \T1/ptm/m/it/10 ini-tial=None\T1/ptm/m
/n/10 , \T1/ptm/m/it/10 er-ror_class=<class
 []


Underfull \hbox (badness 10000) in paragraph at lines 2390--2390
\T1/ptm/m/it/10 `django.forms.util.ErrorList'>\T1/ptm/m/n/10 , \T1/ptm/m/it/10 
la-bel_suffix=':'\T1/ptm/m/n/10 ,
 []


Underfull \hbox (badness 10000) in paragraph at lines 2433--2433
[]\T1/ptm/m/it/10 data=None\T1/ptm/m/n/10 , \T1/ptm/m/it/10 files=None\T1/ptm/m
/n/10 , \T1/ptm/m/it/10 auto_id='id_%s'\T1/ptm/m/n/10 , \T1/ptm/m/it/10 pre-
 []


Underfull \hbox (badness 10000) in paragraph at lines 2433--2433
\T1/ptm/m/it/10 fix=None\T1/ptm/m/n/10 , \T1/ptm/m/it/10 ini-tial=None\T1/ptm/m
/n/10 , \T1/ptm/m/it/10 er-ror_class=<class
 []


Underfull \hbox (badness 10000) in paragraph at lines 2433--2433
\T1/ptm/m/it/10 `django.forms.util.ErrorList'>\T1/ptm/m/n/10 , \T1/ptm/m/it/10 
la-bel_suffix=':'\T1/ptm/m/n/10 ,
 []


Underfull \hbox (badness 10000) in paragraph at lines 2476--2476
[]\T1/ptm/m/it/10 data=None\T1/ptm/m/n/10 , \T1/ptm/m/it/10 files=None\T1/ptm/m
/n/10 ,
 []


Underfull \hbox (badness 10000) in paragraph at lines 2476--2476
\T1/ptm/m/it/10 auto_id='id_%s'\T1/ptm/m/n/10 , \T1/ptm/m/it/10 pre-fix=None\T1
/ptm/m/n/10 , \T1/ptm/m/it/10 ini-
 []


Underfull \hbox (badness 10000) in paragraph at lines 2476--2476
\T1/ptm/m/it/10 tial=None\T1/ptm/m/n/10 , \T1/ptm/m/it/10 er-ror_class=<class
 []


Underfull \hbox (badness 10000) in paragraph at lines 2476--2476
\T1/ptm/m/it/10 `django.forms.util.ErrorList'>\T1/ptm/m/n/10 , \T1/ptm/m/it/10 
la-
 []


Underfull \hbox (badness 10000) in paragraph at lines 2476--2476
\T1/ptm/m/it/10 bel_suffix=':'\T1/ptm/m/n/10 , \T1/ptm/m/it/10 empty_permitted=
False\T1/ptm/m/n/10 ,
 []

[30]
Underfull \hbox (badness 10000) in paragraph at lines 2512--2512
[]\T1/ptm/m/it/10 data=None\T1/ptm/m/n/10 , \T1/ptm/m/it/10 files=None\T1/ptm/m
/n/10 ,
 []


Underfull \hbox (badness 10000) in paragraph at lines 2512--2512
\T1/ptm/m/it/10 auto_id='id_%s'\T1/ptm/m/n/10 , \T1/ptm/m/it/10 pre-
 []


Underfull \hbox (badness 10000) in paragraph at lines 2512--2512
\T1/ptm/m/it/10 fix=None\T1/ptm/m/n/10 , \T1/ptm/m/it/10 ini-tial=None\T1/ptm/m
/n/10 ,
 []


Underfull \hbox (badness 10000) in paragraph at lines 2512--2512
\T1/ptm/m/it/10 er-ror_class=<class
 []


Underfull \hbox (badness 10000) in paragraph at lines 2512--2512
\T1/ptm/m/it/10 `django.forms.util.ErrorList'>\T1/ptm/m/n/10 ,
 []


Underfull \hbox (badness 10000) in paragraph at lines 2512--2512
\T1/ptm/m/it/10 la-bel_suffix=':'\T1/ptm/m/n/10 ,
 []


Underfull \hbox (badness 10000) in paragraph at lines 2512--2512
\T1/ptm/m/it/10 empty_permitted=False\T1/ptm/m/n/10 , \T1/ptm/m/it/10 in-
 []

[31] [32] [33] [34] [35] [36]
Overfull \hbox (200.21822pt too wide) in paragraph at lines 3323--3325
[]
 []

[37] [38] [39] [40] [41] [42]
Underfull \hbox (badness 10000) in paragraph at lines 4245--4245
[]\T1/ptm/m/it/10 data=None\T1/ptm/m/n/10 , \T1/ptm/m/it/10 files=None\T1/ptm/m
/n/10 ,
 []


Underfull \hbox (badness 10000) in paragraph at lines 4245--4245
\T1/ptm/m/it/10 auto_id='id_%s'\T1/ptm/m/n/10 , \T1/ptm/m/it/10 pre-fix=None\T1
/ptm/m/n/10 ,
 []


Underfull \hbox (badness 10000) in paragraph at lines 4245--4245
\T1/ptm/m/it/10 ini-tial=None\T1/ptm/m/n/10 , \T1/ptm/m/it/10 er-ror_class=<cla
ss
 []


Underfull \hbox (badness 10000) in paragraph at lines 4245--4245
\T1/ptm/m/it/10 `django.forms.util.ErrorList'>\T1/ptm/m/n/10 , \T1/ptm/m/it/10 
la-
 []

[43]
Underfull \hbox (badness 6396) in paragraph at lines 4292--4293
[]\T1/ptm/m/n/10 This per-mis-sion re-stricted view takes a url in the form \T1
/ptm/b/n/10 /plugs/new \T1/ptm/m/n/10 and gen-er-ates an empty
 []


Underfull \hbox (badness 10000) in paragraph at lines 4381--4383
[]\T1/ptm/m/n/10 This is a sub-class of PlugEventsList and re-turns as con-text
_object_name plug_events_list to
 []

[44] [45] [46] [47] [48]
Chapter 8.
[49

] [50

] [51


]
("C:\Documents and Settings\Dave Bridges\My Documents\Source\mousedb\src\moused
b\Docs\build\latex\MouseDB.ind" [52


]
Underfull \hbox (badness 10000) in paragraph at lines 44--45
[]\T1/ptm/m/n/10 breeding_female_location_type()
 []


Underfull \hbox (badness 10000) in paragraph at lines 44--45
\T1/ptm/m/n/10 (mousedb.animal.models.Animal method),
 []


Underfull \hbox (badness 10000) in paragraph at lines 46--47
[]\T1/ptm/m/n/10 breeding_male_location_type()
 []


Underfull \hbox (badness 10000) in paragraph at lines 46--47
\T1/ptm/m/n/10 (mousedb.animal.models.Animal method),
 []


Underfull \hbox (badness 10000) in paragraph at lines 47--48
[]\T1/ptm/m/n/10 breeding_males (mousedb.animal.models.Animal at-
 []


Underfull \hbox (badness 10000) in paragraph at lines 48--49
[]\T1/ptm/m/n/10 breeding_plugevent() (in mod-ule
 []


Underfull \hbox (badness 10000) in paragraph at lines 61--62
[]\T1/ptm/m/n/10 BreedingListTimedMating (class in
 []


Underfull \hbox (badness 10000) in paragraph at lines 63--64
[]\T1/ptm/m/n/10 BreedingPlugForm (class in
 []


Underfull \hbox (badness 10000) in paragraph at lines 64--65
[]\T1/ptm/m/n/10 BreedingPlugForm.Meta (class in
 []

[53

]
Underfull \hbox (badness 10000) in paragraph at lines 82--83
[]\T1/ptm/m/n/10 dispatch() (mousedb.animal.views.AnimalCreate
 []


Underfull \hbox (badness 10000) in paragraph at lines 83--84
[]\T1/ptm/m/n/10 dispatch() (mousedb.animal.views.AnimalDelete
 []


Underfull \hbox (badness 10000) in paragraph at lines 86--87
[]\T1/ptm/m/n/10 dispatch() (mousedb.animal.views.AnimalUpdate
 []


Underfull \hbox (badness 10000) in paragraph at lines 87--88
[]\T1/ptm/m/n/10 dispatch() (mousedb.animal.views.AnimalYearArchive
 []


Underfull \hbox (badness 10000) in paragraph at lines 88--89
[]\T1/ptm/m/n/10 dispatch() (mousedb.animal.views.BreedingCreate
 []


Underfull \hbox (badness 10000) in paragraph at lines 89--90
[]\T1/ptm/m/n/10 dispatch() (mousedb.animal.views.BreedingDelete
 []


Underfull \hbox (badness 10000) in paragraph at lines 90--91
[]\T1/ptm/m/n/10 dispatch() (mousedb.animal.views.BreedingUpdate
 []


Underfull \hbox (badness 10000) in paragraph at lines 96--97
[]\T1/ptm/m/n/10 dispatch() (mousedb.views.RestrictedCreateView
 []


Underfull \hbox (badness 10000) in paragraph at lines 97--98
[]\T1/ptm/m/n/10 dispatch() (mousedb.views.RestrictedDeleteView
 []


Underfull \hbox (badness 10000) in paragraph at lines 98--99
[]\T1/ptm/m/n/10 dispatch() (mousedb.views.RestrictedUpdateView
 []


Underfull \hbox (badness 5711) in paragraph at lines 109--110
[]\T1/ptm/m/n/10 environment_set (mousedb.data.models.Researcher at-
 []


Underfull \hbox (badness 10000) in paragraph at lines 111--112
[]\T1/ptm/m/n/10 experiment (mousedb.data.models.Measurement at-
 []


Underfull \hbox (badness 10000) in paragraph at lines 116--117
[]\T1/ptm/m/n/10 experiment_details_csv() (in mod-ule
 []


Underfull \hbox (badness 10000) in paragraph at lines 118--119
[]\T1/ptm/m/n/10 experiment_set (mousedb.data.models.Researcher at-
 []


Underfull \hbox (badness 10000) in paragraph at lines 128--129
[]\T1/ptm/m/n/10 form_class (mousedb.animal.views.AnimalCreate at-
 []


Underfull \hbox (badness 10000) in paragraph at lines 129--130
[]\T1/ptm/m/n/10 form_class (mousedb.animal.views.AnimalUpdate
 []


Underfull \hbox (badness 10000) in paragraph at lines 136--137
[]\T1/ptm/m/n/10 get_absolute_url() (mousedb.animal.models.Animal
 []


Underfull \hbox (badness 10000) in paragraph at lines 137--138
[]\T1/ptm/m/n/10 get_absolute_url() (mousedb.animal.models.Breeding
 []


Underfull \hbox (badness 10000) in paragraph at lines 138--139
[]\T1/ptm/m/n/10 get_absolute_url() (mousedb.animal.models.Strain
 []


Underfull \hbox (badness 10000) in paragraph at lines 139--140
[]\T1/ptm/m/n/10 get_absolute_url() (mousedb.data.models.Experiment
 []


Underfull \hbox (badness 10000) in paragraph at lines 140--141
[]\T1/ptm/m/n/10 get_absolute_url() (mousedb.data.models.Measurement
 []


Underfull \hbox (badness 10000) in paragraph at lines 142--143
[]\T1/ptm/m/n/10 get_absolute_url() (mousedb.data.models.Treatment
 []


Overfull \hbox (21.73993pt too wide) in paragraph at lines 143--144
[]\T1/ptm/m/n/10 get_absolute_url() (mousedb.timed_mating.models.PlugEvents
 []


Underfull \hbox (badness 10000) in paragraph at lines 144--145
[]\T1/ptm/m/n/10 get_Background_display()
 []


Underfull \hbox (badness 10000) in paragraph at lines 144--145
\T1/ptm/m/n/10 (mousedb.animal.models.Animal method),
 []

[54]
Underfull \hbox (badness 10000) in paragraph at lines 145--146
[]\T1/ptm/m/n/10 get_background_display()
 []


Underfull \hbox (badness 10000) in paragraph at lines 146--147
[]\T1/ptm/m/n/10 get_Cause_of_Death_display()
 []


Underfull \hbox (badness 10000) in paragraph at lines 146--147
\T1/ptm/m/n/10 (mousedb.animal.models.Animal method),
 []


Underfull \hbox (badness 10000) in paragraph at lines 147--148
[]\T1/ptm/m/n/10 get_contact_title_display()
 []


Underfull \hbox (badness 10000) in paragraph at lines 147--148
\T1/ptm/m/n/10 (mousedb.groups.models.Group method),
 []


Overfull \hbox (11.06987pt too wide) in paragraph at lines 148--149
[]\T1/ptm/m/n/10 get_context_data() (mousedb.animal.views.AnimalListAlive
 []


Overfull \hbox (8.6899pt too wide) in paragraph at lines 150--151
[]\T1/ptm/m/n/10 get_context_data() (mousedb.animal.views.BreedingListAll
 []


Overfull \hbox (50.55948pt too wide) in paragraph at lines 151--152
[]\T1/ptm/m/n/10 get_context_data() (mousedb.animal.views.BreedingListTimedMati
ng
 []


Underfull \hbox (badness 10000) in paragraph at lines 152--153
[]\T1/ptm/m/n/10 get_context_data() (mousedb.animal.views.StrainDetail
 []


Overfull \hbox (4.79973pt too wide) in paragraph at lines 153--154
[]\T1/ptm/m/n/10 get_context_data() (mousedb.animal.views.StrainDetailAll
 []


Underfull \hbox (badness 10000) in paragraph at lines 154--155
[]\T1/ptm/m/n/10 get_context_data() (mousedb.animal.views.StrainList
 []


Overfull \hbox (9.09998pt too wide) in paragraph at lines 155--156
[]\T1/ptm/m/n/10 get_Crosstype_display() (mousedb.animal.models.Breeding
 []


Underfull \hbox (badness 10000) in paragraph at lines 156--157
[]\T1/ptm/m/n/10 get_feeding_state_display()
 []


Underfull \hbox (badness 10000) in paragraph at lines 157--158
[]\T1/ptm/m/n/10 get_Gender_display() (mousedb.animal.models.Animal
 []


Overfull \hbox (1.32016pt too wide) in paragraph at lines 158--159
[]\T1/ptm/m/n/10 get_Genotype_display() (mousedb.animal.models.Animal
 []


Overfull \hbox (5.76025pt too wide) in paragraph at lines 159--160
[]\T1/ptm/m/n/10 get_genotype_display() (mousedb.animal.models.Breeding
 []


Overfull \hbox (3.54pt too wide) in paragraph at lines 160--161
[]\T1/ptm/m/n/10 get_injection_display() (mousedb.data.models.Experiment
 []


Overfull \hbox (5.74998pt too wide) in paragraph at lines 161--162
[]\T1/ptm/m/n/10 get_mode_display() (mousedb.data.models.Pharmaceutical
 []


Underfull \hbox (badness 10000) in paragraph at lines 162--163
[]\T1/ptm/m/n/10 get_next_by_date() (mousedb.data.models.Experiment
 []


Overfull \hbox (46.59003pt too wide) in paragraph at lines 163--164
[]\T1/ptm/m/n/10 get_next_by_PlugDate() (mousedb.timed_mating.models.PlugEvents

 []


Underfull \hbox (badness 10000) in paragraph at lines 164--166
[]\T1/ptm/m/n/10 get_next_by_transplant_date()
 []


Underfull \hbox (badness 10000) in paragraph at lines 164--166
\T1/ptm/m/n/10 (mousedb.data.models.Transplantation
 []


Underfull \hbox (badness 10000) in paragraph at lines 166--167
[]\T1/ptm/m/n/10 get_ordering_display() (mousedb.data.models.Vendor
 []


Overfull \hbox (5.50038pt too wide) in paragraph at lines 167--168
[]\T1/ptm/m/n/10 get_previous_by_date() (mousedb.data.models.Experiment
 []


Underfull \hbox (badness 10000) in paragraph at lines 168--170
[]\T1/ptm/m/n/10 get_previous_by_PlugDate()
 []


Underfull \hbox (badness 10000) in paragraph at lines 168--170
\T1/ptm/m/n/10 (mousedb.timed_mating.models.PlugEvents
 []


Underfull \hbox (badness 10000) in paragraph at lines 170--172
[]\T1/ptm/m/n/10 get_previous_by_transplant_date()
 []


Underfull \hbox (badness 10000) in paragraph at lines 170--172
\T1/ptm/m/n/10 (mousedb.data.models.Transplantation
 []


Overfull \hbox (39.8195pt too wide) in paragraph at lines 172--173
[]\T1/ptm/m/n/10 get_queryset() (mousedb.timed_mating.views.PlugEventsListStrai
n
 []


Underfull \hbox (badness 5119) in paragraph at lines 190--191
[]\T1/ptm/m/n/10 implantation_set (mousedb.data.models.Researcher at-
 []


Underfull \hbox (badness 10000) in paragraph at lines 191--192
[]\T1/ptm/m/n/10 implantation_set (mousedb.data.models.Vendor at-
 []


Underfull \hbox (badness 10000) in paragraph at lines 206--207
[]\T1/ptm/m/n/10 male_breeding_location_type()
 []


Overfull \hbox (12.47006pt too wide) in paragraph at lines 207--208
[]\T1/ptm/m/n/10 mark_deactivated() (mousedb.animal.admin.BreedingAdmin
 []


Underfull \hbox (badness 6792) in paragraph at lines 212--213
[]\T1/ptm/m/n/10 measurement_set (mousedb.animal.models.Animal at-
 []

[55]
Underfull \hbox (badness 10000) in paragraph at lines 220--221
[]\T1/ptm/m/n/10 media (mousedb.animal.admin.BreedingAdmin at-
 []


Overfull \hbox (16.17973pt too wide) in paragraph at lines 225--226
[]\T1/ptm/m/n/10 media (mousedb.animal.forms.MultipleBreedingAnimalForm
 []


Underfull \hbox (badness 6141) in paragraph at lines 228--229
[]\T1/ptm/m/n/10 media (mousedb.data.forms.StudyExperimentForm at-
 []


Underfull \hbox (badness 10000) in paragraph at lines 236--237
[]\T1/ptm/m/n/10 model (mousedb.animal.forms.AnimalForm.Meta at-
 []


Overfull \hbox (3.1298pt too wide) in paragraph at lines 238--239
[]\T1/ptm/m/n/10 model (mousedb.animal.forms.MultipleAnimalForm.Meta
 []


Overfull \hbox (39.78946pt too wide) in paragraph at lines 239--240
[]\T1/ptm/m/n/10 model (mousedb.animal.forms.MultipleBreedingAnimalForm.Meta
 []


Underfull \hbox (badness 6792) in paragraph at lines 246--247
[]\T1/ptm/m/n/10 model (mousedb.animal.views.AnimalYearArchive at-
 []


Underfull \hbox (badness 10000) in paragraph at lines 250--251
[]\T1/ptm/m/n/10 model (mousedb.animal.views.BreedingUpdate at-
 []


Underfull \hbox (badness 5726) in paragraph at lines 255--256
[]\T1/ptm/m/n/10 model (mousedb.data.forms.ExperimentForm.Meta at-
 []


Underfull \hbox (badness 10000) in paragraph at lines 259--260
[]\T1/ptm/m/n/10 model (mousedb.data.forms.TreatmentForm.Meta at-
 []


Overfull \hbox (22.01997pt too wide) in paragraph at lines 260--261
[]\T1/ptm/m/n/10 model (mousedb.timed_mating.forms.BreedingPlugForm.Meta
 []


Underfull \hbox (badness 5446) in paragraph at lines 261--262
[]\T1/ptm/m/n/10 model (mousedb.timed_mating.views.PlugEventsCreate
 []


Underfull \hbox (badness 5446) in paragraph at lines 262--263
[]\T1/ptm/m/n/10 model (mousedb.timed_mating.views.PlugEventsDelete
 []


Underfull \hbox (badness 10000) in paragraph at lines 263--264
[]\T1/ptm/m/n/10 model (mousedb.timed_mating.views.PlugEventsDetail
 []

[56]
Underfull \hbox (badness 10000) in paragraph at lines 298--299
[]\T1/ptm/m/n/10 multiple_breeding_pups() (in mod-ule
 []


Underfull \hbox (badness 10000) in paragraph at lines 301--302
[]\T1/ptm/m/n/10 MultipleAnimalForm.Meta (class in
 []


Underfull \hbox (badness 10000) in paragraph at lines 302--303
[]\T1/ptm/m/n/10 MultipleBreedingAnimalForm (class in
 []


Underfull \hbox (badness 10000) in paragraph at lines 303--304
[]\T1/ptm/m/n/10 MultipleBreedingAnimalForm.Meta (class in
 []


Underfull \hbox (badness 10000) in paragraph at lines 313--314
[]\T1/ptm/m/n/10 pharmaceutical (mousedb.data.models.Treatment at-
 []


Underfull \hbox (badness 10000) in paragraph at lines 316--317
[]\T1/ptm/m/n/10 pharmaceutical_set (mousedb.data.models.Vendor
 []


Underfull \hbox (badness 10000) in paragraph at lines 320--321
[]\T1/ptm/m/n/10 plugevents_set (mousedb.animal.models.Breeding
 []


Underfull \hbox (badness 10000) in paragraph at lines 321--322
[]\T1/ptm/m/n/10 PlugEventsAdmin (class in
 []


Underfull \hbox (badness 10000) in paragraph at lines 322--323
[]\T1/ptm/m/n/10 PlugEventsCreate (class in
 []


Underfull \hbox (badness 10000) in paragraph at lines 323--324
[]\T1/ptm/m/n/10 PlugEventsDelete (class in
 []


Underfull \hbox (badness 10000) in paragraph at lines 324--325
[]\T1/ptm/m/n/10 PlugEventsDetail (class in
 []


Underfull \hbox (badness 10000) in paragraph at lines 326--327
[]\T1/ptm/m/n/10 PlugEventsListStrain (class in
 []


Underfull \hbox (badness 10000) in paragraph at lines 327--328
[]\T1/ptm/m/n/10 PlugEventsUpdate (class in
 []


Underfull \hbox (badness 10000) in paragraph at lines 338--339
[]\T1/ptm/m/n/10 Researcher (mousedb.timed_mating.models.PlugEvents
 []


Underfull \hbox (badness 10000) in paragraph at lines 352--353
[]\T1/ptm/m/n/10 save() (mousedb.timed_mating.models.PlugEvents
 []


Underfull \hbox (badness 10000) in paragraph at lines 353--354
[]\T1/ptm/m/n/10 setUp() (mousedb.animal.tests.AnimalModelTests
 []


Underfull \hbox (badness 10000) in paragraph at lines 354--355
[]\T1/ptm/m/n/10 setUp() (mousedb.animal.tests.AnimalViewTests
 []


Underfull \hbox (badness 10000) in paragraph at lines 355--356
[]\T1/ptm/m/n/10 setUp() (mousedb.animal.tests.BreedingModelTests
 []


Underfull \hbox (badness 10000) in paragraph at lines 356--357
[]\T1/ptm/m/n/10 setUp() (mousedb.animal.tests.BreedingViewTests
 []


Underfull \hbox (badness 10000) in paragraph at lines 359--360
[]\T1/ptm/m/n/10 setUp() (mousedb.animal.tests.StrainModelTests
 []


Underfull \hbox (badness 10000) in paragraph at lines 364--365
[]\T1/ptm/m/n/10 setUp() (mousedb.data.tests.TreatmentViewTests
 []


Underfull \hbox (badness 10000) in paragraph at lines 365--366
[]\T1/ptm/m/n/10 setUp() (mousedb.groups.tests.GroupsModelTests
 []

[57]
Overfull \hbox (28.05936pt too wide) in paragraph at lines 367--368
[]\T1/ptm/m/n/10 setUp() (mousedb.timed_mating.tests.Timed_MatingModelTests
 []


Overfull \hbox (22.75941pt too wide) in paragraph at lines 368--369
[]\T1/ptm/m/n/10 setUp() (mousedb.timed_mating.tests.Timed_MatingViewTests
 []


Underfull \hbox (badness 10000) in paragraph at lines 392--393
[]\T1/ptm/m/n/10 StudyExperimentForm.Meta (class in
 []


Underfull \hbox (badness 10000) in paragraph at lines 402--403
[]\T1/ptm/m/n/10 tearDown() (mousedb.animal.tests.AnimalModelTests
 []


Underfull \hbox (badness 10000) in paragraph at lines 403--404
[]\T1/ptm/m/n/10 tearDown() (mousedb.animal.tests.AnimalViewTests
 []


Underfull \hbox (badness 10000) in paragraph at lines 404--405
[]\T1/ptm/m/n/10 tearDown() (mousedb.animal.tests.BreedingModelTests
 []


Underfull \hbox (badness 10000) in paragraph at lines 405--406
[]\T1/ptm/m/n/10 tearDown() (mousedb.animal.tests.BreedingViewTests
 []


Underfull \hbox (badness 10000) in paragraph at lines 406--407
[]\T1/ptm/m/n/10 tearDown() (mousedb.animal.tests.CageViewTests
 []


Underfull \hbox (badness 10000) in paragraph at lines 407--408
[]\T1/ptm/m/n/10 tearDown() (mousedb.animal.tests.DateViewTests
 []


Underfull \hbox (badness 10000) in paragraph at lines 408--409
[]\T1/ptm/m/n/10 tearDown() (mousedb.animal.tests.StrainModelTests
 []


Underfull \hbox (badness 10000) in paragraph at lines 409--410
[]\T1/ptm/m/n/10 tearDown() (mousedb.animal.tests.StrainViewTests
 []


Underfull \hbox (badness 10000) in paragraph at lines 410--411
[]\T1/ptm/m/n/10 tearDown() (mousedb.animal.tests.ToDoViewTests
 []


Underfull \hbox (badness 10000) in paragraph at lines 411--412
[]\T1/ptm/m/n/10 tearDown() (mousedb.data.tests.StudyModelTests
 []


Underfull \hbox (badness 10000) in paragraph at lines 412--413
[]\T1/ptm/m/n/10 tearDown() (mousedb.data.tests.StudyViewTests
 []


Underfull \hbox (badness 10000) in paragraph at lines 413--414
[]\T1/ptm/m/n/10 tearDown() (mousedb.data.tests.TreatmentViewTests
 []


Underfull \hbox (badness 10000) in paragraph at lines 414--415
[]\T1/ptm/m/n/10 tearDown() (mousedb.groups.tests.GroupsModelTests
 []


Overfull \hbox (43.90933pt too wide) in paragraph at lines 416--417
[]\T1/ptm/m/n/10 tearDown() (mousedb.timed_mating.tests.Timed_MatingModelTests
 []


Overfull \hbox (38.60939pt too wide) in paragraph at lines 417--418
[]\T1/ptm/m/n/10 tearDown() (mousedb.timed_mating.tests.Timed_MatingViewTests
 []


Overfull \hbox (16.42908pt too wide) in paragraph at lines 418--419
[]\T1/ptm/m/n/10 test_animal_delete() (mousedb.animal.tests.AnimalViewTests
 []


Overfull \hbox (14.76903pt too wide) in paragraph at lines 419--420
[]\T1/ptm/m/n/10 test_animal_detail() (mousedb.animal.tests.AnimalViewTests
 []


Overfull \hbox (7.5492pt too wide) in paragraph at lines 420--421
[]\T1/ptm/m/n/10 test_animal_edit() (mousedb.animal.tests.AnimalViewTests
 []


Overfull \hbox (4.77904pt too wide) in paragraph at lines 421--422
[]\T1/ptm/m/n/10 test_animal_list() (mousedb.animal.tests.AnimalViewTests
 []


Overfull \hbox (19.77876pt too wide) in paragraph at lines 422--423
[]\T1/ptm/m/n/10 test_animal_list_all() (mousedb.animal.tests.AnimalViewTests
 []


Overfull \hbox (8.95938pt too wide) in paragraph at lines 423--424
[]\T1/ptm/m/n/10 test_animal_new() (mousedb.animal.tests.AnimalViewTests
 []


Overfull \hbox (29.50919pt too wide) in paragraph at lines 424--425
[]\T1/ptm/m/n/10 test_animal_unicode() (mousedb.animal.tests.AnimalModelTests
 []


Overfull \hbox (5.45967pt too wide) in paragraph at lines 425--426
[]\T1/ptm/m/n/10 test_archive_home() (mousedb.animal.tests.DateViewTests
 []


Overfull \hbox (8.79962pt too wide) in paragraph at lines 426--427
[]\T1/ptm/m/n/10 test_archive_month() (mousedb.animal.tests.DateViewTests
 []


Underfull \hbox (badness 10000) in paragraph at lines 428--430
[]\T1/ptm/m/n/10 test_autoset_active_state()
 []


Underfull \hbox (badness 10000) in paragraph at lines 428--430
\T1/ptm/m/n/10 (mousedb.animal.tests.BreedingModelTests
 []


Overfull \hbox (30.85931pt too wide) in paragraph at lines 430--431
[]\T1/ptm/m/n/10 test_breeding_delete() (mousedb.animal.tests.BreedingViewTests

 []


Overfull \hbox (29.19926pt too wide) in paragraph at lines 431--432
[]\T1/ptm/m/n/10 test_breeding_detail() (mousedb.animal.tests.BreedingViewTests

 []


Overfull \hbox (21.97943pt too wide) in paragraph at lines 432--433
[]\T1/ptm/m/n/10 test_breeding_edit() (mousedb.animal.tests.BreedingViewTests
 []


Overfull \hbox (19.20927pt too wide) in paragraph at lines 433--434
[]\T1/ptm/m/n/10 test_breeding_list() (mousedb.animal.tests.BreedingViewTests
 []


Overfull \hbox (34.209pt too wide) in paragraph at lines 434--435
[]\T1/ptm/m/n/10 test_breeding_list_all() (mousedb.animal.tests.BreedingViewTes
ts
 []


Overfull \hbox (23.38962pt too wide) in paragraph at lines 435--436
[]\T1/ptm/m/n/10 test_breeding_new() (mousedb.animal.tests.BreedingViewTests
 []


Underfull \hbox (badness 10000) in paragraph at lines 436--438
[]\T1/ptm/m/n/10 test_breeding_plugevent_new()
 []


Overfull \hbox (30.86978pt too wide) in paragraph at lines 436--438
\T1/ptm/m/n/10 (mousedb.timed_mating.tests.Timed_MatingViewTests
 []

[58]
Underfull \hbox (badness 10000) in paragraph at lines 439--440
[]\T1/ptm/m/n/10 test_cage_list() (mousedb.animal.tests.CageViewTests
 []


Underfull \hbox (badness 10000) in paragraph at lines 440--442
[]\T1/ptm/m/n/10 test_create_animal_minimal()
 []


Underfull \hbox (badness 10000) in paragraph at lines 440--442
\T1/ptm/m/n/10 (mousedb.animal.tests.AnimalModelTests
 []


Underfull \hbox (badness 10000) in paragraph at lines 442--444
[]\T1/ptm/m/n/10 test_create_breeding_minimal()
 []


Underfull \hbox (badness 10000) in paragraph at lines 442--444
\T1/ptm/m/n/10 (mousedb.animal.tests.BreedingModelTests
 []


Underfull \hbox (badness 10000) in paragraph at lines 444--446
[]\T1/ptm/m/n/10 test_create_group_all_fields()
 []


Underfull \hbox (badness 10000) in paragraph at lines 444--446
\T1/ptm/m/n/10 (mousedb.groups.tests.GroupsModelTests
 []


Underfull \hbox (badness 10000) in paragraph at lines 446--448
[]\T1/ptm/m/n/10 test_create_group_minimal()
 []


Underfull \hbox (badness 10000) in paragraph at lines 446--448
\T1/ptm/m/n/10 (mousedb.groups.tests.GroupsModelTests
 []


Underfull \hbox (badness 10000) in paragraph at lines 448--450
[]\T1/ptm/m/n/10 test_create_license_all_fields()
 []


Underfull \hbox (badness 10000) in paragraph at lines 448--450
\T1/ptm/m/n/10 (mousedb.groups.tests.GroupsModelTests
 []


Underfull \hbox (badness 10000) in paragraph at lines 450--452
[]\T1/ptm/m/n/10 test_create_license_minimal()
 []


Underfull \hbox (badness 10000) in paragraph at lines 450--452
\T1/ptm/m/n/10 (mousedb.groups.tests.GroupsModelTests
 []


Underfull \hbox (badness 10000) in paragraph at lines 452--454
[]\T1/ptm/m/n/10 test_create_plugevent_minimal()
 []


Overfull \hbox (36.16972pt too wide) in paragraph at lines 452--454
\T1/ptm/m/n/10 (mousedb.timed_mating.tests.Timed_MatingModelTests
 []


Underfull \hbox (badness 10000) in paragraph at lines 454--456
[]\T1/ptm/m/n/10 test_create_plugevent_most_fields()
 []


Overfull \hbox (36.16972pt too wide) in paragraph at lines 454--456
\T1/ptm/m/n/10 (mousedb.timed_mating.tests.Timed_MatingModelTests
 []


Overfull \hbox (25.6088pt too wide) in paragraph at lines 456--457
[]\T1/ptm/m/n/10 test_create_strain_all() (mousedb.animal.tests.StrainModelTest
s
 []


Underfull \hbox (badness 10000) in paragraph at lines 457--459
[]\T1/ptm/m/n/10 test_create_strain_minimal()
 []


Underfull \hbox (badness 10000) in paragraph at lines 457--459
\T1/ptm/m/n/10 (mousedb.animal.tests.StrainModelTests
 []


Underfull \hbox (badness 10000) in paragraph at lines 459--461
[]\T1/ptm/m/n/10 test_create_studey_detailed()
 []


Underfull \hbox (badness 10000) in paragraph at lines 461--462
[]\T1/ptm/m/n/10 test_create_study_minimal()
 []


Overfull \hbox (5.6196pt too wide) in paragraph at lines 462--463
[]\T1/ptm/m/n/10 test_duration() (mousedb.animal.tests.BreedingModelTests
 []


Overfull \hbox (6.74968pt too wide) in paragraph at lines 464--465
[]\T1/ptm/m/n/10 test_genotype_list() (mousedb.animal.tests.ToDoViewTests
 []


Overfull \hbox (3.40973pt too wide) in paragraph at lines 467--468
[]\T1/ptm/m/n/10 test_no_cage_list() (mousedb.animal.tests.ToDoViewTests
 []


Overfull \hbox (2.29974pt too wide) in paragraph at lines 468--469
[]\T1/ptm/m/n/10 test_no_rack_list() (mousedb.animal.tests.ToDoViewTests
 []


Overfull \hbox (86.23871pt too wide) in paragraph at lines 469--471
[]\T1/ptm/m/n/10 test_plugevent_delete() (mousedb.timed_mating.tests.Timed_Mati
ngViewTests
 []


Overfull \hbox (84.57866pt too wide) in paragraph at lines 471--473
[]\T1/ptm/m/n/10 test_plugevent_detail() (mousedb.timed_mating.tests.Timed_Mati
ngViewTests
 []


Overfull \hbox (77.35883pt too wide) in paragraph at lines 473--475
[]\T1/ptm/m/n/10 test_plugevent_edit() (mousedb.timed_mating.tests.Timed_Mating
ViewTests
 []


Overfull \hbox (74.58867pt too wide) in paragraph at lines 475--477
[]\T1/ptm/m/n/10 test_plugevent_list() (mousedb.timed_mating.tests.Timed_Mating
ViewTests
 []


Underfull \hbox (badness 10000) in paragraph at lines 477--479
[]\T1/ptm/m/n/10 test_plugevent_list_strain()
 []


Overfull \hbox (30.86978pt too wide) in paragraph at lines 477--479
\T1/ptm/m/n/10 (mousedb.timed_mating.tests.Timed_MatingViewTests
 []


Overfull \hbox (78.76901pt too wide) in paragraph at lines 479--481
[]\T1/ptm/m/n/10 test_plugevent_new() (mousedb.timed_mating.tests.Timed_MatingV
iewTests
 []


Underfull \hbox (badness 10000) in paragraph at lines 481--483
[]\T1/ptm/m/n/10 test_set_plugevent_inactive()
 []


Overfull \hbox (36.16972pt too wide) in paragraph at lines 481--483
\T1/ptm/m/n/10 (mousedb.timed_mating.tests.Timed_MatingModelTests
 []


Underfull \hbox (badness 10000) in paragraph at lines 483--485
[]\T1/ptm/m/n/10 test_strain_absolute_url()
 []


Underfull \hbox (badness 10000) in paragraph at lines 483--485
\T1/ptm/m/n/10 (mousedb.animal.tests.StrainModelTests
 []


Overfull \hbox (5.31912pt too wide) in paragraph at lines 485--486
[]\T1/ptm/m/n/10 test_strain_delete() (mousedb.animal.tests.StrainViewTests
 []


Overfull \hbox (3.65907pt too wide) in paragraph at lines 486--487
[]\T1/ptm/m/n/10 test_strain_detail() (mousedb.animal.tests.StrainViewTests
 []


Overfull \hbox (18.6588pt too wide) in paragraph at lines 487--488
[]\T1/ptm/m/n/10 test_strain_detail_all() (mousedb.animal.tests.StrainViewTests

 []


Underfull \hbox (badness 5563) in paragraph at lines 489--490
[]\T1/ptm/m/n/10 test_strain_list() (mousedb.animal.tests.StrainViewTests
 []


Overfull \hbox (18.39923pt too wide) in paragraph at lines 491--492
[]\T1/ptm/m/n/10 test_strain_unicode() (mousedb.animal.tests.StrainModelTests
 []


Underfull \hbox (badness 10000) in paragraph at lines 492--494
[]\T1/ptm/m/n/10 test_study_absolute_url()
 []


Underfull \hbox (badness 10000) in paragraph at lines 492--494
\T1/ptm/m/n/10 (mousedb.animal.tests.BreedingModelTests
 []


Underfull \hbox (badness 10000) in paragraph at lines 494--495
[]\T1/ptm/m/n/10 test_study_absolute_url()
 []


Underfull \hbox (badness 5592) in paragraph at lines 495--496
[]\T1/ptm/m/n/10 test_study_delete() (mousedb.data.tests.StudyViewTests
 []


Underfull \hbox (badness 10000) in paragraph at lines 496--497
[]\T1/ptm/m/n/10 test_study_detail() (mousedb.data.tests.StudyViewTests
 []


Underfull \hbox (badness 10000) in paragraph at lines 497--498
[]\T1/ptm/m/n/10 test_study_edit() (mousedb.data.tests.StudyViewTests
 []


Underfull \hbox (badness 10000) in paragraph at lines 498--499
[]\T1/ptm/m/n/10 test_study_list() (mousedb.data.tests.StudyViewTests
 []


Underfull \hbox (badness 10000) in paragraph at lines 499--500
[]\T1/ptm/m/n/10 test_study_new() (mousedb.data.tests.StudyViewTests
 []


Overfull \hbox (39.77878pt too wide) in paragraph at lines 500--501
[]\T1/ptm/m/n/10 test_timed_mating_list() (mousedb.animal.tests.BreedingViewTes
ts
 []


Overfull \hbox (25.5089pt too wide) in paragraph at lines 502--503
[]\T1/ptm/m/n/10 test_treatment_detail() (mousedb.data.tests.TreatmentViewTests

 []

[59]
Overfull \hbox (12.82971pt too wide) in paragraph at lines 503--504
[]\T1/ptm/m/n/10 test_unweaned() (mousedb.animal.tests.BreedingModelTests
 []


Underfull \hbox (badness 10000) in paragraph at lines 504--505
[]\T1/ptm/m/n/10 test_wean_list() (mousedb.animal.tests.ToDoViewTests
 []


Underfull \hbox (badness 10000) in paragraph at lines 505--506
[]\T1/ptm/m/n/10 Timed_MatingModelTests (class in
 []


Underfull \hbox (badness 10000) in paragraph at lines 506--507
[]\T1/ptm/m/n/10 Timed_MatingViewTests (class in
 []


Underfull \hbox (badness 10000) in paragraph at lines 510--511
[]\T1/ptm/m/n/10 transplantation (mousedb.data.models.Treatment at-
 []


Underfull \hbox (badness 10000) in paragraph at lines 520--521
[]\T1/ptm/m/n/10 treatment_set (mousedb.data.models.Environment at-
 []


Underfull \hbox (badness 10000) in paragraph at lines 521--522
[]\T1/ptm/m/n/10 treatment_set (mousedb.data.models.Implantation at-
 []


Underfull \hbox (badness 10000) in paragraph at lines 523--524
[]\T1/ptm/m/n/10 treatment_set (mousedb.data.models.Researcher at-
 []

[60])
Package atveryend Info: Empty hook `BeforeClearDocument' on input line 4903.
Package atveryend Info: Empty hook `AfterLastShipout' on input line 4903.

("C:\Documents and Settings\Dave Bridges\My Documents\Source\mousedb\src\moused
b\Docs\build\latex\MouseDB.aux")
Package atveryend Info: Executing hook `AtVeryEndDocument' on input line 4903.
Package rerunfilecheck Info: File `MouseDB.out' has not changed.
(rerunfilecheck)             Checksum: 004BB56B6C3C3E64608EE71AA88CAFA7;2382.
 ) 
Here is how much of TeX's memory you used:
 9678 strings out of 495286
 152244 string characters out of 3180342
 232694 words of memory out of 3000000
 12021 multiletter control sequences out of 15000+200000
 56831 words of font info for 64 fonts, out of 3000000 for 9000
 15 hyphenation exceptions out of 8191
 38i,12n,49p,884b,539s stack positions out of 5000i,500n,10000p,200000b,50000s
{C:/Program Files/MiKTeX 2.8/fonts/enc/dvips/fontname/8r.enc}<C:/Program File
s/MiKTeX 2.8/fonts/type1/urw/courier/ucrb8a.pfb><C:/Program Files/MiKTeX 2.8/fo
nts/type1/urw/courier/ucrr8a.pfb><C:/Program Files/MiKTeX 2.8/fonts/type1/urw/h
elvetic/uhvb8a.pfb><C:/Program Files/MiKTeX 2.8/fonts/type1/urw/helvetic/uhvbo8
a.pfb><C:/Program Files/MiKTeX 2.8/fonts/type1/urw/helvetic/uhvr8a.pfb><C:/Prog
ram Files/MiKTeX 2.8/fonts/type1/urw/times/utmb8a.pfb><C:/Program Files/MiKTeX 
2.8/fonts/type1/urw/times/utmr8a.pfb><C:/Program Files/MiKTeX 2.8/fonts/type1/u
rw/times/utmri8a.pfb>
Output written on MouseDB.pdf (64 pages, 409103 bytes).
PDF statistics:
 1716 PDF objects out of 1728 (max. 8388607)
 637 named destinations out of 1000 (max. 500000)
 305 words of extra memory for PDF output out of 10000 (max. 10000000)

