\BOOKMARK [0][-]{chapter.1}{MouseDB Concepts}{}% 1
\BOOKMARK [1][-]{section.1.1}{Animal Module}{chapter.1}% 2
\BOOKMARK [1][-]{section.1.2}{Data Module}{chapter.1}% 3
\BOOKMARK [1][-]{section.1.3}{Timed Matings Module}{chapter.1}% 4
\BOOKMARK [1][-]{section.1.4}{Groups Module}{chapter.1}% 5
\BOOKMARK [0][-]{chapter.2}{MouseDB Installation}{}% 6
\BOOKMARK [1][-]{section.2.1}{Configuration}{chapter.2}% 7
\BOOKMARK [1][-]{section.2.2}{Software Dependencies}{chapter.2}% 8
\BOOKMARK [1][-]{section.2.3}{Installation}{chapter.2}% 9
\BOOKMARK [1][-]{section.2.4}{Database Setup}{chapter.2}% 10
\BOOKMARK [1][-]{section.2.5}{Web Server Setup}{chapter.2}% 11
\BOOKMARK [1][-]{section.2.6}{Final Configuration and User Setup}{chapter.2}% 12
\BOOKMARK [1][-]{section.2.7}{Testing}{chapter.2}% 13
\BOOKMARK [0][-]{chapter.3}{Animal Data Entry}{}% 14
\BOOKMARK [1][-]{section.3.1}{Newborn Mice or Newly Weaned Mice}{chapter.3}% 15
\BOOKMARK [1][-]{section.3.2}{Newborn Mice}{chapter.3}% 16
\BOOKMARK [1][-]{section.3.3}{Weaning Mice}{chapter.3}% 17
\BOOKMARK [1][-]{section.3.4}{Cage Changes \(Not Weaning\)}{chapter.3}% 18
\BOOKMARK [1][-]{section.3.5}{Genotyping or Ear Tagging}{chapter.3}% 19
\BOOKMARK [1][-]{section.3.6}{Marking Mice as Dead}{chapter.3}% 20
\BOOKMARK [0][-]{chapter.4}{Studies and Experimental Setup}{}% 21
\BOOKMARK [0][-]{chapter.5}{Measurment Entry}{}% 22
\BOOKMARK [1][-]{section.5.1}{Studies}{chapter.5}% 23
\BOOKMARK [1][-]{section.5.2}{Experiment Details}{chapter.5}% 24
\BOOKMARK [1][-]{section.5.3}{Measurements}{chapter.5}% 25
\BOOKMARK [0][-]{chapter.6}{Automated Documentation}{}% 26
\BOOKMARK [1][-]{section.6.1}{Data Package}{chapter.6}% 27
\BOOKMARK [1][-]{section.6.2}{Animals Package}{chapter.6}% 28
\BOOKMARK [1][-]{section.6.3}{Timed Mating Package}{chapter.6}% 29
\BOOKMARK [1][-]{section.6.4}{Groups Package}{chapter.6}% 30
\BOOKMARK [0][-]{chapter.7}{Indices and tables}{}% 31
\BOOKMARK [0][-]{section*.114}{Python Module Index}{}% 32
\BOOKMARK [0][-]{section*.115}{Index}{}% 33
